2023-09-29 17:51:55.278 [info] 로그 수준: Info
2023-09-29 17:51:55.278 [info] "git"에서 찾은 git 유효성을 검사하는 중
2023-09-29 17:51:55.278 [info] "2.17.1"에서 git "git"을(를) 사용하는 중
2023-09-29 17:51:55.278 [info] > git rev-parse --show-toplevel [5ms]
2023-09-29 17:51:55.278 [info] > git rev-parse --git-dir --git-common-dir [1ms]
2023-09-29 17:51:55.278 [info] Open repository: /home/aa
2023-09-29 17:51:55.278 [info] > git rev-parse --show-toplevel [25ms]
2023-09-29 17:51:55.278 [info] > git rev-parse --show-toplevel [2ms]
2023-09-29 17:51:55.283 [info] > git config --get commit.template [17ms]
2023-09-29 17:51:55.311 [info] > git rev-parse --show-toplevel [29ms]
2023-09-29 17:51:55.321 [info] > git rev-parse --show-toplevel [6ms]
2023-09-29 17:51:55.333 [info] > git rev-parse --show-toplevel [8ms]
2023-09-29 17:51:55.338 [info] > git for-each-ref --format=%(refname)%00%(upstream:short)%00%(objectname)%00%(upstream:track)%00%(upstream:remotename)%00%(upstream:remoteref) refs/heads/khj refs/remotes/khj [17ms]
2023-09-29 17:51:55.343 [info] > git rev-parse --show-toplevel [6ms]
2023-09-29 17:51:55.348 [info] > git rev-parse --git-dir --git-common-dir [1ms]
2023-09-29 17:51:55.350 [info] Open repository: /home/aa/.oh-my-zsh
2023-09-29 17:51:55.360 [info] > git rev-parse --show-toplevel [6ms]
2023-09-29 17:51:55.366 [info] > git rev-parse --git-dir --git-common-dir [2ms]
2023-09-29 17:51:55.368 [info] Open repository: /home/aa/.pyenv
2023-09-29 17:51:55.373 [info] > git config --get commit.template [13ms]
2023-09-29 17:51:55.380 [info] > git rev-parse --show-toplevel [8ms]
2023-09-29 17:51:55.390 [info] > git rev-parse --show-toplevel [6ms]
2023-09-29 17:51:55.395 [info] > git config --get commit.template [18ms]
2023-09-29 17:51:55.397 [info] > git rev-parse --show-toplevel [3ms]
2023-09-29 17:51:55.400 [info] > git for-each-ref --format=%(refname)%00%(upstream:short)%00%(objectname)%00%(upstream:track)%00%(upstream:remotename)%00%(upstream:remoteref) refs/heads/master refs/remotes/master [12ms]
2023-09-29 17:51:55.409 [info] > git status -z -uall [5ms]
2023-09-29 17:51:55.409 [info] > git rev-parse --show-toplevel [9ms]
2023-09-29 17:51:55.414 [info] > git rev-parse --show-toplevel [1ms]
2023-09-29 17:51:55.418 [info] > git for-each-ref --format=%(refname)%00%(upstream:short)%00%(objectname)%00%(upstream:track)%00%(upstream:remotename)%00%(upstream:remoteref) refs/heads/master refs/remotes/master [9ms]
2023-09-29 17:51:55.431 [info] > git rev-parse --git-dir --git-common-dir [14ms]
2023-09-29 17:51:55.434 [info] Open repository: /home/aa/MathTool
2023-09-29 17:51:55.442 [info] > git status -z -uall [20ms]
2023-09-29 17:51:55.443 [info] > git rev-parse --show-toplevel [5ms]
2023-09-29 17:51:55.446 [info] > git config --get commit.template [15ms]
2023-09-29 17:51:55.458 [info] > git status -z -uall [116ms] (cancelled)
2023-09-29 17:51:55.459 [info] > git rev-parse --git-dir --git-common-dir [12ms]
2023-09-29 17:51:55.461 [info] Open repository: /home/aa/Yacht_Console
2023-09-29 17:51:55.466 [info] > git config --get commit.template [23ms]
2023-09-29 17:51:55.474 [info] > git rev-parse --show-toplevel [9ms]
2023-09-29 17:51:55.476 [info] > git config --get commit.template [19ms]
2023-09-29 17:51:55.482 [info] > git rev-parse --git-dir --git-common-dir [6ms]
2023-09-29 17:51:55.486 [info] Open repository: /home/aa/autojump
2023-09-29 17:51:55.491 [info] > git config --get commit.template [17ms]
2023-09-29 17:51:55.491 [info] > git for-each-ref --format=%(refname)%00%(upstream:short)%00%(objectname)%00%(upstream:track)%00%(upstream:remotename)%00%(upstream:remoteref) refs/heads/master refs/remotes/master [21ms]
2023-09-29 17:51:55.503 [info] > git status -z -uall [9ms]
2023-09-29 17:51:55.503 [info] > git rev-parse --show-toplevel [13ms]
2023-09-29 17:51:55.507 [info] > git for-each-ref --format=%(refname)%00%(upstream:short)%00%(objectname)%00%(upstream:track)%00%(upstream:remotename)%00%(upstream:remoteref) refs/heads/premium refs/remotes/premium [27ms]
2023-09-29 17:51:55.516 [info] > git status -z -uall [5ms]
2023-09-29 17:51:55.517 [info] > git rev-parse --show-toplevel [9ms]
2023-09-29 17:51:55.521 [info] > git config --get commit.template [18ms]
2023-09-29 17:51:55.522 [info] > git for-each-ref --format=%(refname)%00%(upstream:short)%00%(objectname)%00%(upstream:track)%00%(upstream:remotename)%00%(upstream:remoteref) refs/heads/master refs/remotes/master [22ms]
2023-09-29 17:51:55.542 [info] > git rev-parse --show-toplevel [21ms]
2023-09-29 17:51:55.546 [info] > git for-each-ref --format=%(refname)%00%(upstream:short)%00%(objectname)%00%(upstream:track)%00%(upstream:remotename)%00%(upstream:remoteref) refs/heads/main refs/remotes/main [31ms]
2023-09-29 17:51:55.559 [info] > git status -z -uall [34ms]
2023-09-29 17:51:55.559 [info] > git status -z -uall [11ms]
2023-09-29 17:51:55.562 [info] > git rev-parse --show-toplevel [15ms]
2023-09-29 17:51:55.568 [info] > git rev-parse --show-toplevel [3ms]
2023-09-29 17:51:55.571 [info] > git for-each-ref --format=%(refname)%00%(upstream:short)%00%(objectname)%00%(upstream:track)%00%(upstream:remotename)%00%(upstream:remoteref) refs/heads/master refs/remotes/master [14ms]
2023-09-29 17:51:55.594 [info] > git rev-parse --show-toplevel [23ms]
2023-09-29 17:51:55.602 [info] > git status -z -uall [27ms]
2023-09-29 17:51:55.602 [info] > git rev-parse --show-toplevel [5ms]
2023-09-29 17:51:55.608 [info] > git rev-parse --show-toplevel [3ms]
2023-09-29 17:51:55.613 [info] > git rev-parse --show-toplevel [2ms]
2023-09-29 17:51:55.617 [info] > git rev-parse --git-dir --git-common-dir [2ms]
2023-09-29 17:51:55.619 [info] Open repository: /home/aa/zsh-syntax-highlighting
2023-09-29 17:51:55.627 [info] > git rev-parse --show-toplevel [4ms]
2023-09-29 17:51:55.629 [info] > git config --get commit.template [4ms]
2023-09-29 17:51:55.634 [info] > git for-each-ref --format=%(refname)%00%(upstream:short)%00%(objectname)%00%(upstream:track)%00%(upstream:remotename)%00%(upstream:remoteref) refs/heads/master refs/remotes/master [1ms]
2023-09-29 17:51:55.640 [info] > git status -z -uall [3ms]
2023-09-29 17:51:55.761 [info] > git check-ignore -v -z --stdin [1ms]
