2023-08-07 17:16:57.500 [info] 로그 수준: Info
2023-08-07 17:16:57.500 [info] "git"에서 찾은 git 유효성을 검사하는 중
2023-08-07 17:16:57.500 [info] "2.17.1"에서 git "git"을(를) 사용하는 중
2023-08-07 17:16:57.500 [info] > git rev-parse --show-toplevel [30ms]
2023-08-07 17:16:57.500 [info] fatal: not a git repository (or any of the parent directories): .git
2023-08-07 17:16:57.500 [info] > git rev-parse --show-toplevel [12ms]
2023-08-07 17:16:57.500 [info] fatal: not a git repository (or any of the parent directories): .git
2023-08-07 17:16:57.500 [info] > git rev-parse --show-toplevel [2ms]
2023-08-07 17:16:57.500 [info] fatal: not a git repository (or any of the parent directories): .git
2023-08-07 17:16:58.741 [info] > git rev-parse --show-toplevel [147ms]
2023-08-07 17:16:58.741 [info] fatal: not a git repository (or any of the parent directories): .git
2023-08-07 17:17:07.065 [info] > git rev-parse --show-toplevel [2ms]
2023-08-07 17:17:07.065 [info] fatal: not a git repository (or any of the parent directories): .git
2023-08-07 17:17:39.949 [info] > git rev-parse --show-toplevel [2ms]
2023-08-07 17:17:39.949 [info] fatal: not a git repository (or any of the parent directories): .git
2023-08-07 17:20:58.751 [info] > git rev-parse --show-toplevel [5ms]
2023-08-07 17:20:58.751 [info] fatal: not a git repository (or any of the parent directories): .git
2023-08-07 17:21:00.965 [info] > git rev-parse --show-toplevel [3ms]
2023-08-07 17:21:00.965 [info] fatal: not a git repository (or any of the parent directories): .git
2023-08-07 17:21:11.501 [info] > git rev-parse --show-toplevel [2ms]
2023-08-07 17:21:11.501 [info] fatal: not a git repository (or any of the parent directories): .git
2023-08-07 17:22:27.082 [info] > git rev-parse --show-toplevel [5ms]
2023-08-07 17:22:27.082 [info] fatal: not a git repository (or any of the parent directories): .git
2023-08-07 17:27:49.842 [info] > git rev-parse --show-toplevel [2ms]
2023-08-07 17:27:49.842 [info] fatal: not a git repository (or any of the parent directories): .git
2023-08-07 17:27:51.532 [info] > git rev-parse --show-toplevel [3ms]
2023-08-07 17:27:51.532 [info] fatal: not a git repository (or any of the parent directories): .git
2023-08-07 17:27:57.864 [info] > git rev-parse --show-toplevel [3ms]
2023-08-07 17:27:57.864 [info] fatal: not a git repository (or any of the parent directories): .git
2023-08-07 17:27:58.736 [info] > git rev-parse --show-toplevel [2ms]
2023-08-07 17:27:58.736 [info] fatal: not a git repository (or any of the parent directories): .git
2023-08-07 17:28:02.292 [info] > git rev-parse --show-toplevel [2ms]
2023-08-07 17:28:02.292 [info] fatal: not a git repository (or any of the parent directories): .git
2023-08-07 17:28:08.289 [info] > git rev-parse --show-toplevel [2ms]
2023-08-07 17:28:08.289 [info] fatal: not a git repository (or any of the parent directories): .git
2023-08-07 17:28:52.814 [info] > git rev-parse --show-toplevel [4ms]
2023-08-07 17:28:52.814 [info] fatal: not a git repository (or any of the parent directories): .git
2023-08-07 17:29:18.563 [info] > git rev-parse --show-toplevel [4ms]
2023-08-07 17:29:18.563 [info] fatal: not a git repository (or any of the parent directories): .git
2023-08-07 17:29:22.605 [info] > git rev-parse --show-toplevel [3ms]
2023-08-07 17:29:22.605 [info] fatal: not a git repository (or any of the parent directories): .git
2023-08-07 17:38:41.070 [info] > git rev-parse --show-toplevel [2ms]
2023-08-07 17:38:41.070 [info] fatal: not a git repository (or any of the parent directories): .git
2023-08-07 17:38:45.274 [info] > git rev-parse --show-toplevel [3ms]
2023-08-07 17:38:45.274 [info] fatal: not a git repository (or any of the parent directories): .git
2023-08-07 17:38:45.927 [info] > git rev-parse --show-toplevel [3ms]
2023-08-07 17:38:45.927 [info] fatal: not a git repository (or any of the parent directories): .git
2023-08-07 17:38:54.755 [info] > git rev-parse --show-toplevel [2ms]
2023-08-07 17:38:54.755 [info] fatal: not a git repository (or any of the parent directories): .git
2023-08-07 17:39:55.837 [info] > git rev-parse --show-toplevel [2ms]
2023-08-07 17:39:55.837 [info] fatal: not a git repository (or any of the parent directories): .git
2023-08-07 17:40:22.079 [info] > git rev-parse --show-toplevel [2ms]
2023-08-07 17:40:22.079 [info] fatal: not a git repository (or any of the parent directories): .git
2023-08-07 17:40:24.461 [info] > git rev-parse --show-toplevel [2ms]
2023-08-07 17:40:24.461 [info] fatal: not a git repository (or any of the parent directories): .git
2023-08-07 17:40:44.340 [info] > git rev-parse --show-toplevel [3ms]
2023-08-07 17:40:44.340 [info] fatal: not a git repository (or any of the parent directories): .git
2023-08-07 17:40:46.889 [info] > git rev-parse --show-toplevel [2ms]
2023-08-07 17:40:46.889 [info] fatal: not a git repository (or any of the parent directories): .git
2023-08-07 17:41:21.437 [info] > git rev-parse --show-toplevel [2ms]
2023-08-07 17:41:21.437 [info] fatal: not a git repository (or any of the parent directories): .git
2023-08-07 17:41:24.787 [info] > git rev-parse --show-toplevel [2ms]
2023-08-07 17:41:24.787 [info] fatal: not a git repository (or any of the parent directories): .git
2023-08-07 17:42:14.472 [info] > git rev-parse --show-toplevel [2ms]
2023-08-07 17:42:14.472 [info] fatal: not a git repository (or any of the parent directories): .git
2023-08-07 17:47:58.002 [info] > git rev-parse --show-toplevel [2ms]
2023-08-07 17:47:58.002 [info] fatal: not a git repository (or any of the parent directories): .git
2023-08-07 17:51:16.556 [info] > git rev-parse --show-toplevel [3ms]
2023-08-07 17:51:16.556 [info] fatal: not a git repository (or any of the parent directories): .git
2023-08-07 17:51:56.269 [info] > git rev-parse --show-toplevel [2ms]
2023-08-07 17:51:56.269 [info] fatal: not a git repository (or any of the parent directories): .git
2023-08-07 17:52:09.967 [info] > git rev-parse --show-toplevel [2ms]
2023-08-07 17:52:09.967 [info] fatal: not a git repository (or any of the parent directories): .git
2023-08-07 17:53:10.271 [info] > git rev-parse --show-toplevel [2ms]
2023-08-07 17:53:10.271 [info] fatal: not a git repository (or any of the parent directories): .git
2023-08-07 17:54:41.081 [info] > git rev-parse --show-toplevel [1ms]
2023-08-07 17:54:41.082 [info] fatal: not a git repository (or any of the parent directories): .git
