2023-08-09 17:12:38.742 [info] 로그 수준: Info
2023-08-09 17:12:38.742 [info] "git"에서 찾은 git 유효성을 검사하는 중
2023-08-09 17:12:38.742 [info] "2.17.1"에서 git "git"을(를) 사용하는 중
2023-08-09 17:12:38.742 [info] > git rev-parse --show-toplevel [165ms]
2023-08-09 17:12:38.742 [info] fatal: not a git repository (or any of the parent directories): .git
2023-08-09 17:12:38.742 [info] > git rev-parse --show-toplevel [16ms]
2023-08-09 17:12:38.742 [info] fatal: not a git repository (or any of the parent directories): .git
2023-08-09 17:12:38.759 [info] > git rev-parse --show-toplevel [85ms]
2023-08-09 17:12:38.759 [info] fatal: not a git repository (or any of the parent directories): .git
2023-08-09 17:12:38.766 [info] > git rev-parse --show-toplevel [4ms]
2023-08-09 17:12:38.766 [info] fatal: not a git repository (or any of the parent directories): .git
2023-08-09 19:09:38.686 [info] > git rev-parse --show-toplevel [6ms]
2023-08-09 19:09:38.687 [info] fatal: not a git repository (or any of the parent directories): .git
2023-08-09 19:10:28.154 [info] > git rev-parse --show-toplevel [3ms]
2023-08-09 19:10:28.154 [info] fatal: not a git repository (or any of the parent directories): .git
2023-08-09 19:29:21.438 [info] > git rev-parse --show-toplevel [4ms]
2023-08-09 19:29:21.439 [info] fatal: not a git repository (or any of the parent directories): .git
2023-08-09 19:30:43.562 [info] > git rev-parse --show-toplevel [2ms]
2023-08-09 19:30:43.562 [info] fatal: not a git repository (or any of the parent directories): .git
2023-08-09 19:36:42.634 [info] > git rev-parse --show-toplevel [1ms]
2023-08-09 19:36:42.634 [info] fatal: not a git repository (or any of the parent directories): .git
2023-08-09 19:37:14.468 [info] > git rev-parse --show-toplevel [2ms]
2023-08-09 19:37:14.468 [info] fatal: not a git repository (or any of the parent directories): .git
2023-08-09 19:37:47.653 [info] > git rev-parse --show-toplevel [2ms]
2023-08-09 19:37:47.653 [info] fatal: not a git repository (or any of the parent directories): .git
2023-08-09 19:37:52.023 [info] > git rev-parse --show-toplevel [1ms]
2023-08-09 19:37:52.023 [info] fatal: not a git repository (or any of the parent directories): .git
2023-08-09 19:38:43.680 [info] > git rev-parse --show-toplevel [3ms]
2023-08-09 19:38:43.680 [info] fatal: not a git repository (or any of the parent directories): .git
2023-08-09 19:38:45.216 [info] > git rev-parse --show-toplevel [2ms]
2023-08-09 19:38:45.216 [info] fatal: not a git repository (or any of the parent directories): .git
2023-08-09 19:42:12.837 [info] > git rev-parse --show-toplevel [1ms]
2023-08-09 19:42:12.837 [info] fatal: not a git repository (or any of the parent directories): .git
2023-08-09 19:43:31.570 [info] > git rev-parse --show-toplevel [1ms]
2023-08-09 19:43:31.570 [info] fatal: not a git repository (or any of the parent directories): .git
2023-08-09 19:43:41.598 [info] > git rev-parse --show-toplevel [3ms]
2023-08-09 19:43:41.598 [info] fatal: not a git repository (or any of the parent directories): .git
2023-08-09 19:43:50.926 [info] > git rev-parse --show-toplevel [1ms]
2023-08-09 19:43:50.926 [info] fatal: not a git repository (or any of the parent directories): .git
2023-08-09 19:44:03.706 [info] > git rev-parse --show-toplevel [3ms]
2023-08-09 19:44:03.706 [info] fatal: not a git repository (or any of the parent directories): .git
2023-08-09 19:44:04.672 [info] > git rev-parse --show-toplevel [1ms]
2023-08-09 19:44:04.672 [info] fatal: not a git repository (or any of the parent directories): .git
2023-08-09 19:44:05.957 [info] > git rev-parse --show-toplevel [2ms]
2023-08-09 19:44:05.957 [info] fatal: not a git repository (or any of the parent directories): .git
2023-08-09 19:44:07.969 [info] > git rev-parse --show-toplevel [2ms]
2023-08-09 19:44:07.969 [info] fatal: not a git repository (or any of the parent directories): .git
2023-08-09 19:44:18.831 [info] > git rev-parse --show-toplevel [2ms]
2023-08-09 19:44:18.831 [info] fatal: not a git repository (or any of the parent directories): .git
2023-08-09 19:44:23.953 [info] > git rev-parse --show-toplevel [1ms]
2023-08-09 19:44:23.953 [info] fatal: not a git repository (or any of the parent directories): .git
2023-08-09 19:44:36.938 [info] > git rev-parse --show-toplevel [2ms]
2023-08-09 19:44:36.938 [info] fatal: not a git repository (or any of the parent directories): .git
2023-08-09 19:50:33.665 [info] > git rev-parse --show-toplevel [1ms]
2023-08-09 19:50:33.666 [info] fatal: not a git repository (or any of the parent directories): .git
2023-08-09 19:50:50.119 [info] > git rev-parse --show-toplevel [3ms]
2023-08-09 19:50:50.119 [info] fatal: not a git repository (or any of the parent directories): .git
2023-08-09 19:51:00.361 [info] > git rev-parse --show-toplevel [3ms]
2023-08-09 19:51:00.361 [info] fatal: not a git repository (or any of the parent directories): .git
2023-08-09 19:51:01.846 [info] > git rev-parse --show-toplevel [2ms]
2023-08-09 19:51:01.846 [info] fatal: not a git repository (or any of the parent directories): .git
