2023-09-29 17:03:04.814 [info] 로그 수준: Info
2023-09-29 17:03:04.815 [info] "git"에서 찾은 git 유효성을 검사하는 중
2023-09-29 17:03:04.815 [info] "2.17.1"에서 git "git"을(를) 사용하는 중
2023-09-29 17:03:04.815 [info] > git rev-parse --show-toplevel [16ms]
2023-09-29 17:03:04.815 [info] > git rev-parse --git-dir --git-common-dir [15ms]
2023-09-29 17:03:04.815 [info] Open repository: /home/aa
2023-09-29 17:03:04.815 [info] > git rev-parse --show-toplevel [53ms]
2023-09-29 17:03:04.815 [info] > git rev-parse --show-toplevel [3ms]
2023-09-29 17:03:04.820 [info] > git config --get commit.template [13ms]
2023-09-29 17:03:04.824 [info] > git rev-parse --show-toplevel [4ms]
2023-09-29 17:03:04.837 [info] > git for-each-ref --format=%(refname)%00%(upstream:short)%00%(objectname)%00%(upstream:track)%00%(upstream:remotename)%00%(upstream:remoteref) refs/heads/khj refs/remotes/khj [6ms]
2023-09-29 17:03:04.843 [info] > git rev-parse --show-toplevel [16ms]
2023-09-29 17:03:04.848 [info] > git rev-parse --show-toplevel [1ms]
2023-09-29 17:03:04.852 [info] > git rev-parse --show-toplevel [1ms]
2023-09-29 17:03:04.856 [info] > git rev-parse --git-dir --git-common-dir [1ms]
2023-09-29 17:03:04.859 [info] Open repository: /home/aa/.oh-my-zsh
2023-09-29 17:03:04.866 [info] > git rev-parse --show-toplevel [4ms]
2023-09-29 17:03:04.874 [info] > git rev-parse --git-dir --git-common-dir [1ms]
2023-09-29 17:03:04.877 [info] Open repository: /home/aa/.pyenv
2023-09-29 17:03:04.881 [info] > git config --get commit.template [14ms]
2023-09-29 17:03:04.888 [info] > git rev-parse --show-toplevel [8ms]
2023-09-29 17:03:04.898 [info] > git rev-parse --show-toplevel [5ms]
2023-09-29 17:03:04.902 [info] > git config --get commit.template [18ms]
2023-09-29 17:03:04.904 [info] > git rev-parse --show-toplevel [2ms]
2023-09-29 17:03:04.907 [info] > git for-each-ref --format=%(refname)%00%(upstream:short)%00%(objectname)%00%(upstream:track)%00%(upstream:remotename)%00%(upstream:remoteref) refs/heads/master refs/remotes/master [10ms]
2023-09-29 17:03:04.915 [info] > git status -z -uall [4ms]
2023-09-29 17:03:04.915 [info] > git rev-parse --show-toplevel [8ms]
2023-09-29 17:03:04.919 [info] > git for-each-ref --format=%(refname)%00%(upstream:short)%00%(objectname)%00%(upstream:track)%00%(upstream:remotename)%00%(upstream:remoteref) refs/heads/master refs/remotes/master [5ms]
2023-09-29 17:03:04.931 [info] > git rev-parse --show-toplevel [12ms]
2023-09-29 17:03:04.935 [info] > git config --get commit.template [5ms]
2023-09-29 17:03:04.939 [info] > git status -z -uall [97ms] (cancelled)
2023-09-29 17:03:04.939 [info] > git status -z -uall [18ms]
2023-09-29 17:03:04.942 [info] > git rev-parse --git-dir --git-common-dir [9ms]
2023-09-29 17:03:04.944 [info] Open repository: /home/aa/MathTool
2023-09-29 17:03:04.957 [info] > git rev-parse --show-toplevel [10ms]
2023-09-29 17:03:04.961 [info] > git rev-parse --git-dir --git-common-dir [2ms]
2023-09-29 17:03:04.962 [info] Open repository: /home/aa/Yacht_Console
2023-09-29 17:03:04.966 [info] > git config --get commit.template [10ms]
2023-09-29 17:03:04.966 [info] > git config --get commit.template [13ms]
2023-09-29 17:03:04.967 [info] > git for-each-ref --format=%(refname)%00%(upstream:short)%00%(objectname)%00%(upstream:track)%00%(upstream:remotename)%00%(upstream:remoteref) refs/heads/master refs/remotes/master [17ms]
2023-09-29 17:03:04.974 [info] > git status -z -uall [5ms]
2023-09-29 17:03:04.974 [info] > git rev-parse --show-toplevel [8ms]
2023-09-29 17:03:04.984 [info] > git rev-parse --git-dir --git-common-dir [7ms]
2023-09-29 17:03:04.986 [info] Open repository: /home/aa/autojump
2023-09-29 17:03:04.988 [info] > git config --get commit.template [15ms]
2023-09-29 17:03:04.995 [info] > git rev-parse --show-toplevel [7ms]
2023-09-29 17:03:04.999 [info] > git for-each-ref --format=%(refname)%00%(upstream:short)%00%(objectname)%00%(upstream:track)%00%(upstream:remotename)%00%(upstream:remoteref) refs/heads/premium refs/remotes/premium [15ms]
2023-09-29 17:03:05.002 [info] > git for-each-ref --format=%(refname)%00%(upstream:short)%00%(objectname)%00%(upstream:track)%00%(upstream:remotename)%00%(upstream:remoteref) refs/heads/master refs/remotes/master [21ms]
2023-09-29 17:03:05.009 [info] > git status -z -uall [8ms]
2023-09-29 17:03:05.012 [info] > git rev-parse --show-toplevel [14ms]
2023-09-29 17:03:05.016 [info] > git config --get commit.template [22ms]
2023-09-29 17:03:05.016 [info] > git status -z -uall [12ms]
2023-09-29 17:03:05.016 [info] > git rev-parse --show-toplevel [1ms]
2023-09-29 17:03:05.019 [info] > git for-each-ref --format=%(refname)%00%(upstream:short)%00%(objectname)%00%(upstream:track)%00%(upstream:remotename)%00%(upstream:remoteref) refs/heads/main refs/remotes/main [12ms]
2023-09-29 17:03:05.027 [info] > git status -z -uall [5ms]
2023-09-29 17:03:05.029 [info] > git rev-parse --show-toplevel [10ms]
2023-09-29 17:03:05.041 [info] > git rev-parse --show-toplevel [9ms]
2023-09-29 17:03:05.044 [info] > git for-each-ref --format=%(refname)%00%(upstream:short)%00%(objectname)%00%(upstream:track)%00%(upstream:remotename)%00%(upstream:remoteref) refs/heads/master refs/remotes/master [18ms]
2023-09-29 17:03:05.051 [info] > git status -z -uall [3ms]
2023-09-29 17:03:05.052 [info] > git rev-parse --show-toplevel [8ms]
2023-09-29 17:03:05.056 [info] > git rev-parse --show-toplevel [1ms]
2023-09-29 17:03:05.077 [info] > git rev-parse --show-toplevel [17ms]
2023-09-29 17:03:05.081 [info] > git rev-parse --show-toplevel [2ms]
2023-09-29 17:03:05.086 [info] > git rev-parse --git-dir --git-common-dir [1ms]
2023-09-29 17:03:05.088 [info] Open repository: /home/aa/zsh-syntax-highlighting
2023-09-29 17:03:05.096 [info] > git rev-parse --show-toplevel [5ms]
2023-09-29 17:03:05.098 [info] > git config --get commit.template [3ms]
2023-09-29 17:03:05.104 [info] > git for-each-ref --format=%(refname)%00%(upstream:short)%00%(objectname)%00%(upstream:track)%00%(upstream:remotename)%00%(upstream:remoteref) refs/heads/master refs/remotes/master [3ms]
2023-09-29 17:03:05.111 [info] > git status -z -uall [4ms]
2023-09-29 17:03:05.318 [info] > git check-ignore -v -z --stdin [0ms]
2023-09-29 17:03:05.423 [info] > git show --textconv :.zshrc [4ms]
2023-09-29 17:03:05.423 [info] > git ls-files --stage -- /home/aa/.zshrc [1ms]
2023-09-29 17:03:06.831 [info] > git check-ignore -v -z --stdin [3ms]
2023-09-29 17:03:06.831 [info] > git check-ignore -v -z --stdin [1ms]
2023-09-29 17:03:08.481 [info] > git check-ignore -v -z --stdin [13ms]
2023-09-29 17:03:08.482 [info] > git check-ignore -v -z --stdin [10ms]
2023-09-29 17:03:08.482 [info] > git check-ignore -v -z --stdin [9ms]
2023-09-29 17:03:08.482 [info] > git check-ignore -v -z --stdin [6ms]
2023-09-29 17:03:08.483 [info] > git check-ignore -v -z --stdin [5ms]
2023-09-29 17:03:08.483 [info] > git check-ignore -v -z --stdin [3ms]
2023-09-29 17:03:09.506 [info] > git check-ignore -v -z --stdin [1ms]
