2023-10-02 22:24:27.894 [info] 로그 수준: Info
2023-10-02 22:24:27.894 [info] "git"에서 찾은 git 유효성을 검사하는 중
2023-10-02 22:24:27.894 [info] "2.17.1"에서 git "git"을(를) 사용하는 중
2023-10-02 22:24:27.899 [info] > git rev-parse --show-toplevel [57ms]
2023-10-02 22:24:27.943 [info] > git rev-parse --git-dir --git-common-dir [17ms]
2023-10-02 22:24:27.950 [info] Open repository: /home/aa
2023-10-02 22:24:27.980 [info] > git rev-parse --show-toplevel [24ms]
2023-10-02 22:24:28.015 [info] > git rev-parse --show-toplevel [32ms]
2023-10-02 22:24:28.019 [info] > git config --get commit.template [43ms]
2023-10-02 22:24:28.021 [info] > git rev-parse --show-toplevel [3ms]
2023-10-02 22:24:28.035 [info] > git rev-parse --show-toplevel [10ms]
2023-10-02 22:24:28.039 [info] > git rev-parse --show-toplevel [0ms]
2023-10-02 22:24:28.042 [info] > git for-each-ref --format=%(refname)%00%(upstream:short)%00%(objectname)%00%(upstream:track)%00%(upstream:remotename)%00%(upstream:remoteref) refs/heads/khj refs/remotes/khj [13ms]
2023-10-02 22:24:28.056 [info] > git rev-parse --show-toplevel [14ms]
2023-10-02 22:24:28.067 [info] > git rev-parse --git-dir --git-common-dir [8ms]
2023-10-02 22:24:28.070 [info] Open repository: /home/aa/.oh-my-zsh
2023-10-02 22:24:28.078 [info] > git rev-parse --show-toplevel [4ms]
2023-10-02 22:24:28.082 [info] > git rev-parse --git-dir --git-common-dir [1ms]
2023-10-02 22:24:28.084 [info] Open repository: /home/aa/.pyenv
2023-10-02 22:24:28.088 [info] > git config --get commit.template [11ms]
2023-10-02 22:24:28.094 [info] > git rev-parse --show-toplevel [6ms]
2023-10-02 22:24:28.104 [info] > git rev-parse --show-toplevel [7ms]
2023-10-02 22:24:28.108 [info] > git config --get commit.template [17ms]
2023-10-02 22:24:28.112 [info] > git rev-parse --show-toplevel [5ms]
2023-10-02 22:24:28.115 [info] > git for-each-ref --format=%(refname)%00%(upstream:short)%00%(objectname)%00%(upstream:track)%00%(upstream:remotename)%00%(upstream:remoteref) refs/heads/master refs/remotes/master [14ms]
2023-10-02 22:24:28.125 [info] > git status -z -uall [5ms]
2023-10-02 22:24:28.125 [info] > git rev-parse --show-toplevel [10ms]
2023-10-02 22:24:28.130 [info] > git rev-parse --show-toplevel [2ms]
2023-10-02 22:24:28.132 [info] > git for-each-ref --format=%(refname)%00%(upstream:short)%00%(objectname)%00%(upstream:track)%00%(upstream:remotename)%00%(upstream:remoteref) refs/heads/master refs/remotes/master [9ms]
2023-10-02 22:24:28.144 [info] > git rev-parse --git-dir --git-common-dir [12ms]
2023-10-02 22:24:28.146 [info] Open repository: /home/aa/MathTool
2023-10-02 22:24:28.158 [info] > git status -z -uall [112ms] (cancelled)
2023-10-02 22:24:28.158 [info] > git status -z -uall [23ms]
2023-10-02 22:24:28.158 [info] > git rev-parse --show-toplevel [9ms]
2023-10-02 22:24:28.163 [info] > git config --get commit.template [20ms]
2023-10-02 22:24:28.170 [info] > git rev-parse --git-dir --git-common-dir [7ms]
2023-10-02 22:24:28.172 [info] Open repository: /home/aa/Yacht_Console
2023-10-02 22:24:28.175 [info] > git config --get commit.template [19ms]
2023-10-02 22:24:28.184 [info] > git rev-parse --show-toplevel [9ms]
2023-10-02 22:24:28.188 [info] > git config --get commit.template [18ms]
2023-10-02 22:24:28.193 [info] > git rev-parse --git-dir --git-common-dir [5ms]
2023-10-02 22:24:28.196 [info] Open repository: /home/aa/autojump
2023-10-02 22:24:28.200 [info] > git config --get commit.template [16ms]
2023-10-02 22:24:28.200 [info] > git for-each-ref --format=%(refname)%00%(upstream:short)%00%(objectname)%00%(upstream:track)%00%(upstream:remotename)%00%(upstream:remoteref) refs/heads/master refs/remotes/master [21ms]
2023-10-02 22:24:28.211 [info] > git status -z -uall [8ms]
2023-10-02 22:24:28.211 [info] > git rev-parse --show-toplevel [12ms]
2023-10-02 22:24:28.215 [info] > git for-each-ref --format=%(refname)%00%(upstream:short)%00%(objectname)%00%(upstream:track)%00%(upstream:remotename)%00%(upstream:remoteref) refs/heads/premium refs/remotes/premium [23ms]
2023-10-02 22:24:28.224 [info] > git status -z -uall [6ms]
2023-10-02 22:24:28.224 [info] > git rev-parse --show-toplevel [9ms]
2023-10-02 22:24:28.228 [info] > git config --get commit.template [18ms]
2023-10-02 22:24:28.228 [info] > git for-each-ref --format=%(refname)%00%(upstream:short)%00%(objectname)%00%(upstream:track)%00%(upstream:remotename)%00%(upstream:remoteref) refs/heads/master refs/remotes/master [22ms]
2023-10-02 22:24:28.234 [info] > git rev-parse --show-toplevel [7ms]
2023-10-02 22:24:28.237 [info] > git for-each-ref --format=%(refname)%00%(upstream:short)%00%(objectname)%00%(upstream:track)%00%(upstream:remotename)%00%(upstream:remoteref) refs/heads/main refs/remotes/main [15ms]
2023-10-02 22:24:28.247 [info] > git status -z -uall [17ms]
2023-10-02 22:24:28.247 [info] > git status -z -uall [7ms]
2023-10-02 22:24:28.251 [info] > git rev-parse --show-toplevel [14ms]
2023-10-02 22:24:28.261 [info] > git rev-parse --show-toplevel [7ms]
2023-10-02 22:24:28.265 [info] > git for-each-ref --format=%(refname)%00%(upstream:short)%00%(objectname)%00%(upstream:track)%00%(upstream:remotename)%00%(upstream:remoteref) refs/heads/master refs/remotes/master [18ms]
2023-10-02 22:24:28.271 [info] > git status -z -uall [4ms]
2023-10-02 22:24:28.273 [info] > git rev-parse --show-toplevel [9ms]
2023-10-02 22:24:28.277 [info] > git rev-parse --show-toplevel [1ms]
2023-10-02 22:24:28.281 [info] > git rev-parse --show-toplevel [2ms]
2023-10-02 22:24:28.284 [info] > git rev-parse --show-toplevel [0ms]
2023-10-02 22:24:28.288 [info] > git rev-parse --git-dir --git-common-dir [0ms]
2023-10-02 22:24:28.290 [info] Open repository: /home/aa/myproject
2023-10-02 22:24:28.297 [info] > git rev-parse --show-toplevel [3ms]
2023-10-02 22:24:28.306 [info] > git rev-parse --show-toplevel [5ms]
2023-10-02 22:24:28.309 [info] > git config --get commit.template [12ms]
2023-10-02 22:24:28.310 [info] > git rev-parse --show-toplevel [1ms]
2023-10-02 22:24:28.329 [info] > git rev-parse --git-dir --git-common-dir [15ms]
2023-10-02 22:24:28.330 [info] Open repository: /home/aa/zsh-syntax-highlighting
2023-10-02 22:24:28.340 [info] > git rev-parse --show-toplevel [7ms]
2023-10-02 22:24:28.341 [info] > git for-each-ref --format=%(refname)%00%(upstream:short)%00%(objectname)%00%(upstream:track)%00%(upstream:remotename)%00%(upstream:remoteref) refs/heads/khj refs/remotes/khj [26ms]
2023-10-02 22:24:28.345 [info] > git config --get commit.template [7ms]
2023-10-02 22:24:28.346 [info] > git status -z -uall [2ms]
2023-10-02 22:24:28.355 [info] > git for-each-ref --format=%(refname)%00%(upstream:short)%00%(objectname)%00%(upstream:track)%00%(upstream:remotename)%00%(upstream:remoteref) refs/heads/master refs/remotes/master [3ms]
2023-10-02 22:24:28.362 [info] > git status -z -uall [4ms]
2023-10-02 22:24:28.489 [info] > git check-ignore -v -z --stdin [0ms]
2023-10-02 22:24:28.651 [info] > git show --textconv :.zshrc [4ms]
2023-10-02 22:24:28.651 [info] > git ls-files --stage -- /home/aa/.zshrc [2ms]
2023-10-02 22:25:01.549 [info] > git check-ignore -v -z --stdin [18ms]
2023-10-02 22:25:01.550 [info] > git check-ignore -v -z --stdin [16ms]
2023-10-02 22:25:01.550 [info] > git check-ignore -v -z --stdin [14ms]
2023-10-02 22:25:01.550 [info] > git check-ignore -v -z --stdin [12ms]
2023-10-02 22:25:01.550 [info] > git check-ignore -v -z --stdin [9ms]
2023-10-02 22:25:01.551 [info] > git check-ignore -v -z --stdin [8ms]
2023-10-02 22:25:01.551 [info] > git check-ignore -v -z --stdin [5ms]
2023-10-02 22:25:01.551 [info] > git check-ignore -v -z --stdin [3ms]
2023-10-02 22:25:02.637 [info] > git check-ignore -v -z --stdin [1ms]
2023-10-02 22:25:07.112 [info] > git check-ignore -v -z --stdin [1ms]
2023-10-02 22:25:16.313 [info] > git check-ignore -v -z --stdin [0ms]
2023-10-02 22:25:18.215 [info] > git check-ignore -v -z --stdin [0ms]
2023-10-02 22:25:42.942 [info] > git check-ignore -v -z --stdin [0ms]
2023-10-02 22:25:56.111 [info] > git check-ignore -v -z --stdin [0ms]
2023-10-02 22:26:24.192 [info] > git check-ignore -v -z --stdin [0ms]
2023-10-02 22:26:51.974 [info] > git check-ignore -v -z --stdin [6ms]
2023-10-02 22:26:51.974 [info] > git check-ignore -v -z --stdin [1ms]
2023-10-02 22:26:53.907 [info] > git check-ignore -v -z --stdin [0ms]
2023-10-02 22:26:55.287 [info] > git check-ignore -v -z --stdin [0ms]
2023-10-02 22:26:57.053 [info] > git check-ignore -v -z --stdin [1ms]
2023-10-02 22:27:02.918 [info] > git show --textconv :gathering/migrations/0001_initial.py [5ms]
2023-10-02 22:27:02.918 [info] > git ls-files --stage -- /home/aa/gathering/migrations/0001_initial.py [0ms]
2023-10-02 22:27:13.403 [info] > git show --textconv :gathering/migrations/__init__.py [3ms]
2023-10-02 22:27:13.403 [info] > git ls-files --stage -- /home/aa/gathering/migrations/__init__.py [0ms]
2023-10-02 22:27:16.993 [info] > git show --textconv :modira/migrations/0001_initial.py [4ms]
2023-10-02 22:27:16.993 [info] > git ls-files --stage -- /home/aa/myproject/modira/migrations/0001_initial.py [1ms]
2023-10-02 22:27:16.997 [info] > git cat-file -s f387db8d89c4e314ed20b5651602f59b5e622b3c [1ms]
2023-10-02 22:27:17.363 [info] > git check-ignore -v -z --stdin [0ms]
2023-10-02 22:27:29.602 [info] > git config --get commit.template [1ms]
2023-10-02 22:27:29.606 [info] > git for-each-ref --format=%(refname)%00%(upstream:short)%00%(objectname)%00%(upstream:track)%00%(upstream:remotename)%00%(upstream:remoteref) refs/heads/khj refs/remotes/khj [0ms]
2023-10-02 22:27:29.609 [info] > git status -z -uall [1ms]
2023-10-02 22:27:39.123 [info] > git config --get commit.template [1ms]
2023-10-02 22:27:39.128 [info] > git for-each-ref --format=%(refname)%00%(upstream:short)%00%(objectname)%00%(upstream:track)%00%(upstream:remotename)%00%(upstream:remoteref) refs/heads/khj refs/remotes/khj [0ms]
2023-10-02 22:27:39.131 [info] > git status -z -uall [1ms]
2023-10-02 22:27:45.512 [info] > git show --textconv :gathering/admin.py [3ms]
2023-10-02 22:27:45.513 [info] > git ls-files --stage -- /home/aa/gathering/admin.py [1ms]
2023-10-02 22:28:01.184 [info] > git show --textconv :gathering/admin.py [4ms]
2023-10-02 22:28:01.185 [info] > git ls-files --stage -- /home/aa/gathering/admin.py [2ms]
2023-10-02 22:28:02.135 [info] > git show --textconv :gathering/apps.py [5ms]
2023-10-02 22:28:02.135 [info] > git ls-files --stage -- /home/aa/gathering/apps.py [1ms]
2023-10-02 22:28:08.654 [info] > git show --textconv :gathering/models.py [3ms]
2023-10-02 22:28:08.655 [info] > git ls-files --stage -- /home/aa/gathering/models.py [1ms]
2023-10-02 22:28:14.553 [info] > git show --textconv :gathering/tests.py [4ms]
2023-10-02 22:28:14.553 [info] > git ls-files --stage -- /home/aa/gathering/tests.py [1ms]
2023-10-02 22:28:18.577 [info] > git show --textconv :gathering/views.py [3ms]
2023-10-02 22:28:18.577 [info] > git ls-files --stage -- /home/aa/gathering/views.py [1ms]
2023-10-02 22:28:19.367 [info] > git show --textconv :gathering/validators.py [4ms]
2023-10-02 22:28:19.367 [info] > git ls-files --stage -- /home/aa/gathering/validators.py [1ms]
2023-10-02 22:28:23.348 [info] > git show --textconv :gathering/views.py [3ms]
2023-10-02 22:28:23.349 [info] > git ls-files --stage -- /home/aa/gathering/views.py [1ms]
2023-10-02 22:28:23.769 [info] > git show --textconv :gathering/tests.py [3ms]
2023-10-02 22:28:23.769 [info] > git ls-files --stage -- /home/aa/gathering/tests.py [1ms]
2023-10-02 22:28:24.241 [info] > git show --textconv :gathering/validators.py [5ms]
2023-10-02 22:28:24.242 [info] > git ls-files --stage -- /home/aa/gathering/validators.py [2ms]
2023-10-02 22:28:31.041 [info] > git show --textconv :gathering/migrations/0001_initial.py [3ms]
2023-10-02 22:28:31.042 [info] > git ls-files --stage -- /home/aa/gathering/migrations/0001_initial.py [1ms]
2023-10-02 22:28:32.106 [info] > git check-ignore -v -z --stdin [0ms]
2023-10-02 22:28:39.661 [info] > git check-ignore -v -z --stdin [0ms]
2023-10-02 22:28:43.285 [info] > git check-ignore -v -z --stdin [0ms]
2023-10-02 22:28:44.371 [info] > git show --textconv :meeting-log/day1 [3ms]
2023-10-02 22:28:44.371 [info] > git ls-files --stage -- /home/aa/MathTool/meeting-log/day1 [1ms]
2023-10-02 22:28:44.374 [info] > git cat-file -s e69de29bb2d1d6434b8b29ae775ad8c2e48c5391 [1ms]
2023-10-02 22:28:45.090 [info] > git show --textconv :meeting-log/day2 [3ms]
2023-10-02 22:28:45.090 [info] > git ls-files --stage -- /home/aa/MathTool/meeting-log/day2 [1ms]
2023-10-02 22:28:45.095 [info] > git cat-file -s e69de29bb2d1d6434b8b29ae775ad8c2e48c5391 [1ms]
2023-10-02 22:28:47.099 [info] > git show --textconv :calculator.py [4ms]
2023-10-02 22:28:47.099 [info] > git ls-files --stage -- /home/aa/MathTool/calculator.py [1ms]
2023-10-02 22:28:47.103 [info] > git cat-file -s eab8a48e0c93a6c5e9c6e153a8bf525bcb41a49d [1ms]
2023-10-02 22:28:51.881 [warning] ENOENT: no such file or directory, open '/home/aa/MathTool/.git/HEAD'
2023-10-02 22:28:51.887 [warning] getRemotes() - ENOENT: no such file or directory, open '/home/aa/MathTool/.git/config'
2023-10-02 22:28:51.895 [warning] ENOENT: no such file or directory, open '/home/aa/MathTool/.git/HEAD'
2023-10-02 22:28:51.901 [warning] getRemotes() - ENOENT: no such file or directory, open '/home/aa/MathTool/.git/config'
2023-10-02 22:28:52.979 [info] > git check-ignore -v -z --stdin [4ms]
2023-10-02 22:28:52.980 [info] > git check-ignore -v -z --stdin [2ms]
2023-10-02 22:28:53.617 [info] > git check-ignore -v -z --stdin [5ms]
2023-10-02 22:28:53.618 [info] > git check-ignore -v -z --stdin [4ms]
2023-10-02 22:28:53.618 [info] > git check-ignore -v -z --stdin [1ms]
2023-10-02 22:28:55.261 [info] > git check-ignore -v -z --stdin [4ms]
2023-10-02 22:28:55.261 [info] > git check-ignore -v -z --stdin [1ms]
2023-10-02 22:28:58.243 [info] > git check-ignore -v -z --stdin [1ms]
2023-10-02 22:28:58.920 [warning] ENOENT: no such file or directory, open '/home/aa/myproject/.git/HEAD'
2023-10-02 22:28:58.925 [warning] getRemotes() - ENOENT: no such file or directory, open '/home/aa/myproject/.git/config'
2023-10-02 22:28:58.932 [warning] ENOENT: no such file or directory, open '/home/aa/myproject/.git/HEAD'
2023-10-02 22:28:58.937 [warning] getRemotes() - ENOENT: no such file or directory, open '/home/aa/myproject/.git/config'
2023-10-02 22:28:59.558 [info] > git check-ignore -v -z --stdin [9ms]
2023-10-02 22:28:59.559 [info] > git check-ignore -v -z --stdin [5ms]
2023-10-02 22:28:59.559 [info] > git check-ignore -v -z --stdin [1ms]
2023-10-02 22:29:06.539 [info] > git check-ignore -v -z --stdin [1ms]
2023-10-02 22:29:07.758 [info] > git show --textconv :modira/settings.py [5ms]
2023-10-02 22:29:07.759 [info] > git ls-files --stage -- /home/aa/modira/settings.py [2ms]
2023-10-02 22:29:10.391 [info] > git check-ignore -v -z --stdin [0ms]
2023-10-02 22:29:22.597 [info] > git check-ignore -v -z --stdin [0ms]
2023-10-02 22:29:28.699 [info] > git show --textconv :modira/__init__.py [5ms]
2023-10-02 22:29:28.699 [info] > git ls-files --stage -- /home/aa/modira/__init__.py [1ms]
2023-10-02 22:29:28.703 [info] > git cat-file -s e69de29bb2d1d6434b8b29ae775ad8c2e48c5391 [1ms]
2023-10-02 22:29:29.634 [info] > git show --textconv :modira/asgi.py [4ms]
2023-10-02 22:29:29.635 [info] > git ls-files --stage -- /home/aa/modira/asgi.py [1ms]
2023-10-02 22:29:39.086 [info] > git show --textconv :modira/urls.py [3ms]
2023-10-02 22:29:39.087 [info] > git ls-files --stage -- /home/aa/modira/urls.py [1ms]
2023-10-02 22:29:40.107 [info] > git show --textconv :modira/settings.py [3ms]
2023-10-02 22:29:40.107 [info] > git ls-files --stage -- /home/aa/modira/settings.py [1ms]
2023-10-02 22:29:48.520 [info] > git show --textconv :modira/urls.py [4ms]
2023-10-02 22:29:48.520 [info] > git ls-files --stage -- /home/aa/modira/urls.py [1ms]
2023-10-02 22:29:56.985 [info] > git show --textconv :modira/wsgi.py [4ms]
2023-10-02 22:29:56.986 [info] > git ls-files --stage -- /home/aa/modira/wsgi.py [1ms]
2023-10-02 22:30:04.996 [info] > git show --textconv :modira/manage.py [4ms]
2023-10-02 22:30:04.997 [info] > git ls-files --stage -- /home/aa/modira/manage.py [2ms]
2023-10-02 22:30:18.674 [info] > git check-ignore -v -z --stdin [0ms]
2023-10-02 22:30:21.347 [info] > git check-ignore -v -z --stdin [1ms]
2023-10-02 22:30:45.306 [info] > git check-ignore -v -z --stdin [0ms]
2023-10-02 22:31:10.237 [info] > git check-ignore -v -z --stdin [9ms]
2023-10-02 22:31:10.238 [info] > git check-ignore -v -z --stdin [7ms]
2023-10-02 22:31:10.238 [info] > git check-ignore -v -z --stdin [5ms]
2023-10-02 22:31:10.238 [info] > git check-ignore -v -z --stdin [2ms]
2023-10-02 22:31:19.674 [info] > git config --get commit.template [0ms]
2023-10-02 22:31:19.678 [info] > git for-each-ref --format=%(refname)%00%(upstream:short)%00%(objectname)%00%(upstream:track)%00%(upstream:remotename)%00%(upstream:remoteref) refs/heads/master refs/remotes/master [1ms]
2023-10-02 22:31:19.692 [info] > git status -z -uall [12ms]
2023-10-02 22:31:32.444 [info] > git ls-files --stage -- /home/aa/modira/asgi.py [3ms]
2023-10-02 22:31:32.447 [info] > git ls-files --stage -- /home/aa/modira/settings.py [3ms]
2023-10-02 22:31:32.450 [info] > git cat-file -s 3d06a6995ed1d2d74b8b20107ff06b1a5da55df1 [3ms]
2023-10-02 22:31:32.450 [info] > git cat-file -s 6097d7cc59549a8be5c8b3ea04766e13b3bf54f6 [0ms]
2023-10-02 22:31:32.461 [info] > git show --textconv :modira/asgi.py [3ms]
2023-10-02 22:31:32.463 [info] > git show --textconv :modira/settings.py [2ms]
2023-10-02 22:31:38.840 [info] > git ls-files --stage -- /home/aa/modira/asgi.py [3ms]
2023-10-02 22:31:38.842 [info] > git ls-files --stage -- /home/aa/modira/settings.py [3ms]
2023-10-02 22:31:38.845 [info] > git cat-file -s 3d06a6995ed1d2d74b8b20107ff06b1a5da55df1 [3ms]
2023-10-02 22:31:38.846 [info] > git cat-file -s 6097d7cc59549a8be5c8b3ea04766e13b3bf54f6 [1ms]
2023-10-02 22:31:38.856 [info] > git show --textconv :modira/asgi.py [3ms]
2023-10-02 22:31:38.858 [info] > git show --textconv :modira/settings.py [3ms]
