2023-10-02 22:05:00.542 [info] 로그 수준: Info
2023-10-02 22:05:00.542 [info] "git"에서 찾은 git 유효성을 검사하는 중
2023-10-02 22:05:00.542 [info] "2.17.1"에서 git "git"을(를) 사용하는 중
2023-10-02 22:05:00.542 [info] > git rev-parse --show-toplevel [5ms]
2023-10-02 22:05:00.542 [info] > git rev-parse --show-toplevel [2ms]
2023-10-02 22:05:00.542 [info] > git rev-parse --git-dir --git-common-dir [1ms]
2023-10-02 22:05:00.542 [info] Open repository: /home/aa/backend/backend
2023-10-02 22:05:00.542 [info] > git rev-parse --show-toplevel [6ms]
2023-10-02 22:05:00.543 [info] > git config --get commit.template [4ms]
2023-10-02 22:05:00.570 [info] > git for-each-ref --format=%(refname)%00%(upstream:short)%00%(objectname)%00%(upstream:track)%00%(upstream:remotename)%00%(upstream:remoteref) refs/heads/main refs/remotes/main [24ms]
2023-10-02 22:05:00.576 [info] > git status -z -uall [3ms]
2023-10-02 22:05:00.583 [info] > git config --get commit.template [1ms]
2023-10-02 22:05:00.586 [info] > git for-each-ref --format=%(refname)%00%(upstream:short)%00%(objectname)%00%(upstream:track)%00%(upstream:remotename)%00%(upstream:remoteref) refs/heads/main refs/remotes/main [1ms]
2023-10-02 22:05:00.590 [info] > git status -z -uall [1ms]
2023-10-02 22:05:01.047 [info] > git check-ignore -v -z --stdin [0ms]
2023-10-02 22:05:11.209 [info] > git show --textconv :requirements.txt [30ms]
2023-10-02 22:05:11.209 [info] > git ls-files --stage -- /home/aa/backend/backend/requirements.txt [28ms]
2023-10-02 22:05:11.217 [info] > git cat-file -s 2aeba9e877fe8fdf18349805dd6f3ca043c785c7 [6ms]
2023-10-02 22:05:14.843 [info] > git show --textconv :manage.py [412ms]
2023-10-02 22:05:14.844 [info] > git ls-files --stage -- /home/aa/backend/backend/manage.py [409ms]
2023-10-02 22:05:14.862 [info] > git cat-file -s c36ad4c18be860f435af74c76b3a610c26afbe19 [14ms]
2023-10-02 22:05:14.905 [info] > git show --textconv :hello.py [7ms]
2023-10-02 22:05:14.907 [info] > git ls-files --stage -- /home/aa/backend/backend/hello.py [3ms]
2023-10-02 22:05:14.913 [info] > git cat-file -s 44159b3954c15250affceed3e0a6cfb2e39f8bc8 [2ms]
2023-10-02 22:05:17.506 [info] > git show --textconv :manage.py [5ms]
2023-10-02 22:05:17.506 [info] > git ls-files --stage -- /home/aa/backend/backend/manage.py [1ms]
2023-10-02 22:05:17.510 [info] > git cat-file -s c36ad4c18be860f435af74c76b3a610c26afbe19 [1ms]
2023-10-02 22:05:22.859 [info] > git check-ignore -v -z --stdin [1ms]
