[Info  - 6:03:37 PM] (2540) Pylance language server 2023.5.30 (pyright e1b6074b) starting
[Info  - 6:03:38 PM] (2540) Server root directory: /home/aa/.vscode-server/extensions/ms-python.vscode-pylance-2023.5.30/dist
[Info  - 6:03:38 PM] (2540) Starting service instance "myproject"
[Info  - 6:03:38 PM] (2540) Setting pythonPath for service "myproject": "/home/aa/.pyenv/versions/3.9.11/bin/python"
[Warn  - 6:03:38 PM] (2540) stubPath /home/aa/test1/myproject/typings is not a valid directory.
[Info  - 6:03:38 PM] (2540) Assuming Python version 3.9
[Info  - 6:03:38 PM] (2540) Found 13 source files
[Info  - 6:03:38 PM] (2540) Background analysis(1) root directory: /home/aa/.vscode-server/extensions/ms-python.vscode-pylance-2023.5.30/dist
[Info  - 6:03:38 PM] (2540) Background analysis(1) started
[Info  - 6:03:42 PM] (2540) Indexer background runner(2) root directory: /home/aa/.vscode-server/extensions/ms-python.vscode-pylance-2023.5.30/dist (index)
[Info  - 6:03:42 PM] (2540) Indexing(2) started
[Info  - 6:03:42 PM] (2540) scanned(2) 14 files over 1 exec env
[Info  - 6:03:42 PM] (2540) indexed(2) 4 files over 1 exec env
[Info  - 6:03:42 PM] (2540) Indexing finished(2).
[Info  - 6:07:01 PM] (2540) Found 14 source files
[Info  - 6:08:15 PM] (2540) Indexer background runner(3) root directory: /home/aa/.vscode-server/extensions/ms-python.vscode-pylance-2023.5.30/dist (refresh)
[Info  - 6:08:15 PM] (2540) Indexing(3) started
[Info  - 6:08:16 PM] (2540) scanned(3) 37 files over 1 exec env
[Info  - 6:08:16 PM] (2540) indexed(3) 25 files over 1 exec env
[Info  - 6:08:16 PM] (2540) Indexing finished(3).
