2023-10-04 01:23:27.551 [info] 로그 수준: Info
2023-10-04 01:23:27.551 [info] "git"에서 찾은 git 유효성을 검사하는 중
2023-10-04 01:23:27.551 [info] "2.17.1"에서 git "git"을(를) 사용하는 중
2023-10-04 01:23:27.551 [info] > git rev-parse --show-toplevel [5ms]
2023-10-04 01:23:27.551 [info] > git rev-parse --git-dir --git-common-dir [4ms]
2023-10-04 01:23:27.551 [info] Open repository: /home/aa
2023-10-04 01:23:27.551 [info] > git rev-parse --show-toplevel [5ms]
2023-10-04 01:23:27.552 [info] > git rev-parse --show-toplevel [1ms]
2023-10-04 01:23:27.554 [info] > git config --get commit.template [4ms]
2023-10-04 01:23:27.555 [info] > git rev-parse --show-toplevel [2ms]
2023-10-04 01:23:27.559 [info] > git rev-parse --show-toplevel [3ms]
2023-10-04 01:23:27.561 [info] > git rev-parse --git-dir --git-common-dir [0ms]
2023-10-04 01:23:27.563 [info] Open repository: /home/aa/.oh-my-zsh
2023-10-04 01:23:27.590 [info] > git for-each-ref --format=%(refname)%00%(upstream:short)%00%(objectname)%00%(upstream:track)%00%(upstream:remotename)%00%(upstream:remoteref) refs/heads/khj refs/remotes/khj [32ms]
2023-10-04 01:23:27.596 [info] > git config --get commit.template [28ms]
2023-10-04 01:23:27.596 [info] > git rev-parse --show-toplevel [31ms]
2023-10-04 01:23:27.599 [info] > git rev-parse --git-dir --git-common-dir [1ms]
2023-10-04 01:23:27.601 [info] Open repository: /home/aa/.pyenv
2023-10-04 01:23:27.608 [info] > git status -z -uall [16ms]
2023-10-04 01:23:27.608 [info] > git rev-parse --show-toplevel [5ms]
2023-10-04 01:23:27.635 [info] > git rev-parse --show-toplevel [25ms]
2023-10-04 01:23:27.639 [info] > git config --get commit.template [31ms]
2023-10-04 01:23:27.639 [info] > git for-each-ref --format=%(refname)%00%(upstream:short)%00%(objectname)%00%(upstream:track)%00%(upstream:remotename)%00%(upstream:remoteref) refs/heads/master refs/remotes/master [34ms]
2023-10-04 01:23:27.765 [info] > git status -z -uall [123ms]
2023-10-04 01:23:27.767 [info] > git rev-parse --show-toplevel [129ms]
2023-10-04 01:23:27.769 [info] > git config --get commit.template [137ms]
2023-10-04 01:23:27.779 [info] > git rev-parse --git-dir --git-common-dir [10ms]
2023-10-04 01:23:27.782 [info] Open repository: /home/aa/modira
2023-10-04 01:23:27.791 [info] > git rev-parse --show-toplevel [6ms]
2023-10-04 01:23:27.794 [info] > git config --get commit.template [14ms]
2023-10-04 01:23:27.794 [info] > git for-each-ref --format=%(refname)%00%(upstream:short)%00%(objectname)%00%(upstream:track)%00%(upstream:remotename)%00%(upstream:remoteref) refs/heads/master refs/remotes/master [19ms]
2023-10-04 01:23:27.797 [info] > git rev-parse --git-dir --git-common-dir [4ms]
2023-10-04 01:23:27.799 [info] Open repository: /home/aa/zsh-syntax-highlighting
2023-10-04 01:23:27.801 [info] > git config --get commit.template [11ms]
2023-10-04 01:23:27.802 [info] > git for-each-ref --format=%(refname)%00%(upstream:short)%00%(objectname)%00%(upstream:track)%00%(upstream:remotename)%00%(upstream:remoteref) refs/heads/khj refs/remotes/khj [14ms]
2023-10-04 01:23:27.811 [info] > git status -z -uall [15ms]
2023-10-04 01:23:27.823 [info] > git status -z -uall [18ms]
2023-10-04 01:23:27.823 [info] > git config --get commit.template [13ms]
2023-10-04 01:23:27.823 [info] > git for-each-ref --format=%(refname)%00%(upstream:short)%00%(objectname)%00%(upstream:track)%00%(upstream:remotename)%00%(upstream:remoteref) refs/heads/master refs/remotes/master [16ms]
2023-10-04 01:23:27.841 [info] > git status -z -uall [15ms]
2023-10-04 01:23:27.842 [info] > git config --get commit.template [20ms]
2023-10-04 01:23:27.842 [info] > git for-each-ref --format=%(refname)%00%(upstream:short)%00%(objectname)%00%(upstream:track)%00%(upstream:remotename)%00%(upstream:remoteref) refs/heads/khj refs/remotes/khj [24ms]
2023-10-04 01:23:27.854 [info] > git for-each-ref --format=%(refname)%00%(upstream:short)%00%(objectname)%00%(upstream:track)%00%(upstream:remotename)%00%(upstream:remoteref) refs/heads/master refs/remotes/master [4ms]
2023-10-04 01:23:27.857 [info] > git for-each-ref --format=%(refname)%00%(upstream:short)%00%(objectname)%00%(upstream:track)%00%(upstream:remotename)%00%(upstream:remoteref) refs/heads/master refs/remotes/master [9ms]
2023-10-04 01:23:27.862 [info] > git status -z -uall [17ms]
2023-10-04 01:23:27.862 [info] > git status -z -uall [6ms]
2023-10-04 01:23:27.862 [info] > git status -z -uall [2ms]
2023-10-04 01:23:28.311 [info] > git show --textconv :manage.py [5ms]
2023-10-04 01:23:28.312 [info] > git ls-files --stage -- /home/aa/manage.py [1ms]
2023-10-04 01:23:28.315 [info] > git cat-file -s 953dfdf8e4269d2435d2c52a7f3b3760591612a5 [1ms]
2023-10-04 01:23:28.357 [info] > git check-ignore -v -z --stdin [12ms]
2023-10-04 01:23:28.357 [info] > git check-ignore -v -z --stdin [10ms]
2023-10-04 01:23:28.357 [info] > git check-ignore -v -z --stdin [7ms]
2023-10-04 01:23:28.358 [info] > git check-ignore -v -z --stdin [5ms]
2023-10-04 01:23:28.358 [info] > git check-ignore -v -z --stdin [2ms]
2023-10-04 01:23:29.392 [info] > git check-ignore -v -z --stdin [0ms]
2023-10-04 01:23:30.475 [info] > git check-ignore -v -z --stdin [0ms]
2023-10-04 01:23:32.357 [info] > git config --get commit.template [3ms]
2023-10-04 01:23:32.358 [info] > git for-each-ref --format=%(refname)%00%(upstream:short)%00%(objectname)%00%(upstream:track)%00%(upstream:remotename)%00%(upstream:remoteref) refs/heads/khj refs/remotes/khj [1ms]
2023-10-04 01:23:32.366 [info] > git status -z -uall [6ms]
2023-10-04 01:23:32.391 [info] > git show --textconv :myproject/modira/models.py [2ms]
2023-10-04 01:23:32.391 [info] > git ls-files --stage -- /home/aa/modira/myproject/modira/models.py [0ms]
2023-10-04 01:23:32.394 [info] > git cat-file -s 47b4cc71ff5d31041a4547d5d7cb20b138f737ac [1ms]
2023-10-04 01:23:34.784 [info] > git show --textconv :myproject/modira/tests.py [3ms]
2023-10-04 01:23:34.784 [info] > git ls-files --stage -- /home/aa/modira/myproject/modira/tests.py [1ms]
2023-10-04 01:23:34.787 [info] > git cat-file -s 7ce503c2dd97ba78597f6ff6e4393132753573f6 [1ms]
2023-10-04 01:23:35.408 [info] > git show --textconv :myproject/modira/models.py [3ms]
2023-10-04 01:23:35.409 [info] > git ls-files --stage -- /home/aa/modira/myproject/modira/models.py [0ms]
2023-10-04 01:23:35.411 [info] > git cat-file -s 47b4cc71ff5d31041a4547d5d7cb20b138f737ac [1ms]
2023-10-04 01:23:35.984 [info] > git show --textconv :myproject/modira/apps.py [2ms]
2023-10-04 01:23:35.984 [info] > git ls-files --stage -- /home/aa/modira/myproject/modira/apps.py [1ms]
2023-10-04 01:23:35.986 [info] > git cat-file -s f7fcdbd3d181bd32a96f1f818640383b3c93355f [0ms]
2023-10-04 01:23:36.379 [info] > git show --textconv :myproject/modira/admin.py [3ms]
2023-10-04 01:23:36.380 [info] > git ls-files --stage -- /home/aa/modira/myproject/modira/admin.py [1ms]
2023-10-04 01:23:36.382 [info] > git cat-file -s 8c38f3f3dad51e4585f3984282c2a4bec5349c1e [0ms]
2023-10-04 01:23:37.084 [info] > git show --textconv :myproject/modira/models.py [2ms]
2023-10-04 01:23:37.084 [info] > git ls-files --stage -- /home/aa/modira/myproject/modira/models.py [0ms]
2023-10-04 01:23:37.087 [info] > git cat-file -s 47b4cc71ff5d31041a4547d5d7cb20b138f737ac [1ms]
2023-10-04 01:23:37.379 [info] > git config --get commit.template [1ms]
2023-10-04 01:23:37.382 [info] > git for-each-ref --format=%(refname)%00%(upstream:short)%00%(objectname)%00%(upstream:track)%00%(upstream:remotename)%00%(upstream:remoteref) refs/heads/khj refs/remotes/khj [1ms]
2023-10-04 01:23:37.390 [info] > git status -z -uall [6ms]
2023-10-04 01:23:38.314 [info] > git check-ignore -v -z --stdin [0ms]
2023-10-04 01:23:42.404 [info] > git config --get commit.template [1ms]
2023-10-04 01:23:42.406 [info] > git for-each-ref --format=%(refname)%00%(upstream:short)%00%(objectname)%00%(upstream:track)%00%(upstream:remotename)%00%(upstream:remoteref) refs/heads/khj refs/remotes/khj [0ms]
2023-10-04 01:23:42.414 [info] > git status -z -uall [6ms]
2023-10-04 01:23:52.421 [info] > git config --get commit.template [1ms]
2023-10-04 01:23:52.424 [info] > git for-each-ref --format=%(refname)%00%(upstream:short)%00%(objectname)%00%(upstream:track)%00%(upstream:remotename)%00%(upstream:remoteref) refs/heads/khj refs/remotes/khj [0ms]
2023-10-04 01:23:52.433 [info] > git status -z -uall [7ms]
2023-10-04 01:23:53.001 [info] > git check-ignore -v -z --stdin [0ms]
2023-10-04 01:24:02.178 [info] > git config --get commit.template [0ms]
2023-10-04 01:24:02.180 [info] > git for-each-ref --format=%(refname)%00%(upstream:short)%00%(objectname)%00%(upstream:track)%00%(upstream:remotename)%00%(upstream:remoteref) refs/heads/khj refs/remotes/khj [0ms]
2023-10-04 01:24:02.188 [info] > git status -z -uall [6ms]
2023-10-04 01:24:02.785 [info] > git check-ignore -v -z --stdin [1ms]
2023-10-04 01:24:07.204 [info] > git config --get commit.template [1ms]
2023-10-04 01:24:07.206 [info] > git for-each-ref --format=%(refname)%00%(upstream:short)%00%(objectname)%00%(upstream:track)%00%(upstream:remotename)%00%(upstream:remoteref) refs/heads/khj refs/remotes/khj [0ms]
2023-10-04 01:24:07.215 [info] > git status -z -uall [7ms]
2023-10-04 01:24:17.914 [info] > git config --get commit.template [0ms]
2023-10-04 01:24:17.918 [info] > git for-each-ref --format=%(refname)%00%(upstream:short)%00%(objectname)%00%(upstream:track)%00%(upstream:remotename)%00%(upstream:remoteref) refs/heads/khj refs/remotes/khj [1ms]
2023-10-04 01:24:17.928 [info] > git status -z -uall [8ms]
2023-10-04 01:24:18.612 [info] > git check-ignore -v -z --stdin [1ms]
2023-10-04 01:24:22.950 [info] > git config --get commit.template [2ms]
2023-10-04 01:24:22.950 [info] > git for-each-ref --format=%(refname)%00%(upstream:short)%00%(objectname)%00%(upstream:track)%00%(upstream:remotename)%00%(upstream:remoteref) refs/heads/khj refs/remotes/khj [0ms]
2023-10-04 01:24:22.958 [info] > git status -z -uall [6ms]
2023-10-04 01:24:27.970 [info] > git config --get commit.template [1ms]
2023-10-04 01:24:27.974 [info] > git for-each-ref --format=%(refname)%00%(upstream:short)%00%(objectname)%00%(upstream:track)%00%(upstream:remotename)%00%(upstream:remoteref) refs/heads/khj refs/remotes/khj [0ms]
2023-10-04 01:24:27.982 [info] > git status -z -uall [5ms]
2023-10-04 01:24:32.993 [info] > git config --get commit.template [0ms]
2023-10-04 01:24:32.996 [info] > git for-each-ref --format=%(refname)%00%(upstream:short)%00%(objectname)%00%(upstream:track)%00%(upstream:remotename)%00%(upstream:remoteref) refs/heads/khj refs/remotes/khj [0ms]
2023-10-04 01:24:33.004 [info] > git status -z -uall [6ms]
2023-10-04 01:25:46.431 [info] > git check-ignore -v -z --stdin [1ms]
2023-10-04 01:30:47.207 [info] > git config --get commit.template [1ms]
2023-10-04 01:30:47.216 [info] > git ls-files --stage -- /home/aa/manage.py [3ms]
2023-10-04 01:30:47.219 [info] > git for-each-ref --format=%(refname)%00%(upstream:short)%00%(objectname)%00%(upstream:track)%00%(upstream:remotename)%00%(upstream:remoteref) refs/heads/khj refs/remotes/khj [10ms]
2023-10-04 01:30:47.221 [info] > git cat-file -s 953dfdf8e4269d2435d2c52a7f3b3760591612a5 [2ms]
2023-10-04 01:30:47.222 [info] > git ls-files --stage -- /home/aa/modira/myproject/modira/models.py [6ms]
2023-10-04 01:30:47.224 [info] > git cat-file -s 47b4cc71ff5d31041a4547d5d7cb20b138f737ac [0ms]
2023-10-04 01:30:47.232 [info] > git show --textconv :manage.py [3ms]
2023-10-04 01:30:47.233 [info] > git show --textconv :myproject/modira/models.py [1ms]
2023-10-04 01:30:47.238 [info] > git status -z -uall [17ms]
2023-10-04 01:30:50.626 [info] > git check-ignore -v -z --stdin [1ms]
2023-10-04 01:30:51.242 [info] > git show --textconv :requirements.txt [2ms]
2023-10-04 01:30:51.242 [info] > git ls-files --stage -- /home/aa/requirements.txt [1ms]
2023-10-04 01:30:51.245 [info] > git cat-file -s b79b070598dec8a99b71a40f4623c77c82a40912 [0ms]
2023-10-04 01:30:52.261 [info] > git config --get commit.template [3ms]
2023-10-04 01:30:52.261 [info] > git for-each-ref --format=%(refname)%00%(upstream:short)%00%(objectname)%00%(upstream:track)%00%(upstream:remotename)%00%(upstream:remoteref) refs/heads/khj refs/remotes/khj [1ms]
2023-10-04 01:30:52.277 [info] > git status -z -uall [13ms]
2023-10-04 01:31:00.536 [info] > git config --get commit.template [1ms]
2023-10-04 01:31:00.540 [info] > git for-each-ref --format=%(refname)%00%(upstream:short)%00%(objectname)%00%(upstream:track)%00%(upstream:remotename)%00%(upstream:remoteref) refs/heads/khj refs/remotes/khj [1ms]
2023-10-04 01:31:00.553 [info] > git ls-files --stage -- /home/aa/manage.py [3ms]
2023-10-04 01:31:00.555 [info] > git ls-files --stage -- /home/aa/requirements.txt [3ms]
2023-10-04 01:31:00.559 [info] > git status -z -uall [17ms]
2023-10-04 01:31:00.569 [info] > git cat-file -s 953dfdf8e4269d2435d2c52a7f3b3760591612a5 [14ms]
2023-10-04 01:31:00.570 [info] > git cat-file -s 9576bd748aa9bdffbbf11ffe41052f1c580b8d33 [12ms]
2023-10-04 01:31:00.581 [info] > git show --textconv :manage.py [4ms]
2023-10-04 01:31:00.581 [info] > git show --textconv :requirements.txt [1ms]
2023-10-04 01:31:26.900 [info] > git config --get commit.template [1ms]
2023-10-04 01:31:26.903 [info] > git for-each-ref --format=%(refname)%00%(upstream:short)%00%(objectname)%00%(upstream:track)%00%(upstream:remotename)%00%(upstream:remoteref) refs/heads/khj refs/remotes/khj [1ms]
2023-10-04 01:31:26.921 [info] > git status -z -uall [16ms]
2023-10-04 01:31:57.057 [info] > git ls-files --stage -- /home/aa/manage.py [4ms]
2023-10-04 01:31:57.059 [info] > git config --get commit.template [10ms]
2023-10-04 01:31:57.061 [info] > git ls-files --stage -- /home/aa/requirements.txt [5ms]
2023-10-04 01:31:57.064 [info] > git for-each-ref --format=%(refname)%00%(upstream:short)%00%(objectname)%00%(upstream:track)%00%(upstream:remotename)%00%(upstream:remoteref) refs/heads/khj refs/remotes/khj [2ms]
2023-10-04 01:31:57.066 [info] > git cat-file -s 953dfdf8e4269d2435d2c52a7f3b3760591612a5 [7ms]
2023-10-04 01:31:57.066 [info] > git cat-file -s b79b070598dec8a99b71a40f4623c77c82a40912 [3ms]
2023-10-04 01:31:57.078 [info] > git show --textconv :manage.py [3ms]
2023-10-04 01:31:57.078 [info] > git show --textconv :requirements.txt [1ms]
2023-10-04 01:31:57.080 [info] > git status -z -uall [15ms]
2023-10-04 01:39:55.462 [info] > git config --get commit.template [9ms]
2023-10-04 01:39:55.463 [info] > git ls-files --stage -- /home/aa/requirements.txt [1ms]
2023-10-04 01:39:55.465 [info] > git ls-files --stage -- /home/aa/manage.py [6ms]
2023-10-04 01:39:55.467 [info] > git config --get commit.template [11ms]
2023-10-04 01:39:55.473 [info] > git cat-file -s b79b070598dec8a99b71a40f4623c77c82a40912 [8ms]
2023-10-04 01:39:55.473 [info] > git for-each-ref --format=%(refname)%00%(upstream:short)%00%(objectname)%00%(upstream:track)%00%(upstream:remotename)%00%(upstream:remoteref) refs/heads/khj refs/remotes/khj [2ms]
2023-10-04 01:39:55.475 [info] > git for-each-ref --format=%(refname)%00%(upstream:short)%00%(objectname)%00%(upstream:track)%00%(upstream:remotename)%00%(upstream:remoteref) refs/heads/khj refs/remotes/khj [6ms]
2023-10-04 01:39:55.477 [info] > git cat-file -s 953dfdf8e4269d2435d2c52a7f3b3760591612a5 [10ms]
2023-10-04 01:39:55.478 [info] > git status -z -uall [3ms]
2023-10-04 01:39:55.488 [info] > git show --textconv :requirements.txt [5ms]
2023-10-04 01:39:55.488 [info] > git show --textconv :manage.py [2ms]
2023-10-04 01:39:55.493 [info] > git status -z -uall [16ms]
2023-10-04 01:40:00.806 [info] > git config --get commit.template [7ms]
2023-10-04 01:40:00.807 [info] > git config --get commit.template [3ms]
2023-10-04 01:40:00.811 [info] > git for-each-ref --format=%(refname)%00%(upstream:short)%00%(objectname)%00%(upstream:track)%00%(upstream:remotename)%00%(upstream:remoteref) refs/heads/khj refs/remotes/khj [2ms]
2023-10-04 01:40:00.814 [info] > git for-each-ref --format=%(refname)%00%(upstream:short)%00%(objectname)%00%(upstream:track)%00%(upstream:remotename)%00%(upstream:remoteref) refs/heads/khj refs/remotes/khj [3ms]
2023-10-04 01:40:00.817 [info] > git status -z -uall [3ms]
2023-10-04 01:40:00.830 [info] > git status -z -uall [14ms]
