실험 'pythonaa'이(가) 활성 상태입니다.
실험 'pythonPromptNewFormatterExt'이(가) 활성 상태입니다.
실험 'pythonPromptNewToolsExt'이(가) 활성 상태입니다.
실험 'pythonTestAdapter'이(가) 활성 상태입니다.
LSP Notebooks experiment is enabled
LSP Notebooks interactive window support is enabled
> conda info --json
Python 인터프리터 경로: ~/.pyenv/versions/3.9.11/bin/python
> ~/.pyenv/versions/3.7.13/bin/python -I ~/.vscode-server/extensions/ms-python.python-2023.4.1/pythonFiles/get_output_via_markers.py ~/.vscode-server/extensions/ms-python.python-2023.4.1/pythonFiles/interpreterInfo.py
> ~/.pyenv/versions/3.8.13/bin/python -I ~/.vscode-server/extensions/ms-python.python-2023.4.1/pythonFiles/get_output_via_markers.py ~/.vscode-server/extensions/ms-python.python-2023.4.1/pythonFiles/interpreterInfo.py
> ~/.pyenv/versions/3.7.13/envs/3.7.7/bin/python -I ~/.vscode-server/extensions/ms-python.python-2023.4.1/pythonFiles/get_output_via_markers.py ~/.vscode-server/extensions/ms-python.python-2023.4.1/pythonFiles/interpreterInfo.py
> ~/.pyenv/versions/3.9.11/bin/python -I ~/.vscode-server/extensions/ms-python.python-2023.4.1/pythonFiles/get_output_via_markers.py ~/.vscode-server/extensions/ms-python.python-2023.4.1/pythonFiles/interpreterInfo.py
> ~/.pyenv/versions/3.7.13/envs/django-envs/bin/python -I ~/.vscode-server/extensions/ms-python.python-2023.4.1/pythonFiles/get_output_via_markers.py ~/.vscode-server/extensions/ms-python.python-2023.4.1/pythonFiles/interpreterInfo.py
> ~/.pyenv/versions/3.7.13/envs/django_coplate_env/bin/python -I ~/.vscode-server/extensions/ms-python.python-2023.4.1/pythonFiles/get_output_via_markers.py ~/.vscode-server/extensions/ms-python.python-2023.4.1/pythonFiles/interpreterInfo.py
> ~/.pyenv/versions/3.7.13/envs/django_podo_env/bin/python -I ~/.vscode-server/extensions/ms-python.python-2023.4.1/pythonFiles/get_output_via_markers.py ~/.vscode-server/extensions/ms-python.python-2023.4.1/pythonFiles/interpreterInfo.py
> ~/.pyenv/versions/3.9.11/envs/venv/bin/python -I ~/.vscode-server/extensions/ms-python.python-2023.4.1/pythonFiles/get_output_via_markers.py ~/.vscode-server/extensions/ms-python.python-2023.4.1/pythonFiles/interpreterInfo.py
> /usr/bin/python -I ~/.vscode-server/extensions/ms-python.python-2023.4.1/pythonFiles/get_output_via_markers.py ~/.vscode-server/extensions/ms-python.python-2023.4.1/pythonFiles/interpreterInfo.py
[ERROR 2023-8-2 22:27:43.250]: Support for Python 2.7 has been dropped by the Python extension so certain features may not work, upgrade to using Python 3.
> /usr/bin/python ~/.vscode-server/extensions/ms-python.python-2023.4.1/pythonFiles/get_output_via_markers.py ~/.vscode-server/extensions/ms-python.python-2023.4.1/pythonFiles/interpreterInfo.py
> /usr/bin/python3 -I ~/.vscode-server/extensions/ms-python.python-2023.4.1/pythonFiles/get_output_via_markers.py ~/.vscode-server/extensions/ms-python.python-2023.4.1/pythonFiles/interpreterInfo.py
Pylance 언어 서버를 시작하는 중입니다.
