2023-09-29 17:53:48.342 [info] 로그 수준: Info
2023-09-29 17:53:48.342 [info] "git"에서 찾은 git 유효성을 검사하는 중
2023-09-29 17:53:48.342 [info] "2.17.1"에서 git "git"을(를) 사용하는 중
2023-09-29 17:53:48.344 [info] > git rev-parse --show-toplevel [6ms]
2023-09-29 17:53:48.352 [info] > git rev-parse --show-toplevel [4ms]
2023-09-29 17:53:48.360 [info] > git rev-parse --show-toplevel [4ms]
2023-09-29 17:53:56.069 [info] > git rev-parse --show-toplevel [154ms]
2023-09-29 17:54:30.538 [info] > git rev-parse --show-toplevel [4ms]
2023-09-29 17:58:56.834 [info] > git rev-parse --show-toplevel [4ms]
2023-09-29 17:59:01.066 [info] > git rev-parse --show-toplevel [2ms]
2023-09-29 17:59:16.394 [info] > git rev-parse --show-toplevel [2ms]
2023-09-29 18:01:04.272 [info] > git rev-parse --show-toplevel [3ms]
2023-09-29 18:01:04.824 [info] > git rev-parse --show-toplevel [2ms]
2023-09-29 18:01:57.622 [info] > git rev-parse --show-toplevel [2ms]
2023-09-29 18:02:12.272 [info] > git rev-parse --show-toplevel [2ms]
2023-09-29 18:02:15.593 [info] > git rev-parse --show-toplevel [3ms]
2023-09-29 18:02:41.860 [info] > git rev-parse --show-toplevel [2ms]
2023-09-29 18:02:48.092 [info] > git rev-parse --show-toplevel [2ms]
2023-09-29 18:02:53.738 [info] > git rev-parse --show-toplevel [1ms]
2023-09-29 18:04:34.346 [info] > git rev-parse --show-toplevel [2ms]
2023-09-29 18:04:37.288 [info] > git rev-parse --show-toplevel [3ms]
2023-09-29 18:04:40.004 [info] > git rev-parse --show-toplevel [1ms]
2023-09-29 18:05:05.512 [info] > git rev-parse --show-toplevel [2ms]
2023-09-29 18:05:06.024 [info] > git rev-parse --show-toplevel [1ms]
2023-09-29 18:13:28.576 [info] > git rev-parse --show-toplevel [3ms]
2023-09-29 18:13:28.991 [info] > git rev-parse --show-toplevel [1ms]
2023-09-29 18:15:07.170 [info] > git rev-parse --show-toplevel [2ms]
2023-09-29 18:15:56.387 [info] > git rev-parse --show-toplevel [3ms]
2023-09-29 18:20:49.214 [info] > git rev-parse --show-toplevel [4ms]
2023-09-29 18:20:50.500 [info] > git rev-parse --show-toplevel [2ms]
2023-09-29 18:24:41.297 [info] > git rev-parse --show-toplevel [1ms]
2023-09-29 18:27:01.679 [info] > git rev-parse --show-toplevel [2ms]
2023-09-29 18:27:04.167 [info] > git rev-parse --show-toplevel [3ms]
2023-09-29 18:27:06.945 [info] > git rev-parse --show-toplevel [1ms]
2023-09-29 18:27:20.557 [info] > git rev-parse --show-toplevel [2ms]
2023-09-29 18:27:26.627 [info] > git rev-parse --show-toplevel [1ms]
2023-09-29 18:27:29.393 [info] > git rev-parse --show-toplevel [2ms]
2023-09-29 18:27:31.713 [info] > git rev-parse --show-toplevel [1ms]
2023-09-29 18:27:32.827 [info] > git rev-parse --show-toplevel [2ms]
2023-09-29 18:27:57.080 [info] > git rev-parse --show-toplevel [3ms]
2023-09-29 18:34:16.548 [info] > git rev-parse --show-toplevel [1ms]
2023-09-29 18:34:16.551 [info] > git rev-parse --git-dir --git-common-dir [1ms]
2023-09-29 18:34:16.557 [info] Open repository: /home/aa/myproject
2023-09-29 18:34:16.563 [info] > git config --get commit.template [0ms]
2023-09-29 18:34:16.571 [info] No remotes found in the git config file.
2023-09-29 18:34:16.571 [info] > git for-each-ref --format=%(refname)%00%(upstream:short)%00%(objectname)%00%(upstream:track)%00%(upstream:remotename)%00%(upstream:remoteref) refs/heads/master refs/remotes/master [2ms]
2023-09-29 18:34:16.581 [info] > git status -z -uall [1ms]
2023-09-29 18:34:16.602 [info] > git config --get commit.template [8ms]
2023-09-29 18:34:16.602 [info] No remotes found in the git config file.
2023-09-29 18:34:16.602 [info] > git for-each-ref --format=%(refname)%00%(upstream:short)%00%(objectname)%00%(upstream:track)%00%(upstream:remotename)%00%(upstream:remoteref) refs/heads/master refs/remotes/master [1ms]
2023-09-29 18:34:16.606 [info] > git status -z -uall [1ms]
2023-09-29 18:34:16.903 [info] > git show --textconv :myproject/settings.py [13ms]
2023-09-29 18:34:16.903 [info] > git show --textconv :modira/models.py [11ms]
2023-09-29 18:34:16.903 [info] > git show --textconv :modira/validators.py [8ms]
2023-09-29 18:34:16.903 [info] > git ls-files --stage -- /home/aa/myproject/modira/models.py [3ms]
2023-09-29 18:34:16.903 [info] > git ls-files --stage -- /home/aa/myproject/myproject/settings.py [6ms]
2023-09-29 18:34:16.904 [info] > git ls-files --stage -- /home/aa/myproject/modira/validators.py [2ms]
2023-09-29 18:34:17.085 [info] > git check-ignore -v -z --stdin [1ms]
2023-09-29 18:38:44.455 [info] > git config --get commit.template [1ms]
2023-09-29 18:38:44.458 [info] No remotes found in the git config file.
2023-09-29 18:38:44.458 [info] > git for-each-ref --format=%(refname)%00%(upstream:short)%00%(objectname)%00%(upstream:track)%00%(upstream:remotename)%00%(upstream:remoteref) refs/heads/master refs/remotes/master [1ms]
2023-09-29 18:38:44.462 [info] > git status -z -uall [1ms]
2023-09-29 18:38:44.569 [info] > git ls-files --stage -- /home/aa/myproject/modira/validators.py [5ms]
2023-09-29 18:38:44.570 [info] > git ls-files --stage -- /home/aa/myproject/modira/models.py [9ms]
2023-09-29 18:38:44.570 [info] > git ls-files --stage -- /home/aa/myproject/myproject/settings.py [11ms]
2023-09-29 18:38:44.591 [info] > git show --textconv :modira/validators.py [13ms]
2023-09-29 18:38:44.591 [info] > git show --textconv :modira/models.py [7ms]
2023-09-29 18:38:44.591 [info] > git show --textconv :myproject/settings.py [1ms]
2023-09-29 18:38:53.373 [info] > git config --get commit.template [1ms]
2023-09-29 18:38:53.376 [info] No remotes found in the git config file.
2023-09-29 18:38:53.376 [info] > git for-each-ref --format=%(refname)%00%(upstream:short)%00%(objectname)%00%(upstream:track)%00%(upstream:remotename)%00%(upstream:remoteref) refs/heads/master refs/remotes/master [0ms]
2023-09-29 18:38:53.380 [info] > git status -z -uall [0ms]
2023-09-29 18:38:53.487 [info] > git ls-files --stage -- /home/aa/myproject/modira/validators.py [4ms]
2023-09-29 18:38:53.488 [info] > git ls-files --stage -- /home/aa/myproject/modira/models.py [8ms]
2023-09-29 18:38:53.488 [info] > git ls-files --stage -- /home/aa/myproject/myproject/settings.py [11ms]
2023-09-29 18:38:53.506 [info] > git show --textconv :modira/validators.py [8ms]
2023-09-29 18:38:53.506 [info] > git show --textconv :modira/models.py [4ms]
2023-09-29 18:38:53.506 [info] > git show --textconv :myproject/settings.py [0ms]
2023-09-29 18:38:55.859 [info] > git ls-files --stage -- /home/aa/myproject/modira/validators.py [1ms]
2023-09-29 18:38:55.862 [info] > git ls-files --stage -- /home/aa/myproject/modira/models.py [6ms]
2023-09-29 18:38:55.865 [info] > git ls-files --stage -- /home/aa/myproject/myproject/settings.py [11ms]
2023-09-29 18:38:55.868 [info] > git cat-file -s 210634cfe582967a8f63c2826b47d3115a469b98 [1ms]
2023-09-29 18:38:55.869 [info] > git cat-file -s 47b4cc71ff5d31041a4547d5d7cb20b138f737ac [5ms]
2023-09-29 18:38:55.869 [info] > git cat-file -s bde8ebabff8aea5038ec3659e3501755418f8b30 [7ms]
2023-09-29 18:38:55.894 [info] > git show --textconv :myproject/settings.py [17ms]
2023-09-29 18:38:55.894 [info] > git show --textconv :modira/models.py [9ms]
2023-09-29 18:38:55.894 [info] > git show --textconv :modira/validators.py [1ms]
2023-09-29 18:38:58.386 [info] > git config --get commit.template [1ms]
2023-09-29 18:38:58.389 [info] No remotes found in the git config file.
2023-09-29 18:38:58.390 [info] > git for-each-ref --format=%(refname)%00%(upstream:short)%00%(objectname)%00%(upstream:track)%00%(upstream:remotename)%00%(upstream:remoteref) refs/heads/master refs/remotes/master [1ms]
2023-09-29 18:38:58.393 [info] > git status -z -uall [0ms]
2023-09-29 18:39:00.092 [info] > git ls-files --stage -- /home/aa/myproject/modira/models.py [4ms]
2023-09-29 18:39:00.095 [info] > git ls-files --stage -- /home/aa/myproject/myproject/settings.py [10ms]
2023-09-29 18:39:00.098 [info] > git cat-file -s 47b4cc71ff5d31041a4547d5d7cb20b138f737ac [3ms]
2023-09-29 18:39:00.098 [info] > git ls-files --stage -- /home/aa/myproject/modira/validators.py [6ms]
2023-09-29 18:39:00.101 [info] > git cat-file -s 210634cfe582967a8f63c2826b47d3115a469b98 [4ms]
2023-09-29 18:39:00.102 [info] > git cat-file -s bde8ebabff8aea5038ec3659e3501755418f8b30 [1ms]
2023-09-29 18:39:00.113 [info] > git show --textconv :modira/models.py [5ms]
2023-09-29 18:39:00.113 [info] > git show --textconv :myproject/settings.py [3ms]
2023-09-29 18:39:00.113 [info] > git show --textconv :modira/validators.py [0ms]
2023-09-29 18:39:03.399 [info] > git config --get commit.template [0ms]
2023-09-29 18:39:03.402 [info] No remotes found in the git config file.
2023-09-29 18:39:03.402 [info] > git for-each-ref --format=%(refname)%00%(upstream:short)%00%(objectname)%00%(upstream:track)%00%(upstream:remotename)%00%(upstream:remoteref) refs/heads/master refs/remotes/master [0ms]
2023-09-29 18:39:03.406 [info] > git status -z -uall [1ms]
2023-09-29 18:39:22.760 [info] > git config --get commit.template [3ms]
2023-09-29 18:39:22.761 [info] > git for-each-ref --format=%(refname)%00%(upstream:short)%00%(objectname)%00%(upstream:track)%00%(upstream:remotename)%00%(upstream:remoteref) refs/heads/master refs/remotes/master [1ms]
2023-09-29 18:39:22.764 [info] > git status -z -uall [1ms]
2023-09-29 18:39:22.868 [info] > git ls-files --stage -- /home/aa/myproject/modira/models.py [4ms]
2023-09-29 18:39:22.871 [info] > git ls-files --stage -- /home/aa/myproject/myproject/settings.py [10ms]
2023-09-29 18:39:22.874 [info] > git cat-file -s 47b4cc71ff5d31041a4547d5d7cb20b138f737ac [3ms]
2023-09-29 18:39:22.875 [info] > git ls-files --stage -- /home/aa/myproject/modira/validators.py [8ms]
2023-09-29 18:39:22.877 [info] > git cat-file -s 210634cfe582967a8f63c2826b47d3115a469b98 [3ms]
2023-09-29 18:39:22.878 [info] > git cat-file -s bde8ebabff8aea5038ec3659e3501755418f8b30 [1ms]
2023-09-29 18:39:22.892 [info] > git show --textconv :modira/models.py [8ms]
2023-09-29 18:39:22.892 [info] > git show --textconv :myproject/settings.py [6ms]
2023-09-29 18:39:22.892 [info] > git show --textconv :modira/validators.py [0ms]
2023-09-29 18:40:46.184 [info] > git config --get commit.template [1ms]
2023-09-29 18:40:46.188 [info] > git for-each-ref --format=%(refname)%00%(upstream:short)%00%(objectname)%00%(upstream:track)%00%(upstream:remotename)%00%(upstream:remoteref) refs/heads/khj refs/remotes/khj [1ms]
2023-09-29 18:40:46.191 [info] > git status -z -uall [1ms]
2023-09-29 18:40:46.294 [info] > git ls-files --stage -- /home/aa/myproject/modira/validators.py [1ms]
2023-09-29 18:40:46.297 [info] > git ls-files --stage -- /home/aa/myproject/modira/models.py [6ms]
2023-09-29 18:40:46.299 [info] > git ls-files --stage -- /home/aa/myproject/myproject/settings.py [12ms]
2023-09-29 18:40:46.302 [info] > git cat-file -s 47b4cc71ff5d31041a4547d5d7cb20b138f737ac [3ms]
2023-09-29 18:40:46.302 [info] > git cat-file -s bde8ebabff8aea5038ec3659e3501755418f8b30 [6ms]
2023-09-29 18:40:46.303 [info] > git cat-file -s 210634cfe582967a8f63c2826b47d3115a469b98 [2ms]
2023-09-29 18:40:46.316 [info] > git show --textconv :modira/models.py [7ms]
2023-09-29 18:40:46.316 [info] > git show --textconv :modira/validators.py [4ms]
2023-09-29 18:40:46.316 [info] > git show --textconv :myproject/settings.py [0ms]
2023-09-29 18:40:55.414 [info] > git config --get commit.template [1ms]
2023-09-29 18:40:55.417 [info] > git for-each-ref --format=%(refname)%00%(upstream:short)%00%(objectname)%00%(upstream:track)%00%(upstream:remotename)%00%(upstream:remoteref) refs/heads/khj refs/remotes/khj [0ms]
2023-09-29 18:40:55.420 [info] > git status -z -uall [0ms]
2023-09-29 18:40:55.525 [info] > git ls-files --stage -- /home/aa/myproject/modira/models.py [3ms]
2023-09-29 18:40:55.528 [info] > git ls-files --stage -- /home/aa/myproject/myproject/settings.py [9ms]
2023-09-29 18:40:55.532 [info] > git cat-file -s 47b4cc71ff5d31041a4547d5d7cb20b138f737ac [3ms]
2023-09-29 18:40:55.532 [info] > git ls-files --stage -- /home/aa/myproject/modira/validators.py [8ms]
2023-09-29 18:40:55.535 [info] > git cat-file -s 210634cfe582967a8f63c2826b47d3115a469b98 [5ms]
2023-09-29 18:40:55.535 [info] > git cat-file -s bde8ebabff8aea5038ec3659e3501755418f8b30 [1ms]
2023-09-29 18:40:55.546 [info] > git show --textconv :modira/models.py [6ms]
2023-09-29 18:40:55.547 [info] > git show --textconv :myproject/settings.py [4ms]
2023-09-29 18:40:55.547 [info] > git show --textconv :modira/validators.py [1ms]
2023-09-29 18:42:05.919 [info] > git config --get commit.template [1ms]
2023-09-29 18:42:05.922 [info] > git for-each-ref --format=%(refname)%00%(upstream:short)%00%(objectname)%00%(upstream:track)%00%(upstream:remotename)%00%(upstream:remoteref) refs/heads/khj refs/remotes/khj [0ms]
2023-09-29 18:42:05.926 [info] > git status -z -uall [1ms]
2023-09-29 18:42:06.027 [info] > git ls-files --stage -- /home/aa/myproject/modira/validators.py [1ms]
2023-09-29 18:42:06.030 [info] > git ls-files --stage -- /home/aa/myproject/modira/models.py [7ms]
2023-09-29 18:42:06.034 [info] > git ls-files --stage -- /home/aa/myproject/myproject/settings.py [14ms]
2023-09-29 18:42:06.037 [info] > git cat-file -s 47b4cc71ff5d31041a4547d5d7cb20b138f737ac [3ms]
2023-09-29 18:42:06.038 [info] > git cat-file -s bde8ebabff8aea5038ec3659e3501755418f8b30 [8ms]
2023-09-29 18:42:06.039 [info] > git cat-file -s 210634cfe582967a8f63c2826b47d3115a469b98 [2ms]
2023-09-29 18:42:06.055 [info] > git show --textconv :modira/models.py [11ms]
2023-09-29 18:42:06.055 [info] > git show --textconv :modira/validators.py [8ms]
2023-09-29 18:42:06.055 [info] > git show --textconv :myproject/settings.py [0ms]
2023-09-29 18:42:42.526 [info] > git config --get commit.template [1ms]
2023-09-29 18:42:42.530 [info] > git for-each-ref --format=%(refname)%00%(upstream:short)%00%(objectname)%00%(upstream:track)%00%(upstream:remotename)%00%(upstream:remoteref) refs/heads/khj refs/remotes/khj [1ms]
2023-09-29 18:42:42.535 [info] > git status -z -uall [1ms]
2023-09-29 18:42:42.635 [info] > git ls-files --stage -- /home/aa/myproject/modira/validators.py [1ms]
2023-09-29 18:42:42.638 [info] > git ls-files --stage -- /home/aa/myproject/modira/models.py [6ms]
2023-09-29 18:42:42.641 [info] > git ls-files --stage -- /home/aa/myproject/myproject/settings.py [12ms]
2023-09-29 18:42:42.644 [info] > git cat-file -s 47b4cc71ff5d31041a4547d5d7cb20b138f737ac [3ms]
2023-09-29 18:42:42.645 [info] > git cat-file -s bde8ebabff8aea5038ec3659e3501755418f8b30 [7ms]
2023-09-29 18:42:42.645 [info] > git cat-file -s 210634cfe582967a8f63c2826b47d3115a469b98 [1ms]
2023-09-29 18:42:42.658 [info] > git show --textconv :modira/models.py [7ms]
2023-09-29 18:42:42.658 [info] > git show --textconv :modira/validators.py [4ms]
2023-09-29 18:42:42.660 [info] > git show --textconv :myproject/settings.py [2ms]
2023-09-29 18:45:53.098 [info] > git config --get commit.template [1ms]
2023-09-29 18:45:53.101 [info] > git for-each-ref --format=%(refname)%00%(upstream:short)%00%(objectname)%00%(upstream:track)%00%(upstream:remotename)%00%(upstream:remoteref) refs/heads/khj refs/remotes/khj [1ms]
2023-09-29 18:45:53.104 [info] > git status -z -uall [0ms]
2023-09-29 18:51:13.230 [info] > git config --get commit.template [1ms]
2023-09-29 18:51:13.234 [info] > git for-each-ref --format=%(refname)%00%(upstream:short)%00%(objectname)%00%(upstream:track)%00%(upstream:remotename)%00%(upstream:remoteref) refs/heads/khj refs/remotes/khj [0ms]
2023-09-29 18:51:13.238 [info] > git status -z -uall [1ms]
2023-09-29 18:51:18.244 [info] > git config --get commit.template [0ms]
2023-09-29 18:51:18.248 [info] > git for-each-ref --format=%(refname)%00%(upstream:short)%00%(objectname)%00%(upstream:track)%00%(upstream:remotename)%00%(upstream:remoteref) refs/heads/khj refs/remotes/khj [1ms]
2023-09-29 18:51:18.251 [info] > git status -z -uall [1ms]
2023-09-29 18:51:38.280 [info] > git config --get commit.template [1ms]
2023-09-29 18:51:38.283 [info] > git for-each-ref --format=%(refname)%00%(upstream:short)%00%(objectname)%00%(upstream:track)%00%(upstream:remotename)%00%(upstream:remoteref) refs/heads/khj refs/remotes/khj [1ms]
2023-09-29 18:51:38.286 [info] > git status -z -uall [1ms]
2023-09-29 18:51:40.479 [info] > git check-ignore -v -z --stdin [0ms]
2023-09-29 18:51:43.293 [info] > git config --get commit.template [3ms]
2023-09-29 18:51:43.293 [info] > git for-each-ref --format=%(refname)%00%(upstream:short)%00%(objectname)%00%(upstream:track)%00%(upstream:remotename)%00%(upstream:remoteref) refs/heads/khj refs/remotes/khj [0ms]
2023-09-29 18:51:43.296 [info] > git status -z -uall [0ms]
2023-09-29 18:51:58.921 [info] > git config --get commit.template [1ms]
2023-09-29 18:51:58.924 [info] > git for-each-ref --format=%(refname)%00%(upstream:short)%00%(objectname)%00%(upstream:track)%00%(upstream:remotename)%00%(upstream:remoteref) refs/heads/khj refs/remotes/khj [1ms]
2023-09-29 18:51:58.927 [info] > git status -z -uall [1ms]
2023-09-29 18:51:59.048 [info] > git ls-files --stage -- /home/aa/myproject/modira/models.py [5ms]
2023-09-29 18:51:59.052 [info] > git ls-files --stage -- /home/aa/myproject/myproject/settings.py [10ms]
2023-09-29 18:51:59.055 [info] > git cat-file -s 47b4cc71ff5d31041a4547d5d7cb20b138f737ac [4ms]
2023-09-29 18:51:59.056 [info] > git ls-files --stage -- /home/aa/myproject/modira/validators.py [9ms]
2023-09-29 18:51:59.059 [info] > git cat-file -s 210634cfe582967a8f63c2826b47d3115a469b98 [4ms]
2023-09-29 18:51:59.060 [info] > git cat-file -s bde8ebabff8aea5038ec3659e3501755418f8b30 [1ms]
2023-09-29 18:51:59.073 [info] > git show --textconv :modira/models.py [7ms]
2023-09-29 18:51:59.073 [info] > git show --textconv :myproject/settings.py [4ms]
2023-09-29 18:51:59.074 [info] > git show --textconv :modira/validators.py [1ms]
2023-09-29 18:52:26.752 [info] > git config --get commit.template [3ms]
2023-09-29 18:52:26.752 [info] > git for-each-ref --format=%(refname)%00%(upstream:short)%00%(objectname)%00%(upstream:track)%00%(upstream:remotename)%00%(upstream:remoteref) refs/heads/khj refs/remotes/khj [1ms]
2023-09-29 18:52:26.755 [info] > git status -z -uall [1ms]
2023-09-29 18:52:45.342 [info] > git config --get commit.template [1ms]
2023-09-29 18:52:45.346 [info] > git for-each-ref --format=%(refname)%00%(upstream:short)%00%(objectname)%00%(upstream:track)%00%(upstream:remotename)%00%(upstream:remoteref) refs/heads/khj refs/remotes/khj [1ms]
2023-09-29 18:52:45.349 [info] > git status -z -uall [1ms]
2023-09-29 18:52:45.454 [info] > git ls-files --stage -- /home/aa/myproject/modira/validators.py [2ms]
2023-09-29 18:52:45.456 [info] > git ls-files --stage -- /home/aa/myproject/modira/models.py [7ms]
2023-09-29 18:52:45.459 [info] > git ls-files --stage -- /home/aa/myproject/myproject/settings.py [12ms]
2023-09-29 18:52:45.461 [info] > git cat-file -s 210634cfe582967a8f63c2826b47d3115a469b98 [0ms]
2023-09-29 18:52:45.462 [info] > git cat-file -s 47b4cc71ff5d31041a4547d5d7cb20b138f737ac [4ms]
2023-09-29 18:52:45.462 [info] > git cat-file -s bde8ebabff8aea5038ec3659e3501755418f8b30 [6ms]
2023-09-29 18:52:45.477 [info] > git show --textconv :myproject/settings.py [5ms]
2023-09-29 18:52:45.477 [info] > git show --textconv :modira/models.py [3ms]
2023-09-29 18:52:45.477 [info] > git show --textconv :modira/validators.py [0ms]
2023-09-29 18:55:32.011 [info] > git config --get commit.template [0ms]
2023-09-29 18:55:32.015 [info] > git for-each-ref --format=%(refname)%00%(upstream:short)%00%(objectname)%00%(upstream:track)%00%(upstream:remotename)%00%(upstream:remoteref) refs/heads/khj refs/remotes/khj [1ms]
2023-09-29 18:55:32.018 [info] > git status -z -uall [0ms]
2023-09-29 18:55:41.306 [info] > git config --get commit.template [0ms]
2023-09-29 18:55:41.310 [info] > git for-each-ref --format=%(refname)%00%(upstream:short)%00%(objectname)%00%(upstream:track)%00%(upstream:remotename)%00%(upstream:remoteref) refs/heads/khj refs/remotes/khj [1ms]
2023-09-29 18:55:41.314 [info] > git status -z -uall [1ms]
2023-09-29 18:55:41.416 [info] > git ls-files --stage -- /home/aa/myproject/modira/validators.py [1ms]
2023-09-29 18:55:41.419 [info] > git ls-files --stage -- /home/aa/myproject/modira/models.py [7ms]
2023-09-29 18:55:41.421 [info] > git ls-files --stage -- /home/aa/myproject/myproject/settings.py [12ms]
2023-09-29 18:55:41.424 [info] > git cat-file -s df99f27f1368571c5758beb251c405134a20b031 [3ms]
2023-09-29 18:55:41.425 [info] > git cat-file -s bde8ebabff8aea5038ec3659e3501755418f8b30 [7ms]
2023-09-29 18:55:41.425 [info] > git cat-file -s 210634cfe582967a8f63c2826b47d3115a469b98 [1ms]
2023-09-29 18:55:41.439 [info] > git show --textconv :modira/models.py [6ms]
2023-09-29 18:55:41.439 [info] > git show --textconv :modira/validators.py [3ms]
2023-09-29 18:55:41.439 [info] > git show --textconv :myproject/settings.py [0ms]
2023-09-29 18:57:01.302 [info] > git config --get commit.template [0ms]
2023-09-29 18:57:01.306 [info] > git for-each-ref --format=%(refname)%00%(upstream:short)%00%(objectname)%00%(upstream:track)%00%(upstream:remotename)%00%(upstream:remoteref) refs/heads/khj refs/remotes/khj [0ms]
2023-09-29 18:57:01.310 [info] > git status -z -uall [1ms]
2023-09-29 18:57:01.414 [info] > git ls-files --stage -- /home/aa/myproject/modira/validators.py [1ms]
2023-09-29 18:57:01.418 [info] > git ls-files --stage -- /home/aa/myproject/modira/models.py [9ms]
2023-09-29 18:57:01.421 [info] > git ls-files --stage -- /home/aa/myproject/myproject/settings.py [15ms]
2023-09-29 18:57:01.424 [info] > git cat-file -s df99f27f1368571c5758beb251c405134a20b031 [4ms]
2023-09-29 18:57:01.425 [info] > git cat-file -s bde8ebabff8aea5038ec3659e3501755418f8b30 [7ms]
2023-09-29 18:57:01.425 [info] > git cat-file -s 210634cfe582967a8f63c2826b47d3115a469b98 [1ms]
2023-09-29 18:57:01.439 [info] > git show --textconv :modira/models.py [8ms]
2023-09-29 18:57:01.439 [info] > git show --textconv :modira/validators.py [4ms]
2023-09-29 18:57:01.439 [info] > git show --textconv :myproject/settings.py [1ms]
2023-09-29 19:02:21.624 [info] > git config --get commit.template [1ms]
2023-09-29 19:02:21.627 [info] > git for-each-ref --format=%(refname)%00%(upstream:short)%00%(objectname)%00%(upstream:track)%00%(upstream:remotename)%00%(upstream:remoteref) refs/heads/khj refs/remotes/khj [1ms]
2023-09-29 19:02:21.630 [info] > git status -z -uall [1ms]
2023-09-29 19:02:21.735 [info] > git ls-files --stage -- /home/aa/myproject/modira/validators.py [1ms]
2023-09-29 19:02:21.738 [info] > git ls-files --stage -- /home/aa/myproject/modira/models.py [7ms]
2023-09-29 19:02:21.742 [info] > git ls-files --stage -- /home/aa/myproject/myproject/settings.py [14ms]
2023-09-29 19:02:21.747 [info] > git cat-file -s df99f27f1368571c5758beb251c405134a20b031 [6ms]
2023-09-29 19:02:21.747 [info] > git cat-file -s bde8ebabff8aea5038ec3659e3501755418f8b30 [9ms]
2023-09-29 19:02:21.747 [info] > git cat-file -s 210634cfe582967a8f63c2826b47d3115a469b98 [1ms]
2023-09-29 19:02:21.765 [info] > git show --textconv :modira/models.py [6ms]
2023-09-29 19:02:21.765 [info] > git show --textconv :modira/validators.py [3ms]
2023-09-29 19:02:21.765 [info] > git show --textconv :myproject/settings.py [0ms]
2023-09-29 19:02:28.043 [info] > git config --get commit.template [0ms]
2023-09-29 19:02:28.046 [info] > git for-each-ref --format=%(refname)%00%(upstream:short)%00%(objectname)%00%(upstream:track)%00%(upstream:remotename)%00%(upstream:remoteref) refs/heads/khj refs/remotes/khj [0ms]
2023-09-29 19:02:28.050 [info] > git status -z -uall [1ms]
2023-09-29 19:02:28.157 [info] > git ls-files --stage -- /home/aa/myproject/modira/validators.py [1ms]
2023-09-29 19:02:28.160 [info] > git ls-files --stage -- /home/aa/myproject/modira/models.py [7ms]
2023-09-29 19:02:28.163 [info] > git ls-files --stage -- /home/aa/myproject/myproject/settings.py [13ms]
2023-09-29 19:02:28.166 [info] > git cat-file -s 210634cfe582967a8f63c2826b47d3115a469b98 [0ms]
2023-09-29 19:02:28.167 [info] > git cat-file -s df99f27f1368571c5758beb251c405134a20b031 [4ms]
2023-09-29 19:02:28.167 [info] > git cat-file -s bde8ebabff8aea5038ec3659e3501755418f8b30 [7ms]
2023-09-29 19:02:28.181 [info] > git show --textconv :myproject/settings.py [7ms]
2023-09-29 19:02:28.182 [info] > git show --textconv :modira/models.py [5ms]
2023-09-29 19:02:28.182 [info] > git show --textconv :modira/validators.py [1ms]
