2023-10-02 22:23:58.766 [info] 로그 수준: Info
2023-10-02 22:23:58.766 [info] "git"에서 찾은 git 유효성을 검사하는 중
2023-10-02 22:23:58.766 [info] "2.17.1"에서 git "git"을(를) 사용하는 중
2023-10-02 22:23:58.766 [info] > git rev-parse --show-toplevel [50ms]
2023-10-02 22:23:58.771 [info] > git rev-parse --git-dir --git-common-dir [23ms]
2023-10-02 22:23:58.779 [info] Open repository: /home/aa
2023-10-02 22:23:58.801 [info] > git rev-parse --show-toplevel [18ms]
2023-10-02 22:23:58.836 [info] > git rev-parse --show-toplevel [31ms]
2023-10-02 22:23:58.840 [info] > git config --get commit.template [38ms]
2023-10-02 22:23:58.841 [info] > git rev-parse --show-toplevel [2ms]
2023-10-02 22:23:58.850 [info] > git rev-parse --show-toplevel [6ms]
2023-10-02 22:23:58.859 [info] > git for-each-ref --format=%(refname)%00%(upstream:short)%00%(objectname)%00%(upstream:track)%00%(upstream:remotename)%00%(upstream:remoteref) refs/heads/khj refs/remotes/khj [10ms]
2023-10-02 22:23:58.873 [info] > git rev-parse --show-toplevel [19ms]
2023-10-02 22:23:58.885 [info] > git rev-parse --show-toplevel [9ms]
2023-10-02 22:23:58.889 [info] > git rev-parse --git-dir --git-common-dir [0ms]
2023-10-02 22:23:58.891 [info] Open repository: /home/aa/.oh-my-zsh
2023-10-02 22:23:58.899 [info] > git rev-parse --show-toplevel [4ms]
2023-10-02 22:23:58.904 [info] > git rev-parse --git-dir --git-common-dir [1ms]
2023-10-02 22:23:58.906 [info] Open repository: /home/aa/.pyenv
2023-10-02 22:23:58.910 [info] > git config --get commit.template [12ms]
2023-10-02 22:23:58.917 [info] > git rev-parse --show-toplevel [7ms]
2023-10-02 22:23:58.929 [info] > git rev-parse --show-toplevel [8ms]
2023-10-02 22:23:58.933 [info] > git config --get commit.template [19ms]
2023-10-02 22:23:58.934 [info] > git rev-parse --show-toplevel [2ms]
2023-10-02 22:23:58.937 [info] > git for-each-ref --format=%(refname)%00%(upstream:short)%00%(objectname)%00%(upstream:track)%00%(upstream:remotename)%00%(upstream:remoteref) refs/heads/master refs/remotes/master [13ms]
2023-10-02 22:23:58.945 [info] > git status -z -uall [5ms]
2023-10-02 22:23:58.946 [info] > git rev-parse --show-toplevel [9ms]
2023-10-02 22:23:58.950 [info] > git rev-parse --show-toplevel [1ms]
2023-10-02 22:23:58.953 [info] > git for-each-ref --format=%(refname)%00%(upstream:short)%00%(objectname)%00%(upstream:track)%00%(upstream:remotename)%00%(upstream:remoteref) refs/heads/master refs/remotes/master [9ms]
2023-10-02 22:23:58.968 [info] > git status -z -uall [106ms] (cancelled)
2023-10-02 22:23:58.968 [info] > git rev-parse --git-dir --git-common-dir [15ms]
2023-10-02 22:23:58.970 [info] Open repository: /home/aa/MathTool
2023-10-02 22:23:58.977 [info] > git status -z -uall [21ms]
2023-10-02 22:23:58.977 [info] > git rev-parse --show-toplevel [4ms]
2023-10-02 22:23:58.980 [info] > git config --get commit.template [15ms]
2023-10-02 22:23:58.987 [info] > git rev-parse --git-dir --git-common-dir [7ms]
2023-10-02 22:23:58.989 [info] Open repository: /home/aa/Yacht_Console
2023-10-02 22:23:58.994 [info] > git config --get commit.template [18ms]
2023-10-02 22:23:59.004 [info] > git rev-parse --show-toplevel [11ms]
2023-10-02 22:23:59.007 [info] > git config --get commit.template [21ms]
2023-10-02 22:23:59.012 [info] > git rev-parse --git-dir --git-common-dir [5ms]
2023-10-02 22:23:59.014 [info] Open repository: /home/aa/autojump
2023-10-02 22:23:59.018 [info] > git config --get commit.template [16ms]
2023-10-02 22:23:59.018 [info] > git for-each-ref --format=%(refname)%00%(upstream:short)%00%(objectname)%00%(upstream:track)%00%(upstream:remotename)%00%(upstream:remoteref) refs/heads/master refs/remotes/master [19ms]
2023-10-02 22:23:59.029 [info] > git status -z -uall [8ms]
2023-10-02 22:23:59.029 [info] > git rev-parse --show-toplevel [11ms]
2023-10-02 22:23:59.033 [info] > git for-each-ref --format=%(refname)%00%(upstream:short)%00%(objectname)%00%(upstream:track)%00%(upstream:remotename)%00%(upstream:remoteref) refs/heads/premium refs/remotes/premium [21ms]
2023-10-02 22:23:59.041 [info] > git status -z -uall [5ms]
2023-10-02 22:23:59.041 [info] > git rev-parse --show-toplevel [9ms]
2023-10-02 22:23:59.044 [info] > git config --get commit.template [17ms]
2023-10-02 22:23:59.044 [info] > git for-each-ref --format=%(refname)%00%(upstream:short)%00%(objectname)%00%(upstream:track)%00%(upstream:remotename)%00%(upstream:remoteref) refs/heads/master refs/remotes/master [20ms]
2023-10-02 22:23:59.050 [info] > git rev-parse --show-toplevel [6ms]
2023-10-02 22:23:59.053 [info] > git for-each-ref --format=%(refname)%00%(upstream:short)%00%(objectname)%00%(upstream:track)%00%(upstream:remotename)%00%(upstream:remoteref) refs/heads/main refs/remotes/main [15ms]
2023-10-02 22:23:59.062 [info] > git status -z -uall [15ms]
2023-10-02 22:23:59.062 [info] > git status -z -uall [6ms]
2023-10-02 22:23:59.064 [info] > git rev-parse --show-toplevel [11ms]
2023-10-02 22:23:59.078 [info] > git rev-parse --show-toplevel [11ms]
2023-10-02 22:23:59.081 [info] > git for-each-ref --format=%(refname)%00%(upstream:short)%00%(objectname)%00%(upstream:track)%00%(upstream:remotename)%00%(upstream:remoteref) refs/heads/master refs/remotes/master [20ms]
2023-10-02 22:23:59.085 [info] > git rev-parse --show-toplevel [4ms]
2023-10-02 22:23:59.089 [info] > git status -z -uall [5ms]
2023-10-02 22:23:59.089 [info] > git rev-parse --show-toplevel [1ms]
2023-10-02 22:23:59.094 [info] > git rev-parse --show-toplevel [3ms]
2023-10-02 22:23:59.097 [info] > git rev-parse --show-toplevel [0ms]
2023-10-02 22:23:59.101 [info] > git rev-parse --git-dir --git-common-dir [1ms]
2023-10-02 22:23:59.103 [info] Open repository: /home/aa/myproject
2023-10-02 22:23:59.110 [info] > git rev-parse --show-toplevel [4ms]
2023-10-02 22:23:59.118 [info] > git rev-parse --show-toplevel [5ms]
2023-10-02 22:23:59.122 [info] > git config --get commit.template [12ms]
2023-10-02 22:23:59.123 [info] > git rev-parse --show-toplevel [2ms]
2023-10-02 22:23:59.130 [info] > git rev-parse --git-dir --git-common-dir [4ms]
2023-10-02 22:23:59.132 [info] Open repository: /home/aa/zsh-syntax-highlighting
2023-10-02 22:23:59.154 [info] > git rev-parse --show-toplevel [19ms]
2023-10-02 22:23:59.155 [info] > git for-each-ref --format=%(refname)%00%(upstream:short)%00%(objectname)%00%(upstream:track)%00%(upstream:remotename)%00%(upstream:remoteref) refs/heads/khj refs/remotes/khj [26ms]
2023-10-02 22:23:59.160 [info] > git status -z -uall [2ms]
2023-10-02 22:23:59.164 [info] > git config --get commit.template [24ms]
2023-10-02 22:23:59.170 [info] > git for-each-ref --format=%(refname)%00%(upstream:short)%00%(objectname)%00%(upstream:track)%00%(upstream:remotename)%00%(upstream:remoteref) refs/heads/master refs/remotes/master [2ms]
2023-10-02 22:23:59.177 [info] > git status -z -uall [4ms]
2023-10-02 22:23:59.310 [info] > git check-ignore -v -z --stdin [1ms]
2023-10-02 22:23:59.449 [info] > git show --textconv :.zshrc [4ms]
2023-10-02 22:23:59.449 [info] > git ls-files --stage -- /home/aa/.zshrc [1ms]
2023-10-02 22:24:01.176 [info] > git config --get commit.template [1ms]
2023-10-02 22:24:01.179 [info] > git for-each-ref --format=%(refname)%00%(upstream:short)%00%(objectname)%00%(upstream:track)%00%(upstream:remotename)%00%(upstream:remoteref) refs/heads/khj refs/remotes/khj [0ms]
2023-10-02 22:24:01.699 [info] > git status -z -uall [517ms] (cancelled)
2023-10-02 22:24:07.334 [info] > git check-ignore -v -z --stdin [16ms]
2023-10-02 22:24:07.335 [info] > git check-ignore -v -z --stdin [13ms]
2023-10-02 22:24:07.335 [info] > git check-ignore -v -z --stdin [9ms]
2023-10-02 22:24:07.336 [info] > git check-ignore -v -z --stdin [6ms]
2023-10-02 22:24:07.336 [info] > git check-ignore -v -z --stdin [3ms]
2023-10-02 22:24:10.108 [info] > git check-ignore -v -z --stdin [11ms]
2023-10-02 22:24:10.108 [info] > git check-ignore -v -z --stdin [8ms]
2023-10-02 22:24:10.108 [info] > git check-ignore -v -z --stdin [5ms]
2023-10-02 22:24:10.108 [info] > git check-ignore -v -z --stdin [1ms]
