2023-10-02 22:21:14.312 [info] 로그 수준: Info
2023-10-02 22:21:14.312 [info] "git"에서 찾은 git 유효성을 검사하는 중
2023-10-02 22:21:14.313 [info] "2.17.1"에서 git "git"을(를) 사용하는 중
2023-10-02 22:21:14.313 [info] > git rev-parse --show-toplevel [42ms]
2023-10-02 22:21:14.313 [info] > git rev-parse --git-dir --git-common-dir [16ms]
2023-10-02 22:21:14.320 [info] Open repository: /home/aa
2023-10-02 22:21:14.345 [info] > git rev-parse --show-toplevel [21ms]
2023-10-02 22:21:14.390 [info] > git rev-parse --show-toplevel [41ms]
2023-10-02 22:21:14.394 [info] > git config --get commit.template [53ms]
2023-10-02 22:21:14.395 [info] > git rev-parse --show-toplevel [2ms]
2023-10-02 22:21:14.404 [info] > git for-each-ref --format=%(refname)%00%(upstream:short)%00%(objectname)%00%(upstream:track)%00%(upstream:remotename)%00%(upstream:remoteref) refs/heads/khj refs/remotes/khj [1ms]
2023-10-02 22:21:14.411 [info] > git rev-parse --show-toplevel [12ms]
2023-10-02 22:21:14.438 [info] > git rev-parse --show-toplevel [21ms]
2023-10-02 22:21:14.459 [info] > git rev-parse --show-toplevel [17ms]
2023-10-02 22:21:14.465 [info] > git rev-parse --git-dir --git-common-dir [1ms]
2023-10-02 22:21:14.470 [info] Open repository: /home/aa/.oh-my-zsh
2023-10-02 22:21:14.489 [info] > git config --get commit.template [10ms]
2023-10-02 22:21:14.489 [info] > git rev-parse --show-toplevel [14ms]
2023-10-02 22:21:14.495 [info] > git rev-parse --git-dir --git-common-dir [2ms]
2023-10-02 22:21:14.499 [info] Open repository: /home/aa/.pyenv
2023-10-02 22:21:14.520 [info] > git rev-parse --show-toplevel [18ms]
2023-10-02 22:21:14.532 [info] > git status -z -uall [122ms] (cancelled)
2023-10-02 22:21:14.532 [info] > git rev-parse --show-toplevel [8ms]
2023-10-02 22:21:14.537 [info] > git config --get commit.template [22ms]
2023-10-02 22:21:14.537 [info] > git for-each-ref --format=%(refname)%00%(upstream:short)%00%(objectname)%00%(upstream:track)%00%(upstream:remotename)%00%(upstream:remoteref) refs/heads/master refs/remotes/master [28ms]
2023-10-02 22:21:14.547 [info] > git status -z -uall [5ms]
2023-10-02 22:21:14.547 [info] > git rev-parse --show-toplevel [11ms]
2023-10-02 22:21:14.571 [info] > git for-each-ref --format=%(refname)%00%(upstream:short)%00%(objectname)%00%(upstream:track)%00%(upstream:remotename)%00%(upstream:remoteref) refs/heads/master refs/remotes/master [14ms]
2023-10-02 22:21:14.576 [info] > git rev-parse --show-toplevel [24ms]
2023-10-02 22:21:14.584 [info] > git rev-parse --show-toplevel [3ms]
2023-10-02 22:21:14.589 [info] > git config --get commit.template [19ms]
2023-10-02 22:21:14.589 [info] > git rev-parse --git-dir --git-common-dir [1ms]
2023-10-02 22:21:14.593 [info] Open repository: /home/aa/MathTool
2023-10-02 22:21:14.611 [info] > git rev-parse --show-toplevel [10ms]
2023-10-02 22:21:14.619 [info] > git config --get commit.template [9ms]
2023-10-02 22:21:14.620 [info] > git for-each-ref --format=%(refname)%00%(upstream:short)%00%(objectname)%00%(upstream:track)%00%(upstream:remotename)%00%(upstream:remoteref) refs/heads/master refs/remotes/master [15ms]
2023-10-02 22:21:14.631 [info] > git rev-parse --git-dir --git-common-dir [15ms]
2023-10-02 22:21:14.635 [info] Open repository: /home/aa/Yacht_Console
2023-10-02 22:21:14.656 [info] > git status -z -uall [30ms]
2023-10-02 22:21:14.660 [info] > git config --get commit.template [5ms]
2023-10-02 22:21:14.660 [info] > git for-each-ref --format=%(refname)%00%(upstream:short)%00%(objectname)%00%(upstream:track)%00%(upstream:remotename)%00%(upstream:remoteref) refs/heads/premium refs/remotes/premium [11ms]
2023-10-02 22:21:14.665 [info] > git rev-parse --show-toplevel [24ms]
2023-10-02 22:21:14.670 [info] > git status -z -uall [6ms]
2023-10-02 22:21:14.670 [info] > git rev-parse --git-dir --git-common-dir [1ms]
2023-10-02 22:21:14.673 [info] Open repository: /home/aa/autojump
2023-10-02 22:21:14.691 [info] > git rev-parse --show-toplevel [13ms]
2023-10-02 22:21:14.705 [info] > git rev-parse --show-toplevel [10ms]
2023-10-02 22:21:14.712 [info] > git config --get commit.template [20ms]
2023-10-02 22:21:14.712 [info] > git for-each-ref --format=%(refname)%00%(upstream:short)%00%(objectname)%00%(upstream:track)%00%(upstream:remotename)%00%(upstream:remoteref) refs/heads/main refs/remotes/main [25ms]
2023-10-02 22:21:14.719 [info] > git rev-parse --show-toplevel [8ms]
2023-10-02 22:21:14.729 [info] > git status -z -uall [12ms]
2023-10-02 22:21:14.732 [info] > git rev-parse --show-toplevel [7ms]
2023-10-02 22:21:14.737 [info] > git rev-parse --show-toplevel [1ms]
2023-10-02 22:21:14.741 [info] > git for-each-ref --format=%(refname)%00%(upstream:short)%00%(objectname)%00%(upstream:track)%00%(upstream:remotename)%00%(upstream:remoteref) refs/heads/master refs/remotes/master [13ms]
2023-10-02 22:21:14.747 [info] > git rev-parse --show-toplevel [6ms]
2023-10-02 22:21:14.752 [info] > git rev-parse --show-toplevel [0ms]
2023-10-02 22:21:14.758 [info] > git status -z -uall [13ms]
2023-10-02 22:21:14.759 [info] > git rev-parse --show-toplevel [1ms]
2023-10-02 22:21:14.766 [info] > git rev-parse --git-dir --git-common-dir [4ms]
2023-10-02 22:21:14.770 [info] Open repository: /home/aa/myproject
2023-10-02 22:21:14.778 [info] > git rev-parse --show-toplevel [5ms]
2023-10-02 22:21:14.783 [info] > git status -z -uall [208ms]
2023-10-02 22:21:14.788 [info] > git rev-parse --show-toplevel [6ms]
2023-10-02 22:21:14.792 [info] > git config --get commit.template [14ms]
2023-10-02 22:21:14.801 [info] > git rev-parse --show-toplevel [10ms]
2023-10-02 22:21:14.810 [info] > git config --get commit.template [10ms]
2023-10-02 22:21:14.828 [info] > git rev-parse --git-dir --git-common-dir [24ms]
2023-10-02 22:21:14.832 [info] Open repository: /home/aa/zsh-syntax-highlighting
2023-10-02 22:21:14.849 [info] > git rev-parse --show-toplevel [12ms]
2023-10-02 22:21:14.850 [info] > git for-each-ref --format=%(refname)%00%(upstream:short)%00%(objectname)%00%(upstream:track)%00%(upstream:remotename)%00%(upstream:remoteref) refs/heads/khj refs/remotes/khj [41ms]
2023-10-02 22:21:14.868 [info] > git status -z -uall [11ms]
2023-10-02 22:21:14.873 [info] > git config --get commit.template [27ms]
2023-10-02 22:21:14.874 [info] > git for-each-ref --format=%(refname)%00%(upstream:short)%00%(objectname)%00%(upstream:track)%00%(upstream:remotename)%00%(upstream:remoteref) refs/heads/master refs/remotes/master [30ms]
2023-10-02 22:21:14.886 [info] > git check-ignore -v -z --stdin [23ms]
2023-10-02 22:21:14.910 [info] > git status -z -uall [31ms]
2023-10-02 22:21:14.911 [info] > git for-each-ref --format=%(refname)%00%(upstream:short)%00%(objectname)%00%(upstream:track)%00%(upstream:remotename)%00%(upstream:remoteref) refs/heads/master refs/remotes/master [13ms]
2023-10-02 22:21:14.974 [info] > git status -z -uall [59ms]
2023-10-02 22:21:15.200 [info] > git show --textconv :.zshrc [4ms]
2023-10-02 22:21:15.200 [info] > git ls-files --stage -- /home/aa/.zshrc [1ms]
2023-10-02 22:21:15.389 [info] > git check-ignore -v -z --stdin [1ms]
