2023-10-02 22:23:45.233 [info] 로그 수준: Info
2023-10-02 22:23:45.233 [info] "git"에서 찾은 git 유효성을 검사하는 중
2023-10-02 22:23:45.233 [info] "2.17.1"에서 git "git"을(를) 사용하는 중
2023-10-02 22:23:45.233 [info] > git rev-parse --show-toplevel [53ms]
2023-10-02 22:23:45.255 [info] > git rev-parse --git-dir --git-common-dir [19ms]
2023-10-02 22:23:45.262 [info] Open repository: /home/aa
2023-10-02 22:23:45.291 [info] > git rev-parse --show-toplevel [24ms]
2023-10-02 22:23:45.325 [info] > git rev-parse --show-toplevel [31ms]
2023-10-02 22:23:45.329 [info] > git config --get commit.template [38ms]
2023-10-02 22:23:45.330 [info] > git rev-parse --show-toplevel [2ms]
2023-10-02 22:23:45.338 [info] > git rev-parse --show-toplevel [5ms]
2023-10-02 22:23:45.346 [info] > git for-each-ref --format=%(refname)%00%(upstream:short)%00%(objectname)%00%(upstream:track)%00%(upstream:remotename)%00%(upstream:remoteref) refs/heads/khj refs/remotes/khj [10ms]
2023-10-02 22:23:45.359 [info] > git rev-parse --show-toplevel [18ms]
2023-10-02 22:23:45.370 [info] > git rev-parse --show-toplevel [8ms]
2023-10-02 22:23:45.374 [info] > git rev-parse --git-dir --git-common-dir [0ms]
2023-10-02 22:23:45.376 [info] Open repository: /home/aa/.oh-my-zsh
2023-10-02 22:23:45.384 [info] > git rev-parse --show-toplevel [4ms]
2023-10-02 22:23:45.389 [info] > git rev-parse --git-dir --git-common-dir [1ms]
2023-10-02 22:23:45.391 [info] Open repository: /home/aa/.pyenv
2023-10-02 22:23:45.396 [info] > git config --get commit.template [12ms]
2023-10-02 22:23:45.403 [info] > git rev-parse --show-toplevel [8ms]
2023-10-02 22:23:45.415 [info] > git rev-parse --show-toplevel [7ms]
2023-10-02 22:23:45.417 [info] > git config --get commit.template [18ms]
2023-10-02 22:23:45.419 [info] > git rev-parse --show-toplevel [2ms]
2023-10-02 22:23:45.422 [info] > git for-each-ref --format=%(refname)%00%(upstream:short)%00%(objectname)%00%(upstream:track)%00%(upstream:remotename)%00%(upstream:remoteref) refs/heads/master refs/remotes/master [12ms]
2023-10-02 22:23:45.429 [info] > git status -z -uall [5ms]
2023-10-02 22:23:45.430 [info] > git rev-parse --show-toplevel [8ms]
2023-10-02 22:23:45.434 [info] > git for-each-ref --format=%(refname)%00%(upstream:short)%00%(objectname)%00%(upstream:track)%00%(upstream:remotename)%00%(upstream:remoteref) refs/heads/master refs/remotes/master [6ms]
2023-10-02 22:23:45.449 [info] > git status -z -uall [100ms] (cancelled)
2023-10-02 22:23:45.449 [info] > git rev-parse --show-toplevel [16ms]
2023-10-02 22:23:45.452 [info] > git status -z -uall [14ms]
2023-10-02 22:23:45.452 [info] > git rev-parse --git-dir --git-common-dir [1ms]
2023-10-02 22:23:45.455 [info] Open repository: /home/aa/MathTool
2023-10-02 22:23:45.458 [info] > git config --get commit.template [10ms]
2023-10-02 22:23:45.467 [info] > git rev-parse --show-toplevel [9ms]
2023-10-02 22:23:45.475 [info] > git rev-parse --git-dir --git-common-dir [4ms]
2023-10-02 22:23:45.479 [info] Open repository: /home/aa/Yacht_Console
2023-10-02 22:23:45.485 [info] > git config --get commit.template [18ms]
2023-10-02 22:23:45.485 [info] > git config --get commit.template [21ms]
2023-10-02 22:23:45.491 [info] > git rev-parse --show-toplevel [7ms]
2023-10-02 22:23:45.495 [info] > git for-each-ref --format=%(refname)%00%(upstream:short)%00%(objectname)%00%(upstream:track)%00%(upstream:remotename)%00%(upstream:remoteref) refs/heads/master refs/remotes/master [21ms]
2023-10-02 22:23:45.507 [info] > git status -z -uall [8ms]
2023-10-02 22:23:45.507 [info] > git rev-parse --git-dir --git-common-dir [12ms]
2023-10-02 22:23:45.509 [info] Open repository: /home/aa/autojump
2023-10-02 22:23:45.512 [info] > git config --get commit.template [22ms]
2023-10-02 22:23:45.517 [info] > git rev-parse --show-toplevel [4ms]
2023-10-02 22:23:45.522 [info] > git for-each-ref --format=%(refname)%00%(upstream:short)%00%(objectname)%00%(upstream:track)%00%(upstream:remotename)%00%(upstream:remoteref) refs/heads/master refs/remotes/master [15ms]
2023-10-02 22:23:45.526 [info] > git for-each-ref --format=%(refname)%00%(upstream:short)%00%(objectname)%00%(upstream:track)%00%(upstream:remotename)%00%(upstream:remoteref) refs/heads/premium refs/remotes/premium [23ms]
2023-10-02 22:23:45.537 [info] > git status -z -uall [8ms]
2023-10-02 22:23:45.539 [info] > git rev-parse --show-toplevel [18ms]
2023-10-02 22:23:45.543 [info] > git config --get commit.template [27ms]
2023-10-02 22:23:45.544 [info] > git status -z -uall [19ms]
2023-10-02 22:23:45.544 [info] > git rev-parse --show-toplevel [2ms]
2023-10-02 22:23:45.547 [info] > git for-each-ref --format=%(refname)%00%(upstream:short)%00%(objectname)%00%(upstream:track)%00%(upstream:remotename)%00%(upstream:remoteref) refs/heads/main refs/remotes/main [13ms]
2023-10-02 22:23:45.556 [info] > git status -z -uall [5ms]
2023-10-02 22:23:45.559 [info] > git rev-parse --show-toplevel [11ms]
2023-10-02 22:23:45.571 [info] > git rev-parse --show-toplevel [10ms]
2023-10-02 22:23:45.574 [info] > git for-each-ref --format=%(refname)%00%(upstream:short)%00%(objectname)%00%(upstream:track)%00%(upstream:remotename)%00%(upstream:remoteref) refs/heads/master refs/remotes/master [20ms]
2023-10-02 22:23:45.578 [info] > git rev-parse --show-toplevel [4ms]
2023-10-02 22:23:45.581 [info] > git status -z -uall [4ms]
2023-10-02 22:23:45.583 [info] > git rev-parse --show-toplevel [2ms]
2023-10-02 22:23:45.587 [info] > git rev-parse --show-toplevel [1ms]
2023-10-02 22:23:45.591 [info] > git rev-parse --show-toplevel [1ms]
2023-10-02 22:23:45.595 [info] > git rev-parse --git-dir --git-common-dir [1ms]
2023-10-02 22:23:45.597 [info] Open repository: /home/aa/myproject
2023-10-02 22:23:45.609 [info] > git rev-parse --show-toplevel [9ms]
2023-10-02 22:23:45.615 [info] > git rev-parse --show-toplevel [3ms]
2023-10-02 22:23:45.618 [info] > git config --get commit.template [13ms]
2023-10-02 22:23:45.619 [info] > git rev-parse --show-toplevel [1ms]
2023-10-02 22:23:45.646 [info] > git for-each-ref --format=%(refname)%00%(upstream:short)%00%(objectname)%00%(upstream:track)%00%(upstream:remotename)%00%(upstream:remoteref) refs/heads/khj refs/remotes/khj [21ms]
2023-10-02 22:23:45.650 [info] > git rev-parse --git-dir --git-common-dir [27ms]
2023-10-02 22:23:45.653 [info] Open repository: /home/aa/zsh-syntax-highlighting
2023-10-02 22:23:45.661 [info] > git status -z -uall [10ms]
2023-10-02 22:23:45.661 [info] > git rev-parse --show-toplevel [5ms]
2023-10-02 22:23:45.668 [info] > git config --get commit.template [8ms]
2023-10-02 22:23:45.673 [info] > git for-each-ref --format=%(refname)%00%(upstream:short)%00%(objectname)%00%(upstream:track)%00%(upstream:remotename)%00%(upstream:remoteref) refs/heads/master refs/remotes/master [1ms]
2023-10-02 22:23:45.683 [info] > git status -z -uall [5ms]
2023-10-02 22:23:46.008 [info] > git show --textconv :.zshrc [3ms]
2023-10-02 22:23:46.008 [info] > git ls-files --stage -- /home/aa/.zshrc [0ms]
2023-10-02 22:23:46.195 [info] > git check-ignore -v -z --stdin [24ms]
2023-10-02 22:23:46.196 [info] > git check-ignore -v -z --stdin [20ms]
2023-10-02 22:23:46.196 [info] > git check-ignore -v -z --stdin [16ms]
2023-10-02 22:23:46.196 [info] > git check-ignore -v -z --stdin [13ms]
2023-10-02 22:23:46.196 [info] > git check-ignore -v -z --stdin [10ms]
2023-10-02 22:23:46.197 [info] > git check-ignore -v -z --stdin [4ms]
2023-10-02 22:23:51.326 [info] > git config --get commit.template [0ms]
2023-10-02 22:23:51.329 [info] > git for-each-ref --format=%(refname)%00%(upstream:short)%00%(objectname)%00%(upstream:track)%00%(upstream:remotename)%00%(upstream:remoteref) refs/heads/khj refs/remotes/khj [0ms]
2023-10-02 22:23:51.861 [info] > git status -z -uall [528ms] (cancelled)
