2023-09-29 17:03:04.097 [info] Extension host with pid 6156 started
2023-09-29 17:03:04.109 [info] Lock '/home/aa/.vscode-server/data/User/workspaceStorage/4b82c5edabff4a023316dfb8f23a0d70/vscode.lock': Lock acquired.
2023-09-29 17:03:04.148 [info] ExtensionService#_doActivateExtension vscode.emmet, startup: false, activationEvent: 'onLanguage'
2023-09-29 17:03:04.149 [info] ExtensionService#_doActivateExtension vscode.git-base, startup: true, activationEvent: '*', root cause: vscode.git
2023-09-29 17:03:04.151 [info] ExtensionService#_doActivateExtension ms-python.python, startup: true, activationEvent: 'workspaceContains:requirements.txt'
2023-09-29 17:03:04.320 [warning] Using default string since no string found in i18n bundle that has the key: You need to select a Python interpreter before you start debugging.

Tip: click on "Select Interpreter" in the status bar.
2023-09-29 17:03:04.320 [warning] Using default string since no string found in i18n bundle that has the key: The Python extension now includes Pylance to improve completions, code navigation, overall performance and much more! You can learn more about the update and learn how to change your language server [here](https://aka.ms/new-python-bundle).

Read Pylance's license [here](https://marketplace.visualstudio.com/items/ms-python.vscode-pylance/license).
2023-09-29 17:03:04.320 [warning] Using default string since no string found in i18n bundle that has the key: cwd:
2023-09-29 17:03:04.321 [warning] Using default string since no string found in i18n bundle that has the key: The Microsoft Python Language Server has reached end of life. Your language server has been set to the default for Python in VS Code, Pylance.

If you'd like to change your language server, you can learn about how to do so [here](https://devblogs.microsoft.com/python/python-in-visual-studio-code-may-2021-release/#configuring-your-language-server).

Read Pylance's license [here](https://marketplace.visualstudio.com/items/ms-python.vscode-pylance/license).
2023-09-29 17:03:04.503 [info] ExtensionService#_doActivateExtension vscode.git, startup: true, activationEvent: '*'
2023-09-29 17:03:04.503 [info] ExtensionService#_doActivateExtension vscode.github, startup: true, activationEvent: '*'
2023-09-29 17:03:04.691 [info] Eager extensions activated
2023-09-29 17:03:04.691 [info] ExtensionService#_doActivateExtension vscode.debug-auto-launch, startup: false, activationEvent: 'onStartupFinished'
2023-09-29 17:03:04.691 [info] ExtensionService#_doActivateExtension vscode.merge-conflict, startup: false, activationEvent: 'onStartupFinished'
2023-09-29 17:03:04.939 [warning] Using default string since no string found in i18n bundle that has the key: Don't Show Again
2023-09-29 17:03:11.853 [info] Extension host terminating: received terminate message from renderer
2023-09-29 17:03:11.853 [info] Lock '/home/aa/.vscode-server/data/User/workspaceStorage/4b82c5edabff4a023316dfb8f23a0d70/vscode.lock': Marking the lockfile as scheduled to be released in 6000 ms.
2023-09-29 17:03:11.867 [error] Canceled: Canceled
	at new l (/home/aa/.vscode-server/bin/5e805b79fcb6ba4c2d23712967df89a089da575b/out/vs/workbench/api/node/extensionHostProcess.js:96:88793)
	at a.O (/home/aa/.vscode-server/bin/5e805b79fcb6ba4c2d23712967df89a089da575b/out/vs/workbench/api/node/extensionHostProcess.js:106:11260)
	at Proxy.V.<computed>.Q.charCodeAt.V.<computed> (/home/aa/.vscode-server/bin/5e805b79fcb6ba4c2d23712967df89a089da575b/out/vs/workbench/api/node/extensionHostProcess.js:106:8550)
	at c.g (/home/aa/.vscode-server/bin/5e805b79fcb6ba4c2d23712967df89a089da575b/out/vs/workbench/api/node/extensionHostProcess.js:96:108198)
	at c.executeCommand (/home/aa/.vscode-server/bin/5e805b79fcb6ba4c2d23712967df89a089da575b/out/vs/workbench/api/node/extensionHostProcess.js:96:107574)
	at N.registerCommand.description (/home/aa/.vscode-server/bin/5e805b79fcb6ba4c2d23712967df89a089da575b/out/vs/workbench/api/node/extensionHostProcess.js:96:106867)
	at c.h (/home/aa/.vscode-server/bin/5e805b79fcb6ba4c2d23712967df89a089da575b/out/vs/workbench/api/node/extensionHostProcess.js:96:108784)
	at c.g (/home/aa/.vscode-server/bin/5e805b79fcb6ba4c2d23712967df89a089da575b/out/vs/workbench/api/node/extensionHostProcess.js:96:107674)
	at c.executeCommand (/home/aa/.vscode-server/bin/5e805b79fcb6ba4c2d23712967df89a089da575b/out/vs/workbench/api/node/extensionHostProcess.js:96:107574)
	at Object.executeCommand (/home/aa/.vscode-server/bin/5e805b79fcb6ba4c2d23712967df89a089da575b/out/vs/workbench/api/node/extensionHostProcess.js:117:30781)
	at D (/home/aa/.vscode-server/bin/5e805b79fcb6ba4c2d23712967df89a089da575b/extensions/git/dist/main.js:2:1467127)
	at f.invoke (/home/aa/.vscode-server/bin/5e805b79fcb6ba4c2d23712967df89a089da575b/out/vs/workbench/api/node/extensionHostProcess.js:63:145)
	at m.deliver (/home/aa/.vscode-server/bin/5e805b79fcb6ba4c2d23712967df89a089da575b/out/vs/workbench/api/node/extensionHostProcess.js:63:2066)
	at d.fire (/home/aa/.vscode-server/bin/5e805b79fcb6ba4c2d23712967df89a089da575b/out/vs/workbench/api/node/extensionHostProcess.js:63:1704)
	at Object.m [as dispose] (/home/aa/.vscode-server/bin/5e805b79fcb6ba4c2d23712967df89a089da575b/extensions/git/dist/main.js:2:1481856)
	at /home/aa/.vscode-server/bin/5e805b79fcb6ba4c2d23712967df89a089da575b/extensions/git/dist/main.js:2:1485923
	at Array.forEach (<anonymous>)
	at g.dispose (/home/aa/.vscode-server/bin/5e805b79fcb6ba4c2d23712967df89a089da575b/extensions/git/dist/main.js:2:1485909)
	at D.<anonymous> (/home/aa/.vscode-server/bin/5e805b79fcb6ba4c2d23712967df89a089da575b/out/vs/workbench/api/node/extensionHostProcess.js:94:12431)
	at D.dispose (/home/aa/.vscode-server/bin/5e805b79fcb6ba4c2d23712967df89a089da575b/out/vs/workbench/api/node/extensionHostProcess.js:94:12566)
	at D.<anonymous> (/home/aa/.vscode-server/bin/5e805b79fcb6ba4c2d23712967df89a089da575b/extensions/git/dist/main.js:2:1469257)
	at D.dispose (/home/aa/.vscode-server/bin/5e805b79fcb6ba4c2d23712967df89a089da575b/out/vs/workbench/api/node/extensionHostProcess.js:94:12566)
	at k (/home/aa/.vscode-server/bin/5e805b79fcb6ba4c2d23712967df89a089da575b/out/vs/workbench/api/node/extensionHostProcess.js:10:12074)
	at f.X (/home/aa/.vscode-server/bin/5e805b79fcb6ba4c2d23712967df89a089da575b/out/vs/workbench/api/node/extensionHostProcess.js:108:11284)
	at /home/aa/.vscode-server/bin/5e805b79fcb6ba4c2d23712967df89a089da575b/out/vs/workbench/api/node/extensionHostProcess.js:108:9088
	at Array.map (<anonymous>)
	at f.Q (/home/aa/.vscode-server/bin/5e805b79fcb6ba4c2d23712967df89a089da575b/out/vs/workbench/api/node/extensionHostProcess.js:108:9075)
	at f.terminate (/home/aa/.vscode-server/bin/5e805b79fcb6ba4c2d23712967df89a089da575b/out/vs/workbench/api/node/extensionHostProcess.js:108:9347)
	at u.terminate (/home/aa/.vscode-server/bin/5e805b79fcb6ba4c2d23712967df89a089da575b/out/vs/workbench/api/node/extensionHostProcess.js:112:1397)
	at p (/home/aa/.vscode-server/bin/5e805b79fcb6ba4c2d23712967df89a089da575b/out/vs/workbench/api/node/extensionHostProcess.js:122:18592)
	at /home/aa/.vscode-server/bin/5e805b79fcb6ba4c2d23712967df89a089da575b/out/vs/workbench/api/node/extensionHostProcess.js:122:16502
	at f.invoke (/home/aa/.vscode-server/bin/5e805b79fcb6ba4c2d23712967df89a089da575b/out/vs/workbench/api/node/extensionHostProcess.js:63:145)
	at m.deliver (/home/aa/.vscode-server/bin/5e805b79fcb6ba4c2d23712967df89a089da575b/out/vs/workbench/api/node/extensionHostProcess.js:63:2066)
	at d.fire (/home/aa/.vscode-server/bin/5e805b79fcb6ba4c2d23712967df89a089da575b/out/vs/workbench/api/node/extensionHostProcess.js:63:1704)
	at p.fire (/home/aa/.vscode-server/bin/5e805b79fcb6ba4c2d23712967df89a089da575b/out/vs/workbench/api/node/extensionHostProcess.js:72:14907)
	at t.E (/home/aa/.vscode-server/bin/5e805b79fcb6ba4c2d23712967df89a089da575b/out/vs/workbench/api/node/extensionHostProcess.js:72:18973)
	at /home/aa/.vscode-server/bin/5e805b79fcb6ba4c2d23712967df89a089da575b/out/vs/workbench/api/node/extensionHostProcess.js:72:16961
	at f.invoke (/home/aa/.vscode-server/bin/5e805b79fcb6ba4c2d23712967df89a089da575b/out/vs/workbench/api/node/extensionHostProcess.js:63:145)
	at m.deliver (/home/aa/.vscode-server/bin/5e805b79fcb6ba4c2d23712967df89a089da575b/out/vs/workbench/api/node/extensionHostProcess.js:63:2066)
	at d.fire (/home/aa/.vscode-server/bin/5e805b79fcb6ba4c2d23712967df89a089da575b/out/vs/workbench/api/node/extensionHostProcess.js:63:1704)
	at u.acceptChunk (/home/aa/.vscode-server/bin/5e805b79fcb6ba4c2d23712967df89a089da575b/out/vs/workbench/api/node/extensionHostProcess.js:72:12638)
	at /home/aa/.vscode-server/bin/5e805b79fcb6ba4c2d23712967df89a089da575b/out/vs/workbench/api/node/extensionHostProcess.js:72:11925
	at f.invoke (/home/aa/.vscode-server/bin/5e805b79fcb6ba4c2d23712967df89a089da575b/out/vs/workbench/api/node/extensionHostProcess.js:63:145)
	at m.deliver (/home/aa/.vscode-server/bin/5e805b79fcb6ba4c2d23712967df89a089da575b/out/vs/workbench/api/node/extensionHostProcess.js:63:2066)
	at d.fire (/home/aa/.vscode-server/bin/5e805b79fcb6ba4c2d23712967df89a089da575b/out/vs/workbench/api/node/extensionHostProcess.js:63:1704)
	at d.u (/home/aa/.vscode-server/bin/5e805b79fcb6ba4c2d23712967df89a089da575b/out/vs/workbench/api/node/extensionHostProcess.js:72:28911)
	at d.acceptFrame (/home/aa/.vscode-server/bin/5e805b79fcb6ba4c2d23712967df89a089da575b/out/vs/workbench/api/node/extensionHostProcess.js:72:28717)
	at f.l (/home/aa/.vscode-server/bin/5e805b79fcb6ba4c2d23712967df89a089da575b/out/vs/workbench/api/node/extensionHostProcess.js:72:27304)
	at /home/aa/.vscode-server/bin/5e805b79fcb6ba4c2d23712967df89a089da575b/out/vs/workbench/api/node/extensionHostProcess.js:72:24627
	at Socket.t (/home/aa/.vscode-server/bin/5e805b79fcb6ba4c2d23712967df89a089da575b/out/vs/workbench/api/node/extensionHostProcess.js:72:22461)
	at Socket.emit (node:events:526:28)
	at addChunk (node:internal/streams/readable:315:12)
	at readableAddChunk (node:internal/streams/readable:289:9)
	at Socket.Readable.push (node:internal/streams/readable:228:10)
	at TCP.onStreamRead (node:internal/stream_base_commons:190:23) setContext undefined
2023-09-29 17:03:11.868 [error] Canceled: Canceled
	at new l (/home/aa/.vscode-server/bin/5e805b79fcb6ba4c2d23712967df89a089da575b/out/vs/workbench/api/node/extensionHostProcess.js:96:88793)
	at a.O (/home/aa/.vscode-server/bin/5e805b79fcb6ba4c2d23712967df89a089da575b/out/vs/workbench/api/node/extensionHostProcess.js:106:11260)
	at Proxy.V.<computed>.Q.charCodeAt.V.<computed> (/home/aa/.vscode-server/bin/5e805b79fcb6ba4c2d23712967df89a089da575b/out/vs/workbench/api/node/extensionHostProcess.js:106:8550)
	at c.g (/home/aa/.vscode-server/bin/5e805b79fcb6ba4c2d23712967df89a089da575b/out/vs/workbench/api/node/extensionHostProcess.js:96:108198)
	at c.executeCommand (/home/aa/.vscode-server/bin/5e805b79fcb6ba4c2d23712967df89a089da575b/out/vs/workbench/api/node/extensionHostProcess.js:96:107574)
	at N.registerCommand.description (/home/aa/.vscode-server/bin/5e805b79fcb6ba4c2d23712967df89a089da575b/out/vs/workbench/api/node/extensionHostProcess.js:96:106867)
	at c.h (/home/aa/.vscode-server/bin/5e805b79fcb6ba4c2d23712967df89a089da575b/out/vs/workbench/api/node/extensionHostProcess.js:96:108784)
	at c.g (/home/aa/.vscode-server/bin/5e805b79fcb6ba4c2d23712967df89a089da575b/out/vs/workbench/api/node/extensionHostProcess.js:96:107674)
	at c.executeCommand (/home/aa/.vscode-server/bin/5e805b79fcb6ba4c2d23712967df89a089da575b/out/vs/workbench/api/node/extensionHostProcess.js:96:107574)
	at Object.executeCommand (/home/aa/.vscode-server/bin/5e805b79fcb6ba4c2d23712967df89a089da575b/out/vs/workbench/api/node/extensionHostProcess.js:117:30781)
	at D (/home/aa/.vscode-server/bin/5e805b79fcb6ba4c2d23712967df89a089da575b/extensions/git/dist/main.js:2:1467127)
	at f.invoke (/home/aa/.vscode-server/bin/5e805b79fcb6ba4c2d23712967df89a089da575b/out/vs/workbench/api/node/extensionHostProcess.js:63:145)
	at m.deliver (/home/aa/.vscode-server/bin/5e805b79fcb6ba4c2d23712967df89a089da575b/out/vs/workbench/api/node/extensionHostProcess.js:63:2066)
	at d.fire (/home/aa/.vscode-server/bin/5e805b79fcb6ba4c2d23712967df89a089da575b/out/vs/workbench/api/node/extensionHostProcess.js:63:1704)
	at Object.m [as dispose] (/home/aa/.vscode-server/bin/5e805b79fcb6ba4c2d23712967df89a089da575b/extensions/git/dist/main.js:2:1481856)
	at /home/aa/.vscode-server/bin/5e805b79fcb6ba4c2d23712967df89a089da575b/extensions/git/dist/main.js:2:1485923
	at Array.forEach (<anonymous>)
	at g.dispose (/home/aa/.vscode-server/bin/5e805b79fcb6ba4c2d23712967df89a089da575b/extensions/git/dist/main.js:2:1485909)
	at D.<anonymous> (/home/aa/.vscode-server/bin/5e805b79fcb6ba4c2d23712967df89a089da575b/out/vs/workbench/api/node/extensionHostProcess.js:94:12431)
	at D.dispose (/home/aa/.vscode-server/bin/5e805b79fcb6ba4c2d23712967df89a089da575b/out/vs/workbench/api/node/extensionHostProcess.js:94:12566)
	at D.<anonymous> (/home/aa/.vscode-server/bin/5e805b79fcb6ba4c2d23712967df89a089da575b/extensions/git/dist/main.js:2:1469257)
	at D.dispose (/home/aa/.vscode-server/bin/5e805b79fcb6ba4c2d23712967df89a089da575b/out/vs/workbench/api/node/extensionHostProcess.js:94:12566)
	at k (/home/aa/.vscode-server/bin/5e805b79fcb6ba4c2d23712967df89a089da575b/out/vs/workbench/api/node/extensionHostProcess.js:10:12074)
	at f.X (/home/aa/.vscode-server/bin/5e805b79fcb6ba4c2d23712967df89a089da575b/out/vs/workbench/api/node/extensionHostProcess.js:108:11284)
	at /home/aa/.vscode-server/bin/5e805b79fcb6ba4c2d23712967df89a089da575b/out/vs/workbench/api/node/extensionHostProcess.js:108:9088
	at Array.map (<anonymous>)
	at f.Q (/home/aa/.vscode-server/bin/5e805b79fcb6ba4c2d23712967df89a089da575b/out/vs/workbench/api/node/extensionHostProcess.js:108:9075)
	at f.terminate (/home/aa/.vscode-server/bin/5e805b79fcb6ba4c2d23712967df89a089da575b/out/vs/workbench/api/node/extensionHostProcess.js:108:9347)
	at u.terminate (/home/aa/.vscode-server/bin/5e805b79fcb6ba4c2d23712967df89a089da575b/out/vs/workbench/api/node/extensionHostProcess.js:112:1397)
	at p (/home/aa/.vscode-server/bin/5e805b79fcb6ba4c2d23712967df89a089da575b/out/vs/workbench/api/node/extensionHostProcess.js:122:18592)
	at /home/aa/.vscode-server/bin/5e805b79fcb6ba4c2d23712967df89a089da575b/out/vs/workbench/api/node/extensionHostProcess.js:122:16502
	at f.invoke (/home/aa/.vscode-server/bin/5e805b79fcb6ba4c2d23712967df89a089da575b/out/vs/workbench/api/node/extensionHostProcess.js:63:145)
	at m.deliver (/home/aa/.vscode-server/bin/5e805b79fcb6ba4c2d23712967df89a089da575b/out/vs/workbench/api/node/extensionHostProcess.js:63:2066)
	at d.fire (/home/aa/.vscode-server/bin/5e805b79fcb6ba4c2d23712967df89a089da575b/out/vs/workbench/api/node/extensionHostProcess.js:63:1704)
	at p.fire (/home/aa/.vscode-server/bin/5e805b79fcb6ba4c2d23712967df89a089da575b/out/vs/workbench/api/node/extensionHostProcess.js:72:14907)
	at t.E (/home/aa/.vscode-server/bin/5e805b79fcb6ba4c2d23712967df89a089da575b/out/vs/workbench/api/node/extensionHostProcess.js:72:18973)
	at /home/aa/.vscode-server/bin/5e805b79fcb6ba4c2d23712967df89a089da575b/out/vs/workbench/api/node/extensionHostProcess.js:72:16961
	at f.invoke (/home/aa/.vscode-server/bin/5e805b79fcb6ba4c2d23712967df89a089da575b/out/vs/workbench/api/node/extensionHostProcess.js:63:145)
	at m.deliver (/home/aa/.vscode-server/bin/5e805b79fcb6ba4c2d23712967df89a089da575b/out/vs/workbench/api/node/extensionHostProcess.js:63:2066)
	at d.fire (/home/aa/.vscode-server/bin/5e805b79fcb6ba4c2d23712967df89a089da575b/out/vs/workbench/api/node/extensionHostProcess.js:63:1704)
	at u.acceptChunk (/home/aa/.vscode-server/bin/5e805b79fcb6ba4c2d23712967df89a089da575b/out/vs/workbench/api/node/extensionHostProcess.js:72:12638)
	at /home/aa/.vscode-server/bin/5e805b79fcb6ba4c2d23712967df89a089da575b/out/vs/workbench/api/node/extensionHostProcess.js:72:11925
	at f.invoke (/home/aa/.vscode-server/bin/5e805b79fcb6ba4c2d23712967df89a089da575b/out/vs/workbench/api/node/extensionHostProcess.js:63:145)
	at m.deliver (/home/aa/.vscode-server/bin/5e805b79fcb6ba4c2d23712967df89a089da575b/out/vs/workbench/api/node/extensionHostProcess.js:63:2066)
	at d.fire (/home/aa/.vscode-server/bin/5e805b79fcb6ba4c2d23712967df89a089da575b/out/vs/workbench/api/node/extensionHostProcess.js:63:1704)
	at d.u (/home/aa/.vscode-server/bin/5e805b79fcb6ba4c2d23712967df89a089da575b/out/vs/workbench/api/node/extensionHostProcess.js:72:28911)
	at d.acceptFrame (/home/aa/.vscode-server/bin/5e805b79fcb6ba4c2d23712967df89a089da575b/out/vs/workbench/api/node/extensionHostProcess.js:72:28717)
	at f.l (/home/aa/.vscode-server/bin/5e805b79fcb6ba4c2d23712967df89a089da575b/out/vs/workbench/api/node/extensionHostProcess.js:72:27304)
	at /home/aa/.vscode-server/bin/5e805b79fcb6ba4c2d23712967df89a089da575b/out/vs/workbench/api/node/extensionHostProcess.js:72:24627
	at Socket.t (/home/aa/.vscode-server/bin/5e805b79fcb6ba4c2d23712967df89a089da575b/out/vs/workbench/api/node/extensionHostProcess.js:72:22461)
	at Socket.emit (node:events:526:28)
	at addChunk (node:internal/streams/readable:315:12)
	at readableAddChunk (node:internal/streams/readable:289:9)
	at Socket.Readable.push (node:internal/streams/readable:228:10)
	at TCP.onStreamRead (node:internal/stream_base_commons:190:23) setContext undefined
2023-09-29 17:03:11.868 [error] Canceled: Canceled
	at new l (/home/aa/.vscode-server/bin/5e805b79fcb6ba4c2d23712967df89a089da575b/out/vs/workbench/api/node/extensionHostProcess.js:96:88793)
	at a.O (/home/aa/.vscode-server/bin/5e805b79fcb6ba4c2d23712967df89a089da575b/out/vs/workbench/api/node/extensionHostProcess.js:106:11260)
	at Proxy.V.<computed>.Q.charCodeAt.V.<computed> (/home/aa/.vscode-server/bin/5e805b79fcb6ba4c2d23712967df89a089da575b/out/vs/workbench/api/node/extensionHostProcess.js:106:8550)
	at c.g (/home/aa/.vscode-server/bin/5e805b79fcb6ba4c2d23712967df89a089da575b/out/vs/workbench/api/node/extensionHostProcess.js:96:108198)
	at c.executeCommand (/home/aa/.vscode-server/bin/5e805b79fcb6ba4c2d23712967df89a089da575b/out/vs/workbench/api/node/extensionHostProcess.js:96:107574)
	at N.registerCommand.description (/home/aa/.vscode-server/bin/5e805b79fcb6ba4c2d23712967df89a089da575b/out/vs/workbench/api/node/extensionHostProcess.js:96:106867)
	at c.h (/home/aa/.vscode-server/bin/5e805b79fcb6ba4c2d23712967df89a089da575b/out/vs/workbench/api/node/extensionHostProcess.js:96:108784)
	at c.g (/home/aa/.vscode-server/bin/5e805b79fcb6ba4c2d23712967df89a089da575b/out/vs/workbench/api/node/extensionHostProcess.js:96:107674)
	at c.executeCommand (/home/aa/.vscode-server/bin/5e805b79fcb6ba4c2d23712967df89a089da575b/out/vs/workbench/api/node/extensionHostProcess.js:96:107574)
	at Object.executeCommand (/home/aa/.vscode-server/bin/5e805b79fcb6ba4c2d23712967df89a089da575b/out/vs/workbench/api/node/extensionHostProcess.js:117:30781)
	at D (/home/aa/.vscode-server/bin/5e805b79fcb6ba4c2d23712967df89a089da575b/extensions/git/dist/main.js:2:1467127)
	at f.invoke (/home/aa/.vscode-server/bin/5e805b79fcb6ba4c2d23712967df89a089da575b/out/vs/workbench/api/node/extensionHostProcess.js:63:145)
	at m.deliver (/home/aa/.vscode-server/bin/5e805b79fcb6ba4c2d23712967df89a089da575b/out/vs/workbench/api/node/extensionHostProcess.js:63:2066)
	at d.fire (/home/aa/.vscode-server/bin/5e805b79fcb6ba4c2d23712967df89a089da575b/out/vs/workbench/api/node/extensionHostProcess.js:63:1704)
	at Object.m [as dispose] (/home/aa/.vscode-server/bin/5e805b79fcb6ba4c2d23712967df89a089da575b/extensions/git/dist/main.js:2:1481856)
	at /home/aa/.vscode-server/bin/5e805b79fcb6ba4c2d23712967df89a089da575b/extensions/git/dist/main.js:2:1485923
	at Array.forEach (<anonymous>)
	at g.dispose (/home/aa/.vscode-server/bin/5e805b79fcb6ba4c2d23712967df89a089da575b/extensions/git/dist/main.js:2:1485909)
	at D.<anonymous> (/home/aa/.vscode-server/bin/5e805b79fcb6ba4c2d23712967df89a089da575b/out/vs/workbench/api/node/extensionHostProcess.js:94:12431)
	at D.dispose (/home/aa/.vscode-server/bin/5e805b79fcb6ba4c2d23712967df89a089da575b/out/vs/workbench/api/node/extensionHostProcess.js:94:12566)
	at D.<anonymous> (/home/aa/.vscode-server/bin/5e805b79fcb6ba4c2d23712967df89a089da575b/extensions/git/dist/main.js:2:1469257)
	at D.dispose (/home/aa/.vscode-server/bin/5e805b79fcb6ba4c2d23712967df89a089da575b/out/vs/workbench/api/node/extensionHostProcess.js:94:12566)
	at k (/home/aa/.vscode-server/bin/5e805b79fcb6ba4c2d23712967df89a089da575b/out/vs/workbench/api/node/extensionHostProcess.js:10:12074)
	at f.X (/home/aa/.vscode-server/bin/5e805b79fcb6ba4c2d23712967df89a089da575b/out/vs/workbench/api/node/extensionHostProcess.js:108:11284)
	at /home/aa/.vscode-server/bin/5e805b79fcb6ba4c2d23712967df89a089da575b/out/vs/workbench/api/node/extensionHostProcess.js:108:9088
	at Array.map (<anonymous>)
	at f.Q (/home/aa/.vscode-server/bin/5e805b79fcb6ba4c2d23712967df89a089da575b/out/vs/workbench/api/node/extensionHostProcess.js:108:9075)
	at f.terminate (/home/aa/.vscode-server/bin/5e805b79fcb6ba4c2d23712967df89a089da575b/out/vs/workbench/api/node/extensionHostProcess.js:108:9347)
	at u.terminate (/home/aa/.vscode-server/bin/5e805b79fcb6ba4c2d23712967df89a089da575b/out/vs/workbench/api/node/extensionHostProcess.js:112:1397)
	at p (/home/aa/.vscode-server/bin/5e805b79fcb6ba4c2d23712967df89a089da575b/out/vs/workbench/api/node/extensionHostProcess.js:122:18592)
	at /home/aa/.vscode-server/bin/5e805b79fcb6ba4c2d23712967df89a089da575b/out/vs/workbench/api/node/extensionHostProcess.js:122:16502
	at f.invoke (/home/aa/.vscode-server/bin/5e805b79fcb6ba4c2d23712967df89a089da575b/out/vs/workbench/api/node/extensionHostProcess.js:63:145)
	at m.deliver (/home/aa/.vscode-server/bin/5e805b79fcb6ba4c2d23712967df89a089da575b/out/vs/workbench/api/node/extensionHostProcess.js:63:2066)
	at d.fire (/home/aa/.vscode-server/bin/5e805b79fcb6ba4c2d23712967df89a089da575b/out/vs/workbench/api/node/extensionHostProcess.js:63:1704)
	at p.fire (/home/aa/.vscode-server/bin/5e805b79fcb6ba4c2d23712967df89a089da575b/out/vs/workbench/api/node/extensionHostProcess.js:72:14907)
	at t.E (/home/aa/.vscode-server/bin/5e805b79fcb6ba4c2d23712967df89a089da575b/out/vs/workbench/api/node/extensionHostProcess.js:72:18973)
	at /home/aa/.vscode-server/bin/5e805b79fcb6ba4c2d23712967df89a089da575b/out/vs/workbench/api/node/extensionHostProcess.js:72:16961
	at f.invoke (/home/aa/.vscode-server/bin/5e805b79fcb6ba4c2d23712967df89a089da575b/out/vs/workbench/api/node/extensionHostProcess.js:63:145)
	at m.deliver (/home/aa/.vscode-server/bin/5e805b79fcb6ba4c2d23712967df89a089da575b/out/vs/workbench/api/node/extensionHostProcess.js:63:2066)
	at d.fire (/home/aa/.vscode-server/bin/5e805b79fcb6ba4c2d23712967df89a089da575b/out/vs/workbench/api/node/extensionHostProcess.js:63:1704)
	at u.acceptChunk (/home/aa/.vscode-server/bin/5e805b79fcb6ba4c2d23712967df89a089da575b/out/vs/workbench/api/node/extensionHostProcess.js:72:12638)
	at /home/aa/.vscode-server/bin/5e805b79fcb6ba4c2d23712967df89a089da575b/out/vs/workbench/api/node/extensionHostProcess.js:72:11925
	at f.invoke (/home/aa/.vscode-server/bin/5e805b79fcb6ba4c2d23712967df89a089da575b/out/vs/workbench/api/node/extensionHostProcess.js:63:145)
	at m.deliver (/home/aa/.vscode-server/bin/5e805b79fcb6ba4c2d23712967df89a089da575b/out/vs/workbench/api/node/extensionHostProcess.js:63:2066)
	at d.fire (/home/aa/.vscode-server/bin/5e805b79fcb6ba4c2d23712967df89a089da575b/out/vs/workbench/api/node/extensionHostProcess.js:63:1704)
	at d.u (/home/aa/.vscode-server/bin/5e805b79fcb6ba4c2d23712967df89a089da575b/out/vs/workbench/api/node/extensionHostProcess.js:72:28911)
	at d.acceptFrame (/home/aa/.vscode-server/bin/5e805b79fcb6ba4c2d23712967df89a089da575b/out/vs/workbench/api/node/extensionHostProcess.js:72:28717)
	at f.l (/home/aa/.vscode-server/bin/5e805b79fcb6ba4c2d23712967df89a089da575b/out/vs/workbench/api/node/extensionHostProcess.js:72:27304)
	at /home/aa/.vscode-server/bin/5e805b79fcb6ba4c2d23712967df89a089da575b/out/vs/workbench/api/node/extensionHostProcess.js:72:24627
	at Socket.t (/home/aa/.vscode-server/bin/5e805b79fcb6ba4c2d23712967df89a089da575b/out/vs/workbench/api/node/extensionHostProcess.js:72:22461)
	at Socket.emit (node:events:526:28)
	at addChunk (node:internal/streams/readable:315:12)
	at readableAddChunk (node:internal/streams/readable:289:9)
	at Socket.Readable.push (node:internal/streams/readable:228:10)
	at TCP.onStreamRead (node:internal/stream_base_commons:190:23) setContext undefined
2023-09-29 17:03:11.869 [error] Canceled: Canceled
	at new l (/home/aa/.vscode-server/bin/5e805b79fcb6ba4c2d23712967df89a089da575b/out/vs/workbench/api/node/extensionHostProcess.js:96:88793)
	at a.O (/home/aa/.vscode-server/bin/5e805b79fcb6ba4c2d23712967df89a089da575b/out/vs/workbench/api/node/extensionHostProcess.js:106:11260)
	at Proxy.V.<computed>.Q.charCodeAt.V.<computed> (/home/aa/.vscode-server/bin/5e805b79fcb6ba4c2d23712967df89a089da575b/out/vs/workbench/api/node/extensionHostProcess.js:106:8550)
	at c.g (/home/aa/.vscode-server/bin/5e805b79fcb6ba4c2d23712967df89a089da575b/out/vs/workbench/api/node/extensionHostProcess.js:96:108198)
	at c.executeCommand (/home/aa/.vscode-server/bin/5e805b79fcb6ba4c2d23712967df89a089da575b/out/vs/workbench/api/node/extensionHostProcess.js:96:107574)
	at N.registerCommand.description (/home/aa/.vscode-server/bin/5e805b79fcb6ba4c2d23712967df89a089da575b/out/vs/workbench/api/node/extensionHostProcess.js:96:106867)
	at c.h (/home/aa/.vscode-server/bin/5e805b79fcb6ba4c2d23712967df89a089da575b/out/vs/workbench/api/node/extensionHostProcess.js:96:108784)
	at c.g (/home/aa/.vscode-server/bin/5e805b79fcb6ba4c2d23712967df89a089da575b/out/vs/workbench/api/node/extensionHostProcess.js:96:107674)
	at c.executeCommand (/home/aa/.vscode-server/bin/5e805b79fcb6ba4c2d23712967df89a089da575b/out/vs/workbench/api/node/extensionHostProcess.js:96:107574)
	at Object.executeCommand (/home/aa/.vscode-server/bin/5e805b79fcb6ba4c2d23712967df89a089da575b/out/vs/workbench/api/node/extensionHostProcess.js:117:30781)
	at D (/home/aa/.vscode-server/bin/5e805b79fcb6ba4c2d23712967df89a089da575b/extensions/git/dist/main.js:2:1467127)
	at f.invoke (/home/aa/.vscode-server/bin/5e805b79fcb6ba4c2d23712967df89a089da575b/out/vs/workbench/api/node/extensionHostProcess.js:63:145)
	at m.deliver (/home/aa/.vscode-server/bin/5e805b79fcb6ba4c2d23712967df89a089da575b/out/vs/workbench/api/node/extensionHostProcess.js:63:2066)
	at d.fire (/home/aa/.vscode-server/bin/5e805b79fcb6ba4c2d23712967df89a089da575b/out/vs/workbench/api/node/extensionHostProcess.js:63:1704)
	at Object.m [as dispose] (/home/aa/.vscode-server/bin/5e805b79fcb6ba4c2d23712967df89a089da575b/extensions/git/dist/main.js:2:1481856)
	at /home/aa/.vscode-server/bin/5e805b79fcb6ba4c2d23712967df89a089da575b/extensions/git/dist/main.js:2:1485923
	at Array.forEach (<anonymous>)
	at g.dispose (/home/aa/.vscode-server/bin/5e805b79fcb6ba4c2d23712967df89a089da575b/extensions/git/dist/main.js:2:1485909)
	at D.<anonymous> (/home/aa/.vscode-server/bin/5e805b79fcb6ba4c2d23712967df89a089da575b/out/vs/workbench/api/node/extensionHostProcess.js:94:12431)
	at D.dispose (/home/aa/.vscode-server/bin/5e805b79fcb6ba4c2d23712967df89a089da575b/out/vs/workbench/api/node/extensionHostProcess.js:94:12566)
	at D.<anonymous> (/home/aa/.vscode-server/bin/5e805b79fcb6ba4c2d23712967df89a089da575b/extensions/git/dist/main.js:2:1469257)
	at D.dispose (/home/aa/.vscode-server/bin/5e805b79fcb6ba4c2d23712967df89a089da575b/out/vs/workbench/api/node/extensionHostProcess.js:94:12566)
	at k (/home/aa/.vscode-server/bin/5e805b79fcb6ba4c2d23712967df89a089da575b/out/vs/workbench/api/node/extensionHostProcess.js:10:12074)
	at f.X (/home/aa/.vscode-server/bin/5e805b79fcb6ba4c2d23712967df89a089da575b/out/vs/workbench/api/node/extensionHostProcess.js:108:11284)
	at /home/aa/.vscode-server/bin/5e805b79fcb6ba4c2d23712967df89a089da575b/out/vs/workbench/api/node/extensionHostProcess.js:108:9088
	at Array.map (<anonymous>)
	at f.Q (/home/aa/.vscode-server/bin/5e805b79fcb6ba4c2d23712967df89a089da575b/out/vs/workbench/api/node/extensionHostProcess.js:108:9075)
	at f.terminate (/home/aa/.vscode-server/bin/5e805b79fcb6ba4c2d23712967df89a089da575b/out/vs/workbench/api/node/extensionHostProcess.js:108:9347)
	at u.terminate (/home/aa/.vscode-server/bin/5e805b79fcb6ba4c2d23712967df89a089da575b/out/vs/workbench/api/node/extensionHostProcess.js:112:1397)
	at p (/home/aa/.vscode-server/bin/5e805b79fcb6ba4c2d23712967df89a089da575b/out/vs/workbench/api/node/extensionHostProcess.js:122:18592)
	at /home/aa/.vscode-server/bin/5e805b79fcb6ba4c2d23712967df89a089da575b/out/vs/workbench/api/node/extensionHostProcess.js:122:16502
	at f.invoke (/home/aa/.vscode-server/bin/5e805b79fcb6ba4c2d23712967df89a089da575b/out/vs/workbench/api/node/extensionHostProcess.js:63:145)
	at m.deliver (/home/aa/.vscode-server/bin/5e805b79fcb6ba4c2d23712967df89a089da575b/out/vs/workbench/api/node/extensionHostProcess.js:63:2066)
	at d.fire (/home/aa/.vscode-server/bin/5e805b79fcb6ba4c2d23712967df89a089da575b/out/vs/workbench/api/node/extensionHostProcess.js:63:1704)
	at p.fire (/home/aa/.vscode-server/bin/5e805b79fcb6ba4c2d23712967df89a089da575b/out/vs/workbench/api/node/extensionHostProcess.js:72:14907)
	at t.E (/home/aa/.vscode-server/bin/5e805b79fcb6ba4c2d23712967df89a089da575b/out/vs/workbench/api/node/extensionHostProcess.js:72:18973)
	at /home/aa/.vscode-server/bin/5e805b79fcb6ba4c2d23712967df89a089da575b/out/vs/workbench/api/node/extensionHostProcess.js:72:16961
	at f.invoke (/home/aa/.vscode-server/bin/5e805b79fcb6ba4c2d23712967df89a089da575b/out/vs/workbench/api/node/extensionHostProcess.js:63:145)
	at m.deliver (/home/aa/.vscode-server/bin/5e805b79fcb6ba4c2d23712967df89a089da575b/out/vs/workbench/api/node/extensionHostProcess.js:63:2066)
	at d.fire (/home/aa/.vscode-server/bin/5e805b79fcb6ba4c2d23712967df89a089da575b/out/vs/workbench/api/node/extensionHostProcess.js:63:1704)
	at u.acceptChunk (/home/aa/.vscode-server/bin/5e805b79fcb6ba4c2d23712967df89a089da575b/out/vs/workbench/api/node/extensionHostProcess.js:72:12638)
	at /home/aa/.vscode-server/bin/5e805b79fcb6ba4c2d23712967df89a089da575b/out/vs/workbench/api/node/extensionHostProcess.js:72:11925
	at f.invoke (/home/aa/.vscode-server/bin/5e805b79fcb6ba4c2d23712967df89a089da575b/out/vs/workbench/api/node/extensionHostProcess.js:63:145)
	at m.deliver (/home/aa/.vscode-server/bin/5e805b79fcb6ba4c2d23712967df89a089da575b/out/vs/workbench/api/node/extensionHostProcess.js:63:2066)
	at d.fire (/home/aa/.vscode-server/bin/5e805b79fcb6ba4c2d23712967df89a089da575b/out/vs/workbench/api/node/extensionHostProcess.js:63:1704)
	at d.u (/home/aa/.vscode-server/bin/5e805b79fcb6ba4c2d23712967df89a089da575b/out/vs/workbench/api/node/extensionHostProcess.js:72:28911)
	at d.acceptFrame (/home/aa/.vscode-server/bin/5e805b79fcb6ba4c2d23712967df89a089da575b/out/vs/workbench/api/node/extensionHostProcess.js:72:28717)
	at f.l (/home/aa/.vscode-server/bin/5e805b79fcb6ba4c2d23712967df89a089da575b/out/vs/workbench/api/node/extensionHostProcess.js:72:27304)
	at /home/aa/.vscode-server/bin/5e805b79fcb6ba4c2d23712967df89a089da575b/out/vs/workbench/api/node/extensionHostProcess.js:72:24627
	at Socket.t (/home/aa/.vscode-server/bin/5e805b79fcb6ba4c2d23712967df89a089da575b/out/vs/workbench/api/node/extensionHostProcess.js:72:22461)
	at Socket.emit (node:events:526:28)
	at addChunk (node:internal/streams/readable:315:12)
	at readableAddChunk (node:internal/streams/readable:289:9)
	at Socket.Readable.push (node:internal/streams/readable:228:10)
	at TCP.onStreamRead (node:internal/stream_base_commons:190:23) setContext undefined
2023-09-29 17:03:11.869 [error] Canceled: Canceled
	at new l (/home/aa/.vscode-server/bin/5e805b79fcb6ba4c2d23712967df89a089da575b/out/vs/workbench/api/node/extensionHostProcess.js:96:88793)
	at a.O (/home/aa/.vscode-server/bin/5e805b79fcb6ba4c2d23712967df89a089da575b/out/vs/workbench/api/node/extensionHostProcess.js:106:11260)
	at Proxy.V.<computed>.Q.charCodeAt.V.<computed> (/home/aa/.vscode-server/bin/5e805b79fcb6ba4c2d23712967df89a089da575b/out/vs/workbench/api/node/extensionHostProcess.js:106:8550)
	at c.g (/home/aa/.vscode-server/bin/5e805b79fcb6ba4c2d23712967df89a089da575b/out/vs/workbench/api/node/extensionHostProcess.js:96:108198)
	at c.executeCommand (/home/aa/.vscode-server/bin/5e805b79fcb6ba4c2d23712967df89a089da575b/out/vs/workbench/api/node/extensionHostProcess.js:96:107574)
	at N.registerCommand.description (/home/aa/.vscode-server/bin/5e805b79fcb6ba4c2d23712967df89a089da575b/out/vs/workbench/api/node/extensionHostProcess.js:96:106867)
	at c.h (/home/aa/.vscode-server/bin/5e805b79fcb6ba4c2d23712967df89a089da575b/out/vs/workbench/api/node/extensionHostProcess.js:96:108784)
	at c.g (/home/aa/.vscode-server/bin/5e805b79fcb6ba4c2d23712967df89a089da575b/out/vs/workbench/api/node/extensionHostProcess.js:96:107674)
	at c.executeCommand (/home/aa/.vscode-server/bin/5e805b79fcb6ba4c2d23712967df89a089da575b/out/vs/workbench/api/node/extensionHostProcess.js:96:107574)
	at Object.executeCommand (/home/aa/.vscode-server/bin/5e805b79fcb6ba4c2d23712967df89a089da575b/out/vs/workbench/api/node/extensionHostProcess.js:117:30781)
	at D (/home/aa/.vscode-server/bin/5e805b79fcb6ba4c2d23712967df89a089da575b/extensions/git/dist/main.js:2:1467127)
	at f.invoke (/home/aa/.vscode-server/bin/5e805b79fcb6ba4c2d23712967df89a089da575b/out/vs/workbench/api/node/extensionHostProcess.js:63:145)
	at m.deliver (/home/aa/.vscode-server/bin/5e805b79fcb6ba4c2d23712967df89a089da575b/out/vs/workbench/api/node/extensionHostProcess.js:63:2066)
	at d.fire (/home/aa/.vscode-server/bin/5e805b79fcb6ba4c2d23712967df89a089da575b/out/vs/workbench/api/node/extensionHostProcess.js:63:1704)
	at Object.m [as dispose] (/home/aa/.vscode-server/bin/5e805b79fcb6ba4c2d23712967df89a089da575b/extensions/git/dist/main.js:2:1481856)
	at /home/aa/.vscode-server/bin/5e805b79fcb6ba4c2d23712967df89a089da575b/extensions/git/dist/main.js:2:1485923
	at Array.forEach (<anonymous>)
	at g.dispose (/home/aa/.vscode-server/bin/5e805b79fcb6ba4c2d23712967df89a089da575b/extensions/git/dist/main.js:2:1485909)
	at D.<anonymous> (/home/aa/.vscode-server/bin/5e805b79fcb6ba4c2d23712967df89a089da575b/out/vs/workbench/api/node/extensionHostProcess.js:94:12431)
	at D.dispose (/home/aa/.vscode-server/bin/5e805b79fcb6ba4c2d23712967df89a089da575b/out/vs/workbench/api/node/extensionHostProcess.js:94:12566)
	at D.<anonymous> (/home/aa/.vscode-server/bin/5e805b79fcb6ba4c2d23712967df89a089da575b/extensions/git/dist/main.js:2:1469257)
	at D.dispose (/home/aa/.vscode-server/bin/5e805b79fcb6ba4c2d23712967df89a089da575b/out/vs/workbench/api/node/extensionHostProcess.js:94:12566)
	at k (/home/aa/.vscode-server/bin/5e805b79fcb6ba4c2d23712967df89a089da575b/out/vs/workbench/api/node/extensionHostProcess.js:10:12074)
	at f.X (/home/aa/.vscode-server/bin/5e805b79fcb6ba4c2d23712967df89a089da575b/out/vs/workbench/api/node/extensionHostProcess.js:108:11284)
	at /home/aa/.vscode-server/bin/5e805b79fcb6ba4c2d23712967df89a089da575b/out/vs/workbench/api/node/extensionHostProcess.js:108:9088
	at Array.map (<anonymous>)
	at f.Q (/home/aa/.vscode-server/bin/5e805b79fcb6ba4c2d23712967df89a089da575b/out/vs/workbench/api/node/extensionHostProcess.js:108:9075)
	at f.terminate (/home/aa/.vscode-server/bin/5e805b79fcb6ba4c2d23712967df89a089da575b/out/vs/workbench/api/node/extensionHostProcess.js:108:9347)
	at u.terminate (/home/aa/.vscode-server/bin/5e805b79fcb6ba4c2d23712967df89a089da575b/out/vs/workbench/api/node/extensionHostProcess.js:112:1397)
	at p (/home/aa/.vscode-server/bin/5e805b79fcb6ba4c2d23712967df89a089da575b/out/vs/workbench/api/node/extensionHostProcess.js:122:18592)
	at /home/aa/.vscode-server/bin/5e805b79fcb6ba4c2d23712967df89a089da575b/out/vs/workbench/api/node/extensionHostProcess.js:122:16502
	at f.invoke (/home/aa/.vscode-server/bin/5e805b79fcb6ba4c2d23712967df89a089da575b/out/vs/workbench/api/node/extensionHostProcess.js:63:145)
	at m.deliver (/home/aa/.vscode-server/bin/5e805b79fcb6ba4c2d23712967df89a089da575b/out/vs/workbench/api/node/extensionHostProcess.js:63:2066)
	at d.fire (/home/aa/.vscode-server/bin/5e805b79fcb6ba4c2d23712967df89a089da575b/out/vs/workbench/api/node/extensionHostProcess.js:63:1704)
	at p.fire (/home/aa/.vscode-server/bin/5e805b79fcb6ba4c2d23712967df89a089da575b/out/vs/workbench/api/node/extensionHostProcess.js:72:14907)
	at t.E (/home/aa/.vscode-server/bin/5e805b79fcb6ba4c2d23712967df89a089da575b/out/vs/workbench/api/node/extensionHostProcess.js:72:18973)
	at /home/aa/.vscode-server/bin/5e805b79fcb6ba4c2d23712967df89a089da575b/out/vs/workbench/api/node/extensionHostProcess.js:72:16961
	at f.invoke (/home/aa/.vscode-server/bin/5e805b79fcb6ba4c2d23712967df89a089da575b/out/vs/workbench/api/node/extensionHostProcess.js:63:145)
	at m.deliver (/home/aa/.vscode-server/bin/5e805b79fcb6ba4c2d23712967df89a089da575b/out/vs/workbench/api/node/extensionHostProcess.js:63:2066)
	at d.fire (/home/aa/.vscode-server/bin/5e805b79fcb6ba4c2d23712967df89a089da575b/out/vs/workbench/api/node/extensionHostProcess.js:63:1704)
	at u.acceptChunk (/home/aa/.vscode-server/bin/5e805b79fcb6ba4c2d23712967df89a089da575b/out/vs/workbench/api/node/extensionHostProcess.js:72:12638)
	at /home/aa/.vscode-server/bin/5e805b79fcb6ba4c2d23712967df89a089da575b/out/vs/workbench/api/node/extensionHostProcess.js:72:11925
	at f.invoke (/home/aa/.vscode-server/bin/5e805b79fcb6ba4c2d23712967df89a089da575b/out/vs/workbench/api/node/extensionHostProcess.js:63:145)
	at m.deliver (/home/aa/.vscode-server/bin/5e805b79fcb6ba4c2d23712967df89a089da575b/out/vs/workbench/api/node/extensionHostProcess.js:63:2066)
	at d.fire (/home/aa/.vscode-server/bin/5e805b79fcb6ba4c2d23712967df89a089da575b/out/vs/workbench/api/node/extensionHostProcess.js:63:1704)
	at d.u (/home/aa/.vscode-server/bin/5e805b79fcb6ba4c2d23712967df89a089da575b/out/vs/workbench/api/node/extensionHostProcess.js:72:28911)
	at d.acceptFrame (/home/aa/.vscode-server/bin/5e805b79fcb6ba4c2d23712967df89a089da575b/out/vs/workbench/api/node/extensionHostProcess.js:72:28717)
	at f.l (/home/aa/.vscode-server/bin/5e805b79fcb6ba4c2d23712967df89a089da575b/out/vs/workbench/api/node/extensionHostProcess.js:72:27304)
	at /home/aa/.vscode-server/bin/5e805b79fcb6ba4c2d23712967df89a089da575b/out/vs/workbench/api/node/extensionHostProcess.js:72:24627
	at Socket.t (/home/aa/.vscode-server/bin/5e805b79fcb6ba4c2d23712967df89a089da575b/out/vs/workbench/api/node/extensionHostProcess.js:72:22461)
	at Socket.emit (node:events:526:28)
	at addChunk (node:internal/streams/readable:315:12)
	at readableAddChunk (node:internal/streams/readable:289:9)
	at Socket.Readable.push (node:internal/streams/readable:228:10)
	at TCP.onStreamRead (node:internal/stream_base_commons:190:23) setContext undefined
2023-09-29 17:03:11.869 [error] Canceled: Canceled
	at new l (/home/aa/.vscode-server/bin/5e805b79fcb6ba4c2d23712967df89a089da575b/out/vs/workbench/api/node/extensionHostProcess.js:96:88793)
	at a.O (/home/aa/.vscode-server/bin/5e805b79fcb6ba4c2d23712967df89a089da575b/out/vs/workbench/api/node/extensionHostProcess.js:106:11260)
	at Proxy.V.<computed>.Q.charCodeAt.V.<computed> (/home/aa/.vscode-server/bin/5e805b79fcb6ba4c2d23712967df89a089da575b/out/vs/workbench/api/node/extensionHostProcess.js:106:8550)
	at c.g (/home/aa/.vscode-server/bin/5e805b79fcb6ba4c2d23712967df89a089da575b/out/vs/workbench/api/node/extensionHostProcess.js:96:108198)
	at c.executeCommand (/home/aa/.vscode-server/bin/5e805b79fcb6ba4c2d23712967df89a089da575b/out/vs/workbench/api/node/extensionHostProcess.js:96:107574)
	at N.registerCommand.description (/home/aa/.vscode-server/bin/5e805b79fcb6ba4c2d23712967df89a089da575b/out/vs/workbench/api/node/extensionHostProcess.js:96:106867)
	at c.h (/home/aa/.vscode-server/bin/5e805b79fcb6ba4c2d23712967df89a089da575b/out/vs/workbench/api/node/extensionHostProcess.js:96:108784)
	at c.g (/home/aa/.vscode-server/bin/5e805b79fcb6ba4c2d23712967df89a089da575b/out/vs/workbench/api/node/extensionHostProcess.js:96:107674)
	at c.executeCommand (/home/aa/.vscode-server/bin/5e805b79fcb6ba4c2d23712967df89a089da575b/out/vs/workbench/api/node/extensionHostProcess.js:96:107574)
	at Object.executeCommand (/home/aa/.vscode-server/bin/5e805b79fcb6ba4c2d23712967df89a089da575b/out/vs/workbench/api/node/extensionHostProcess.js:117:30781)
	at D (/home/aa/.vscode-server/bin/5e805b79fcb6ba4c2d23712967df89a089da575b/extensions/git/dist/main.js:2:1467127)
	at f.invoke (/home/aa/.vscode-server/bin/5e805b79fcb6ba4c2d23712967df89a089da575b/out/vs/workbench/api/node/extensionHostProcess.js:63:145)
	at m.deliver (/home/aa/.vscode-server/bin/5e805b79fcb6ba4c2d23712967df89a089da575b/out/vs/workbench/api/node/extensionHostProcess.js:63:2066)
	at d.fire (/home/aa/.vscode-server/bin/5e805b79fcb6ba4c2d23712967df89a089da575b/out/vs/workbench/api/node/extensionHostProcess.js:63:1704)
	at Object.m [as dispose] (/home/aa/.vscode-server/bin/5e805b79fcb6ba4c2d23712967df89a089da575b/extensions/git/dist/main.js:2:1481856)
	at /home/aa/.vscode-server/bin/5e805b79fcb6ba4c2d23712967df89a089da575b/extensions/git/dist/main.js:2:1485923
	at Array.forEach (<anonymous>)
	at g.dispose (/home/aa/.vscode-server/bin/5e805b79fcb6ba4c2d23712967df89a089da575b/extensions/git/dist/main.js:2:1485909)
	at D.<anonymous> (/home/aa/.vscode-server/bin/5e805b79fcb6ba4c2d23712967df89a089da575b/out/vs/workbench/api/node/extensionHostProcess.js:94:12431)
	at D.dispose (/home/aa/.vscode-server/bin/5e805b79fcb6ba4c2d23712967df89a089da575b/out/vs/workbench/api/node/extensionHostProcess.js:94:12566)
	at D.<anonymous> (/home/aa/.vscode-server/bin/5e805b79fcb6ba4c2d23712967df89a089da575b/extensions/git/dist/main.js:2:1469257)
	at D.dispose (/home/aa/.vscode-server/bin/5e805b79fcb6ba4c2d23712967df89a089da575b/out/vs/workbench/api/node/extensionHostProcess.js:94:12566)
	at k (/home/aa/.vscode-server/bin/5e805b79fcb6ba4c2d23712967df89a089da575b/out/vs/workbench/api/node/extensionHostProcess.js:10:12074)
	at f.X (/home/aa/.vscode-server/bin/5e805b79fcb6ba4c2d23712967df89a089da575b/out/vs/workbench/api/node/extensionHostProcess.js:108:11284)
	at /home/aa/.vscode-server/bin/5e805b79fcb6ba4c2d23712967df89a089da575b/out/vs/workbench/api/node/extensionHostProcess.js:108:9088
	at Array.map (<anonymous>)
	at f.Q (/home/aa/.vscode-server/bin/5e805b79fcb6ba4c2d23712967df89a089da575b/out/vs/workbench/api/node/extensionHostProcess.js:108:9075)
	at f.terminate (/home/aa/.vscode-server/bin/5e805b79fcb6ba4c2d23712967df89a089da575b/out/vs/workbench/api/node/extensionHostProcess.js:108:9347)
	at u.terminate (/home/aa/.vscode-server/bin/5e805b79fcb6ba4c2d23712967df89a089da575b/out/vs/workbench/api/node/extensionHostProcess.js:112:1397)
	at p (/home/aa/.vscode-server/bin/5e805b79fcb6ba4c2d23712967df89a089da575b/out/vs/workbench/api/node/extensionHostProcess.js:122:18592)
	at /home/aa/.vscode-server/bin/5e805b79fcb6ba4c2d23712967df89a089da575b/out/vs/workbench/api/node/extensionHostProcess.js:122:16502
	at f.invoke (/home/aa/.vscode-server/bin/5e805b79fcb6ba4c2d23712967df89a089da575b/out/vs/workbench/api/node/extensionHostProcess.js:63:145)
	at m.deliver (/home/aa/.vscode-server/bin/5e805b79fcb6ba4c2d23712967df89a089da575b/out/vs/workbench/api/node/extensionHostProcess.js:63:2066)
	at d.fire (/home/aa/.vscode-server/bin/5e805b79fcb6ba4c2d23712967df89a089da575b/out/vs/workbench/api/node/extensionHostProcess.js:63:1704)
	at p.fire (/home/aa/.vscode-server/bin/5e805b79fcb6ba4c2d23712967df89a089da575b/out/vs/workbench/api/node/extensionHostProcess.js:72:14907)
	at t.E (/home/aa/.vscode-server/bin/5e805b79fcb6ba4c2d23712967df89a089da575b/out/vs/workbench/api/node/extensionHostProcess.js:72:18973)
	at /home/aa/.vscode-server/bin/5e805b79fcb6ba4c2d23712967df89a089da575b/out/vs/workbench/api/node/extensionHostProcess.js:72:16961
	at f.invoke (/home/aa/.vscode-server/bin/5e805b79fcb6ba4c2d23712967df89a089da575b/out/vs/workbench/api/node/extensionHostProcess.js:63:145)
	at m.deliver (/home/aa/.vscode-server/bin/5e805b79fcb6ba4c2d23712967df89a089da575b/out/vs/workbench/api/node/extensionHostProcess.js:63:2066)
	at d.fire (/home/aa/.vscode-server/bin/5e805b79fcb6ba4c2d23712967df89a089da575b/out/vs/workbench/api/node/extensionHostProcess.js:63:1704)
	at u.acceptChunk (/home/aa/.vscode-server/bin/5e805b79fcb6ba4c2d23712967df89a089da575b/out/vs/workbench/api/node/extensionHostProcess.js:72:12638)
	at /home/aa/.vscode-server/bin/5e805b79fcb6ba4c2d23712967df89a089da575b/out/vs/workbench/api/node/extensionHostProcess.js:72:11925
	at f.invoke (/home/aa/.vscode-server/bin/5e805b79fcb6ba4c2d23712967df89a089da575b/out/vs/workbench/api/node/extensionHostProcess.js:63:145)
	at m.deliver (/home/aa/.vscode-server/bin/5e805b79fcb6ba4c2d23712967df89a089da575b/out/vs/workbench/api/node/extensionHostProcess.js:63:2066)
	at d.fire (/home/aa/.vscode-server/bin/5e805b79fcb6ba4c2d23712967df89a089da575b/out/vs/workbench/api/node/extensionHostProcess.js:63:1704)
	at d.u (/home/aa/.vscode-server/bin/5e805b79fcb6ba4c2d23712967df89a089da575b/out/vs/workbench/api/node/extensionHostProcess.js:72:28911)
	at d.acceptFrame (/home/aa/.vscode-server/bin/5e805b79fcb6ba4c2d23712967df89a089da575b/out/vs/workbench/api/node/extensionHostProcess.js:72:28717)
	at f.l (/home/aa/.vscode-server/bin/5e805b79fcb6ba4c2d23712967df89a089da575b/out/vs/workbench/api/node/extensionHostProcess.js:72:27304)
	at /home/aa/.vscode-server/bin/5e805b79fcb6ba4c2d23712967df89a089da575b/out/vs/workbench/api/node/extensionHostProcess.js:72:24627
	at Socket.t (/home/aa/.vscode-server/bin/5e805b79fcb6ba4c2d23712967df89a089da575b/out/vs/workbench/api/node/extensionHostProcess.js:72:22461)
	at Socket.emit (node:events:526:28)
	at addChunk (node:internal/streams/readable:315:12)
	at readableAddChunk (node:internal/streams/readable:289:9)
	at Socket.Readable.push (node:internal/streams/readable:228:10)
	at TCP.onStreamRead (node:internal/stream_base_commons:190:23) setContext undefined
2023-09-29 17:03:11.870 [error] Canceled: Canceled
	at new l (/home/aa/.vscode-server/bin/5e805b79fcb6ba4c2d23712967df89a089da575b/out/vs/workbench/api/node/extensionHostProcess.js:96:88793)
	at a.O (/home/aa/.vscode-server/bin/5e805b79fcb6ba4c2d23712967df89a089da575b/out/vs/workbench/api/node/extensionHostProcess.js:106:11260)
	at Proxy.V.<computed>.Q.charCodeAt.V.<computed> (/home/aa/.vscode-server/bin/5e805b79fcb6ba4c2d23712967df89a089da575b/out/vs/workbench/api/node/extensionHostProcess.js:106:8550)
	at c.g (/home/aa/.vscode-server/bin/5e805b79fcb6ba4c2d23712967df89a089da575b/out/vs/workbench/api/node/extensionHostProcess.js:96:108198)
	at c.executeCommand (/home/aa/.vscode-server/bin/5e805b79fcb6ba4c2d23712967df89a089da575b/out/vs/workbench/api/node/extensionHostProcess.js:96:107574)
	at N.registerCommand.description (/home/aa/.vscode-server/bin/5e805b79fcb6ba4c2d23712967df89a089da575b/out/vs/workbench/api/node/extensionHostProcess.js:96:106867)
	at c.h (/home/aa/.vscode-server/bin/5e805b79fcb6ba4c2d23712967df89a089da575b/out/vs/workbench/api/node/extensionHostProcess.js:96:108784)
	at c.g (/home/aa/.vscode-server/bin/5e805b79fcb6ba4c2d23712967df89a089da575b/out/vs/workbench/api/node/extensionHostProcess.js:96:107674)
	at c.executeCommand (/home/aa/.vscode-server/bin/5e805b79fcb6ba4c2d23712967df89a089da575b/out/vs/workbench/api/node/extensionHostProcess.js:96:107574)
	at Object.executeCommand (/home/aa/.vscode-server/bin/5e805b79fcb6ba4c2d23712967df89a089da575b/out/vs/workbench/api/node/extensionHostProcess.js:117:30781)
	at D (/home/aa/.vscode-server/bin/5e805b79fcb6ba4c2d23712967df89a089da575b/extensions/git/dist/main.js:2:1467127)
	at f.invoke (/home/aa/.vscode-server/bin/5e805b79fcb6ba4c2d23712967df89a089da575b/out/vs/workbench/api/node/extensionHostProcess.js:63:145)
	at m.deliver (/home/aa/.vscode-server/bin/5e805b79fcb6ba4c2d23712967df89a089da575b/out/vs/workbench/api/node/extensionHostProcess.js:63:2066)
	at d.fire (/home/aa/.vscode-server/bin/5e805b79fcb6ba4c2d23712967df89a089da575b/out/vs/workbench/api/node/extensionHostProcess.js:63:1704)
	at Object.m [as dispose] (/home/aa/.vscode-server/bin/5e805b79fcb6ba4c2d23712967df89a089da575b/extensions/git/dist/main.js:2:1481856)
	at /home/aa/.vscode-server/bin/5e805b79fcb6ba4c2d23712967df89a089da575b/extensions/git/dist/main.js:2:1485923
	at Array.forEach (<anonymous>)
	at g.dispose (/home/aa/.vscode-server/bin/5e805b79fcb6ba4c2d23712967df89a089da575b/extensions/git/dist/main.js:2:1485909)
	at D.<anonymous> (/home/aa/.vscode-server/bin/5e805b79fcb6ba4c2d23712967df89a089da575b/out/vs/workbench/api/node/extensionHostProcess.js:94:12431)
	at D.dispose (/home/aa/.vscode-server/bin/5e805b79fcb6ba4c2d23712967df89a089da575b/out/vs/workbench/api/node/extensionHostProcess.js:94:12566)
	at D.<anonymous> (/home/aa/.vscode-server/bin/5e805b79fcb6ba4c2d23712967df89a089da575b/extensions/git/dist/main.js:2:1469257)
	at D.dispose (/home/aa/.vscode-server/bin/5e805b79fcb6ba4c2d23712967df89a089da575b/out/vs/workbench/api/node/extensionHostProcess.js:94:12566)
	at k (/home/aa/.vscode-server/bin/5e805b79fcb6ba4c2d23712967df89a089da575b/out/vs/workbench/api/node/extensionHostProcess.js:10:12074)
	at f.X (/home/aa/.vscode-server/bin/5e805b79fcb6ba4c2d23712967df89a089da575b/out/vs/workbench/api/node/extensionHostProcess.js:108:11284)
	at /home/aa/.vscode-server/bin/5e805b79fcb6ba4c2d23712967df89a089da575b/out/vs/workbench/api/node/extensionHostProcess.js:108:9088
	at Array.map (<anonymous>)
	at f.Q (/home/aa/.vscode-server/bin/5e805b79fcb6ba4c2d23712967df89a089da575b/out/vs/workbench/api/node/extensionHostProcess.js:108:9075)
	at f.terminate (/home/aa/.vscode-server/bin/5e805b79fcb6ba4c2d23712967df89a089da575b/out/vs/workbench/api/node/extensionHostProcess.js:108:9347)
	at u.terminate (/home/aa/.vscode-server/bin/5e805b79fcb6ba4c2d23712967df89a089da575b/out/vs/workbench/api/node/extensionHostProcess.js:112:1397)
	at p (/home/aa/.vscode-server/bin/5e805b79fcb6ba4c2d23712967df89a089da575b/out/vs/workbench/api/node/extensionHostProcess.js:122:18592)
	at /home/aa/.vscode-server/bin/5e805b79fcb6ba4c2d23712967df89a089da575b/out/vs/workbench/api/node/extensionHostProcess.js:122:16502
	at f.invoke (/home/aa/.vscode-server/bin/5e805b79fcb6ba4c2d23712967df89a089da575b/out/vs/workbench/api/node/extensionHostProcess.js:63:145)
	at m.deliver (/home/aa/.vscode-server/bin/5e805b79fcb6ba4c2d23712967df89a089da575b/out/vs/workbench/api/node/extensionHostProcess.js:63:2066)
	at d.fire (/home/aa/.vscode-server/bin/5e805b79fcb6ba4c2d23712967df89a089da575b/out/vs/workbench/api/node/extensionHostProcess.js:63:1704)
	at p.fire (/home/aa/.vscode-server/bin/5e805b79fcb6ba4c2d23712967df89a089da575b/out/vs/workbench/api/node/extensionHostProcess.js:72:14907)
	at t.E (/home/aa/.vscode-server/bin/5e805b79fcb6ba4c2d23712967df89a089da575b/out/vs/workbench/api/node/extensionHostProcess.js:72:18973)
	at /home/aa/.vscode-server/bin/5e805b79fcb6ba4c2d23712967df89a089da575b/out/vs/workbench/api/node/extensionHostProcess.js:72:16961
	at f.invoke (/home/aa/.vscode-server/bin/5e805b79fcb6ba4c2d23712967df89a089da575b/out/vs/workbench/api/node/extensionHostProcess.js:63:145)
	at m.deliver (/home/aa/.vscode-server/bin/5e805b79fcb6ba4c2d23712967df89a089da575b/out/vs/workbench/api/node/extensionHostProcess.js:63:2066)
	at d.fire (/home/aa/.vscode-server/bin/5e805b79fcb6ba4c2d23712967df89a089da575b/out/vs/workbench/api/node/extensionHostProcess.js:63:1704)
	at u.acceptChunk (/home/aa/.vscode-server/bin/5e805b79fcb6ba4c2d23712967df89a089da575b/out/vs/workbench/api/node/extensionHostProcess.js:72:12638)
	at /home/aa/.vscode-server/bin/5e805b79fcb6ba4c2d23712967df89a089da575b/out/vs/workbench/api/node/extensionHostProcess.js:72:11925
	at f.invoke (/home/aa/.vscode-server/bin/5e805b79fcb6ba4c2d23712967df89a089da575b/out/vs/workbench/api/node/extensionHostProcess.js:63:145)
	at m.deliver (/home/aa/.vscode-server/bin/5e805b79fcb6ba4c2d23712967df89a089da575b/out/vs/workbench/api/node/extensionHostProcess.js:63:2066)
	at d.fire (/home/aa/.vscode-server/bin/5e805b79fcb6ba4c2d23712967df89a089da575b/out/vs/workbench/api/node/extensionHostProcess.js:63:1704)
	at d.u (/home/aa/.vscode-server/bin/5e805b79fcb6ba4c2d23712967df89a089da575b/out/vs/workbench/api/node/extensionHostProcess.js:72:28911)
	at d.acceptFrame (/home/aa/.vscode-server/bin/5e805b79fcb6ba4c2d23712967df89a089da575b/out/vs/workbench/api/node/extensionHostProcess.js:72:28717)
	at f.l (/home/aa/.vscode-server/bin/5e805b79fcb6ba4c2d23712967df89a089da575b/out/vs/workbench/api/node/extensionHostProcess.js:72:27304)
	at /home/aa/.vscode-server/bin/5e805b79fcb6ba4c2d23712967df89a089da575b/out/vs/workbench/api/node/extensionHostProcess.js:72:24627
	at Socket.t (/home/aa/.vscode-server/bin/5e805b79fcb6ba4c2d23712967df89a089da575b/out/vs/workbench/api/node/extensionHostProcess.js:72:22461)
	at Socket.emit (node:events:526:28)
	at addChunk (node:internal/streams/readable:315:12)
	at readableAddChunk (node:internal/streams/readable:289:9)
	at Socket.Readable.push (node:internal/streams/readable:228:10)
	at TCP.onStreamRead (node:internal/stream_base_commons:190:23) setContext undefined
2023-09-29 17:03:11.882 [info] Extension host with pid 6156 exiting with code 0
